#
# There is insufficient memory for the Java Runtime Environment to continue.
# Native memory allocation (malloc) failed to allocate 782016 bytes for Chunk::new
# Possible reasons:
#   The system is out of physical RAM or swap space
#   The process is running with CompressedOops enabled, and the Java Heap may be blocking the growth of the native heap
# Possible solutions:
#   Reduce memory load on the system
#   Increase physical memory or swap space
#   Check if swap backing store is full
#   Decrease Java heap size (-Xmx/-Xms)
#   Decrease number of Java threads
#   Decrease Java thread stack sizes (-Xss)
#   Set larger code cache with -XX:ReservedCodeCacheSize=
#   JVM is running with Unscaled Compressed Oops mode in which the Java heap is
#     placed in the first 4GB address space. The Java Heap base address is the
#     maximum limit for the native heap growth. Please use -XX:HeapBaseMinAddress
#     to set the Java Heap base and to place the Java Heap above 4GB virtual address.
# This output file may be truncated or incomplete.
#
#  Out of Memory Error (allocation.cpp:389), pid=19344, tid=0x00000000000028fc
#
# JRE version: OpenJDK Runtime Environment (8.0_202-b03) (build 1.8.0_202-release-1483-b03)
# Java VM: OpenJDK 64-Bit Server VM (25.202-b03 mixed mode windows-amd64 compressed oops)
# Failed to write core dump. Minidumps are not enabled by default on client versions of Windows
#

---------------  T H R E A D  ---------------

Current thread (0x000000001675b800):  JavaThread "C2 CompilerThread0" daemon [_thread_in_native, id=10492, stack(0x0000000018240000,0x0000000018340000)]

Stack: [0x0000000018240000,0x0000000018340000]
[error occurred during error reporting (printing stack bounds), id 0xc0000005]

Native frames: (J=compiled Java code, j=interpreted, Vv=VM code, C=native code)


Current CompileTask:
C2: 171020 19653 %     4       com.android.tools.r8.ir.regalloc.LinearScanRegisterAllocator::a @ 911 (3743 bytes)


---------------  P R O C E S S  ---------------

Java Threads: ( => current thread )
  0x0000000021bfc800 JavaThread "RMI TCP Connection(idle)" daemon [_thread_blocked, id=2300, stack(0x0000000027150000,0x0000000027250000)]
  0x0000000021bff800 JavaThread "RMI Reaper" [_thread_blocked, id=13164, stack(0x0000000027050000,0x0000000027150000)]
  0x0000000021bfd000 JavaThread "RMI TCP Accept-0" daemon [_thread_in_native, id=18068, stack(0x0000000026f50000,0x0000000027050000)]
  0x0000000021bfe800 JavaThread "GC Daemon" daemon [_thread_blocked, id=21032, stack(0x0000000026e50000,0x0000000026f50000)]
  0x0000000021bfe000 JavaThread "RMI Scheduler(0)" daemon [_thread_blocked, id=15100, stack(0x0000000026c50000,0x0000000026d50000)]
  0x0000000019a01800 JavaThread "stdout" [_thread_in_native, id=19364, stack(0x0000000026750000,0x0000000026850000)]
  0x0000000019a01000 JavaThread "stderr" [_thread_in_native, id=20572, stack(0x0000000026650000,0x0000000026750000)]
  0x0000000019a00000 JavaThread "stdout" [_thread_in_native, id=9628, stack(0x0000000026550000,0x0000000026650000)]
  0x00000000199f8800 JavaThread "stderr" [_thread_in_native, id=21260, stack(0x0000000026450000,0x0000000026550000)]
  0x00000000199ff800 JavaThread "stdout" [_thread_in_native, id=15376, stack(0x0000000026350000,0x0000000026450000)]
  0x00000000199f8000 JavaThread "stderr" [_thread_in_native, id=14532, stack(0x0000000026250000,0x0000000026350000)]
  0x00000000199fe800 JavaThread "stdout" [_thread_in_native, id=8020, stack(0x0000000026150000,0x0000000026250000)]
  0x00000000199fe000 JavaThread "stderr" [_thread_in_native, id=19052, stack(0x0000000026050000,0x0000000026150000)]
  0x00000000199f6800 JavaThread "pool-3-thread-1" [_thread_blocked, id=1820, stack(0x0000000025f50000,0x0000000026050000)]
  0x00000000199f5800 JavaThread "MarlinRenderer Disposer" daemon [_thread_blocked, id=9648, stack(0x0000000025c50000,0x0000000025d50000)]
  0x00000000199fc800 JavaThread "Java2D Disposer" daemon [_thread_blocked, id=18824, stack(0x0000000025b50000,0x0000000025c50000)]
  0x00000000199f5000 JavaThread "WorkerExecutor Queue Thread 4" [_thread_blocked, id=11124, stack(0x0000000025850000,0x0000000025950000)]
  0x00000000199fb800 JavaThread "WorkerExecutor Queue Thread 3" [_thread_blocked, id=11284, stack(0x0000000025650000,0x0000000025750000)]
  0x00000000199f4000 JavaThread "WorkerExecutor Queue Thread 2" [_thread_in_native, id=12736, stack(0x0000000025550000,0x0000000025650000)]
  0x00000000199fb000 JavaThread "WorkerExecutor Queue" [_thread_in_native, id=2124, stack(0x0000000025450000,0x0000000025550000)]
  0x00000000199fa000 JavaThread "Cache worker for execution history cache (C:\Users\hanca\AndroidStudioProjects\KPU_T\.gradle\5.4.1\executionHistory)" [_thread_blocked, id=10016, stack(0x0000000025150000,0x0000000025250000)]
  0x000000001929a800 JavaThread "Execution worker for ':' Thread 3" [_thread_blocked, id=20196, stack(0x0000000025050000,0x0000000025150000)]
  0x000000001e23a800 JavaThread "Execution worker for ':' Thread 2" [_thread_blocked, id=1512, stack(0x0000000024f50000,0x0000000025050000)]
  0x000000001e23a000 JavaThread "Execution worker for ':'" [_thread_in_native, id=18668, stack(0x0000000024e50000,0x0000000024f50000)]
  0x000000001e239000 JavaThread "Cache worker for file content cache (C:\Users\hanca\AndroidStudioProjects\KPU_T\.gradle\5.4.1\fileContent)" [_thread_blocked, id=17424, stack(0x0000000024b50000,0x0000000024c50000)]
  0x000000001e238800 JavaThread "Cache worker for file content cache (C:\Users\hanca\.gradle\caches\5.4.1\fileContent)" [_thread_blocked, id=16420, stack(0x0000000024a50000,0x0000000024b50000)]
  0x000000001e23c000 JavaThread "Cache worker for Build Output Cleanup Cache (C:\Users\hanca\AndroidStudioProjects\KPU_T\.gradle\buildOutputCleanup)" [_thread_blocked, id=16084, stack(0x0000000024750000,0x0000000024850000)]
  0x000000001e237000 JavaThread "pool-2-thread-1" [_thread_blocked, id=19724, stack(0x0000000024650000,0x0000000024750000)]
  0x000000001e23b800 JavaThread "Build operations Thread 4" [_thread_blocked, id=5332, stack(0x0000000024550000,0x0000000024650000)]
  0x000000001e236000 JavaThread "Build operations Thread 3" [_thread_blocked, id=18820, stack(0x0000000022310000,0x0000000022410000)]
  0x000000001e237800 JavaThread "Build operations Thread 2" [_thread_blocked, id=20292, stack(0x0000000022210000,0x0000000022310000)]
  0x000000001e22e800 JavaThread "Build operations" [_thread_blocked, id=20224, stack(0x0000000020940000,0x0000000020a40000)]
  0x000000001e235800 JavaThread "Cache worker for cache directory md-rule (C:\Users\hanca\.gradle\caches\5.4.1\md-rule)" [_thread_blocked, id=16028, stack(0x0000000020a60000,0x0000000020b60000)]
  0x000000001e22e000 JavaThread "Cache worker for cache directory md-supplier (C:\Users\hanca\.gradle\caches\5.4.1\md-supplier)" [_thread_blocked, id=17268, stack(0x0000000020840000,0x0000000020940000)]
  0x000000001e234800 JavaThread "Cache worker for file hash cache (C:\Users\hanca\AndroidStudioProjects\KPU_T\.gradle\5.4.1\fileHashes)" [_thread_blocked, id=18336, stack(0x000000001e960000,0x000000001ea60000)]
  0x000000001e234000 JavaThread "Thread-30" [_thread_blocked, id=3860, stack(0x000000001e860000,0x000000001e960000)]
  0x000000001e231800 JavaThread "Asynchronous log dispatcher for DefaultDaemonConnection: socket connection from /127.0.0.1:53535 to /127.0.0.1:53574" [_thread_blocked, id=20192, stack(0x0000000017b40000,0x0000000017c40000)]
  0x000000001e233000 JavaThread "Cancel handler" [_thread_blocked, id=3892, stack(0x0000000000fb0000,0x00000000010b0000)]
  0x000000001e232800 JavaThread "Handler for socket connection from /127.0.0.1:53535 to /127.0.0.1:53574" [_thread_in_native, id=20180, stack(0x0000000000eb0000,0x0000000000fb0000)]
  0x000000001e231000 JavaThread "Memory manager" [_thread_blocked, id=8896, stack(0x0000000022e30000,0x0000000022f30000)]
  0x000000001e22d000 JavaThread "Cache worker for execution history cache (C:\Users\hanca\.gradle\caches\5.4.1\executionHistory)" [_thread_blocked, id=4912, stack(0x0000000020540000,0x0000000020640000)]
  0x000000001929f000 JavaThread "Cache worker for journal cache (C:\Users\hanca\.gradle\caches\journal-1)" [_thread_blocked, id=16944, stack(0x000000001b1f0000,0x000000001b2f0000)]
  0x000000001929c000 JavaThread "File lock request listener" [_thread_in_native, id=20580, stack(0x000000001aef0000,0x000000001aff0000)]
  0x000000001929b800 JavaThread "Cache worker for file hash cache (C:\Users\hanca\.gradle\caches\5.4.1\fileHashes)" [_thread_blocked, id=9652, stack(0x000000001adf0000,0x000000001aef0000)]
  0x0000000018c8e000 JavaThread "Daemon worker" [_thread_blocked, id=14732, stack(0x000000001a9f0000,0x000000001aaf0000)]
  0x0000000018b7d800 JavaThread "Daemon" [_thread_blocked, id=8628, stack(0x000000001a4f0000,0x000000001a5f0000)]
  0x0000000018a8a800 JavaThread "Daemon periodic checks" [_thread_blocked, id=14252, stack(0x000000001a3f0000,0x000000001a4f0000)]
  0x0000000017f80000 JavaThread "Incoming local TCP Connector on port 53535" [_thread_in_native, id=4268, stack(0x000000001a210000,0x000000001a310000)]
  0x00000000194f0800 JavaThread "Daemon health stats" [_thread_blocked, id=4824, stack(0x0000000019f10000,0x000000001a010000)]
  0x0000000017ca1000 JavaThread "Service Thread" daemon [_thread_blocked, id=20448, stack(0x0000000018540000,0x0000000018640000)]
  0x0000000017c51000 JavaThread "C1 CompilerThread2" daemon [_thread_blocked, id=16484, stack(0x0000000018440000,0x0000000018540000)]
  0x0000000016762800 JavaThread "C2 CompilerThread1" daemon [_thread_blocked, id=20636, stack(0x0000000018340000,0x0000000018440000)]
=>0x000000001675b800 JavaThread "C2 CompilerThread0" daemon [_thread_in_native, id=10492, stack(0x0000000018240000,0x0000000018340000)]
  0x00000000167a7800 JavaThread "Attach Listener" daemon [_thread_blocked, id=4512, stack(0x0000000018140000,0x0000000018240000)]
  0x0000000017c50800 JavaThread "Signal Dispatcher" daemon [_thread_blocked, id=9024, stack(0x0000000018040000,0x0000000018140000)]
  0x0000000002dd5000 JavaThread "Finalizer" daemon [_thread_blocked, id=6084, stack(0x00000000179b0000,0x0000000017ab0000)]
  0x0000000016739000 JavaThread "Reference Handler" daemon [_thread_blocked, id=10764, stack(0x00000000178b0000,0x00000000179b0000)]
  0x0000000000d8e000 JavaThread "main" [_thread_blocked, id=20296, stack(0x0000000002be0000,0x0000000002ce0000)]

Other Threads:
  0x0000000016716000 VMThread [stack: 0x00000000177b0000,0x00000000178b0000] [id=19652]
  0x0000000017ca1800 WatcherThread [stack: 0x0000000018640000,0x0000000018740000] [id=11344]

VM state:not at safepoint (normal execution)

VM Mutex/Monitor currently owned by a thread: None

heap address: 0x00000000a0000000, size: 1536 MB, Compressed Oops mode: 32-bit
Narrow klass base: 0x0000000000000000, Narrow klass shift: 3
Compressed class space size: 1073741824 Address: 0x0000000100000000

Heap:
 PSYoungGen      total 484352K, used 210495K [0x00000000e0000000, 0x00000000ffd80000, 0x0000000100000000)
  eden space 450048K, 44% used [0x00000000e0000000,0x00000000ec59aa18,0x00000000fb780000)
  from space 34304K, 23% used [0x00000000fdc00000,0x00000000fe3f5508,0x00000000ffd80000)
  to   space 35840K, 0% used [0x00000000fb780000,0x00000000fb780000,0x00000000fda80000)
 ParOldGen       total 203776K, used 81626K [0x00000000a0000000, 0x00000000ac700000, 0x00000000e0000000)
  object space 203776K, 40% used [0x00000000a0000000,0x00000000a4fb6a00,0x00000000ac700000)
 Metaspace       used 87906K, capacity 91316K, committed 91608K, reserved 1128448K
  class space    used 11330K, capacity 12001K, committed 12032K, reserved 1048576K

Card table byte_map: [0x00000000121a0000,0x00000000124b0000] byte_map_base: 0x0000000011ca0000

Marking Bits: (ParMarkBitMap*) 0x000000006f049f30
 Begin Bits: [0x0000000012ab0000, 0x00000000142b0000)
 End Bits:   [0x00000000142b0000, 0x0000000015ab0000)

Polling page: 0x0000000000cf0000

CodeCache: size=245760Kb used=53359Kb max_used=55089Kb free=192400Kb
 bounds [0x0000000002de0000, 0x0000000006430000, 0x0000000011de0000]
 total_blobs=15476 nmethods=14502 adapters=884
 compilation: enabled

Compilation events (10 events):
Event: 171.005 Thread 0x0000000017c51000 19657       3       com.google.common.hash.ChecksumHashFunction::newHasher (22 bytes)
Event: 171.006 Thread 0x0000000017c51000 nmethod 19657 0x000000000447a150 code [0x000000000447a340, 0x000000000447ad38]
Event: 171.006 Thread 0x0000000017c51000 19658       3       com.google.common.hash.Hashing$ChecksumType$1::get (5 bytes)
Event: 171.006 Thread 0x0000000017c51000 nmethod 19658 0x0000000005701a90 code [0x0000000005701c00, 0x0000000005701f30]
Event: 171.006 Thread 0x0000000017c51000 19659       3       com.google.common.hash.Hashing$ChecksumType$1::get (8 bytes)
Event: 171.006 Thread 0x0000000017c51000 nmethod 19659 0x0000000002f096d0 code [0x0000000002f09840, 0x0000000002f09a90]
Event: 171.006 Thread 0x0000000017c51000 19660       3       com.google.common.hash.ChecksumHashFunction$ChecksumHasher::<init> (7 bytes)
Event: 171.007 Thread 0x0000000017c51000 nmethod 19660 0x0000000006224c10 code [0x0000000006224de0, 0x0000000006225548]
Event: 171.011 Thread 0x0000000017c51000 19661       1       org.gradle.internal.work.DefaultConditionalExecutionQueue::access$700 (5 bytes)
Event: 171.011 Thread 0x0000000017c51000 nmethod 19661 0x000000000544e410 code [0x000000000544e560, 0x000000000544e650]

GC Heap History (10 events):
Event: 141.661 GC heap before
{Heap before GC invocations=26 (full 4):
 PSYoungGen      total 398336K, used 393872K [0x00000000e0000000, 0x00000000fe780000, 0x0000000100000000)
  eden space 366080K, 100% used [0x00000000e0000000,0x00000000f6580000,0x00000000f6580000)
  from space 32256K, 86% used [0x00000000f6580000,0x00000000f80a41e0,0x00000000f8500000)
  to   space 35840K, 0% used [0x00000000fc480000,0x00000000fc480000,0x00000000fe780000)
 ParOldGen       total 203776K, used 77102K [0x00000000a0000000, 0x00000000ac700000, 0x00000000e0000000)
  object space 203776K, 37% used [0x00000000a0000000,0x00000000a4b4b9e0,0x00000000ac700000)
 Metaspace       used 87451K, capacity 90748K, committed 91096K, reserved 1128448K
  class space    used 11281K, capacity 11911K, committed 12032K, reserved 1048576K
Event: 141.906 GC heap after
Heap after GC invocations=26 (full 4):
 PSYoungGen      total 460288K, used 29076K [0x00000000e0000000, 0x00000000ffe00000, 0x0000000100000000)
  eden space 424448K, 0% used [0x00000000e0000000,0x00000000e0000000,0x00000000f9e80000)
  from space 35840K, 81% used [0x00000000fc480000,0x00000000fe0e5180,0x00000000fe780000)
  to   space 38912K, 0% used [0x00000000f9e80000,0x00000000f9e80000,0x00000000fc480000)
 ParOldGen       total 203776K, used 77102K [0x00000000a0000000, 0x00000000ac700000, 0x00000000e0000000)
  object space 203776K, 37% used [0x00000000a0000000,0x00000000a4b4b9e0,0x00000000ac700000)
 Metaspace       used 87451K, capacity 90748K, committed 91096K, reserved 1128448K
  class space    used 11281K, capacity 11911K, committed 12032K, reserved 1048576K
}
Event: 154.014 GC heap before
{Heap before GC invocations=27 (full 4):
 PSYoungGen      total 460288K, used 453524K [0x00000000e0000000, 0x00000000ffe00000, 0x0000000100000000)
  eden space 424448K, 100% used [0x00000000e0000000,0x00000000f9e80000,0x00000000f9e80000)
  from space 35840K, 81% used [0x00000000fc480000,0x00000000fe0e5180,0x00000000fe780000)
  to   space 38912K, 0% used [0x00000000f9e80000,0x00000000f9e80000,0x00000000fc480000)
 ParOldGen       total 203776K, used 77102K [0x00000000a0000000, 0x00000000ac700000, 0x00000000e0000000)
  object space 203776K, 37% used [0x00000000a0000000,0x00000000a4b4b9e0,0x00000000ac700000)
 Metaspace       used 87476K, capacity 90812K, committed 91096K, reserved 1128448K
  class space    used 11282K, capacity 11911K, committed 12032K, reserved 1048576K
Event: 154.078 GC heap after
Heap after GC invocations=27 (full 4):
 PSYoungGen      total 463360K, used 21412K [0x00000000e0000000, 0x0000000100000000, 0x0000000100000000)
  eden space 424448K, 0% used [0x00000000e0000000,0x00000000e0000000,0x00000000f9e80000)
  from space 38912K, 55% used [0x00000000f9e80000,0x00000000fb3690d8,0x00000000fc480000)
  to   space 38400K, 0% used [0x00000000fda80000,0x00000000fda80000,0x0000000100000000)
 ParOldGen       total 203776K, used 81370K [0x00000000a0000000, 0x00000000ac700000, 0x00000000e0000000)
  object space 203776K, 39% used [0x00000000a0000000,0x00000000a4f76a00,0x00000000ac700000)
 Metaspace       used 87476K, capacity 90812K, committed 91096K, reserved 1128448K
  class space    used 11282K, capacity 11911K, committed 12032K, reserved 1048576K
}
Event: 157.700 GC heap before
{Heap before GC invocations=28 (full 4):
 PSYoungGen      total 463360K, used 445860K [0x00000000e0000000, 0x0000000100000000, 0x0000000100000000)
  eden space 424448K, 100% used [0x00000000e0000000,0x00000000f9e80000,0x00000000f9e80000)
  from space 38912K, 55% used [0x00000000f9e80000,0x00000000fb3690d8,0x00000000fc480000)
  to   space 38400K, 0% used [0x00000000fda80000,0x00000000fda80000,0x0000000100000000)
 ParOldGen       total 203776K, used 81370K [0x00000000a0000000, 0x00000000ac700000, 0x00000000e0000000)
  object space 203776K, 39% used [0x00000000a0000000,0x00000000a4f76a00,0x00000000ac700000)
 Metaspace       used 87495K, capacity 90812K, committed 91096K, reserved 1128448K
  class space    used 11284K, capacity 11911K, committed 12032K, reserved 1048576K
Event: 157.716 GC heap after
Heap after GC invocations=28 (full 4):
 PSYoungGen      total 482816K, used 10474K [0x00000000e0000000, 0x00000000ffd80000, 0x0000000100000000)
  eden space 446976K, 0% used [0x00000000e0000000,0x00000000e0000000,0x00000000fb480000)
  from space 35840K, 29% used [0x00000000fda80000,0x00000000fe4ba950,0x00000000ffd80000)
  to   space 37376K, 0% used [0x00000000fb480000,0x00000000fb480000,0x00000000fd900000)
 ParOldGen       total 203776K, used 81618K [0x00000000a0000000, 0x00000000ac700000, 0x00000000e0000000)
  object space 203776K, 40% used [0x00000000a0000000,0x00000000a4fb4a00,0x00000000ac700000)
 Metaspace       used 87495K, capacity 90812K, committed 91096K, reserved 1128448K
  class space    used 11284K, capacity 11911K, committed 12032K, reserved 1048576K
}
Event: 159.834 GC heap before
{Heap before GC invocations=29 (full 4):
 PSYoungGen      total 482816K, used 457450K [0x00000000e0000000, 0x00000000ffd80000, 0x0000000100000000)
  eden space 446976K, 100% used [0x00000000e0000000,0x00000000fb480000,0x00000000fb480000)
  from space 35840K, 29% used [0x00000000fda80000,0x00000000fe4ba950,0x00000000ffd80000)
  to   space 37376K, 0% used [0x00000000fb480000,0x00000000fb480000,0x00000000fd900000)
 ParOldGen       total 203776K, used 81618K [0x00000000a0000000, 0x00000000ac700000, 0x00000000e0000000)
  object space 203776K, 40% used [0x00000000a0000000,0x00000000a4fb4a00,0x00000000ac700000)
 Metaspace       used 87523K, capacity 90812K, committed 91096K, reserved 1128448K
  class space    used 11284K, capacity 11911K, committed 12032K, reserved 1048576K
Event: 159.864 GC heap after
Heap after GC invocations=29 (full 4):
 PSYoungGen      total 484352K, used 8980K [0x00000000e0000000, 0x0000000100000000, 0x0000000100000000)
  eden space 446976K, 0% used [0x00000000e0000000,0x00000000e0000000,0x00000000fb480000)
  from space 37376K, 24% used [0x00000000fb480000,0x00000000fbd45090,0x00000000fd900000)
  to   space 36864K, 0% used [0x00000000fdc00000,0x00000000fdc00000,0x0000000100000000)
 ParOldGen       total 203776K, used 81618K [0x00000000a0000000, 0x00000000ac700000, 0x00000000e0000000)
  object space 203776K, 40% used [0x00000000a0000000,0x00000000a4fb4a00,0x00000000ac700000)
 Metaspace       used 87523K, capacity 90812K, committed 91096K, reserved 1128448K
  class space    used 11284K, capacity 11911K, committed 12032K, reserved 1048576K
}
Event: 167.564 GC heap before
{Heap before GC invocations=30 (full 4):
 PSYoungGen      total 484352K, used 455956K [0x00000000e0000000, 0x0000000100000000, 0x0000000100000000)
  eden space 446976K, 100% used [0x00000000e0000000,0x00000000fb480000,0x00000000fb480000)
  from space 37376K, 24% used [0x00000000fb480000,0x00000000fbd45090,0x00000000fd900000)
  to   space 36864K, 0% used [0x00000000fdc00000,0x00000000fdc00000,0x0000000100000000)
 ParOldGen       total 203776K, used 81618K [0x00000000a0000000, 0x00000000ac700000, 0x00000000e0000000)
  object space 203776K, 40% used [0x00000000a0000000,0x00000000a4fb4a00,0x00000000ac700000)
 Metaspace       used 87805K, capacity 91174K, committed 91352K, reserved 1128448K
  class space    used 11328K, capacity 11998K, committed 12032K, reserved 1048576K
Event: 167.785 GC heap after
Heap after GC invocations=30 (full 4):
 PSYoungGen      total 484352K, used 8149K [0x00000000e0000000, 0x00000000ffd80000, 0x0000000100000000)
  eden space 450048K, 0% used [0x00000000e0000000,0x00000000e0000000,0x00000000fb780000)
  from space 34304K, 23% used [0x00000000fdc00000,0x00000000fe3f5508,0x00000000ffd80000)
  to   space 35840K, 0% used [0x00000000fb780000,0x00000000fb780000,0x00000000fda80000)
 ParOldGen       total 203776K, used 81626K [0x00000000a0000000, 0x00000000ac700000, 0x00000000e0000000)
  object space 203776K, 40% used [0x00000000a0000000,0x00000000a4fb6a00,0x00000000ac700000)
 Metaspace       used 87805K, capacity 91174K, committed 91352K, reserved 1128448K
  class space    used 11328K, capacity 11998K, committed 12032K, reserved 1048576K
}

Deoptimization events (10 events):
Event: 166.886 Thread 0x00000000199fb800 Uncommon trap: reason=array_check action=maybe_recompile pc=0x00000000038a19a0 method=java.util.TimSort.mergeHi(IIII)V @ 524
Event: 166.886 Thread 0x00000000199fb800 Uncommon trap: reason=array_check action=maybe_recompile pc=0x00000000038a19a0 method=java.util.TimSort.mergeHi(IIII)V @ 524
Event: 166.975 Thread 0x00000000199f4000 Uncommon trap: reason=unstable_if action=reinterpret pc=0x00000000060bac1c method=com.android.build.gradle.internal.packaging.ParsedPackagingOptions.getAction(Ljava/lang/String;)Lcom/android/build/gradle/internal/packaging/PackagingFileAction; @ 117
Event: 168.225 Thread 0x00000000199f4000 Uncommon trap: reason=array_check action=maybe_recompile pc=0x0000000005545ffc method=com.google.common.collect.RegularImmutableMap.fromEntryArray(I[Ljava/util/Map$Entry;)Lcom/google/common/collect/ImmutableMap; @ 157
Event: 168.432 Thread 0x00000000199f4000 Uncommon trap: reason=array_check action=maybe_recompile pc=0x0000000005897b50 method=com.google.common.collect.RegularImmutableMap.fromEntryArray(I[Ljava/util/Map$Entry;)Lcom/google/common/collect/ImmutableMap; @ 157
Event: 168.432 Thread 0x00000000199f4000 Uncommon trap: reason=array_check action=maybe_recompile pc=0x0000000005545ffc method=com.google.common.collect.RegularImmutableMap.fromEntryArray(I[Ljava/util/Map$Entry;)Lcom/google/common/collect/ImmutableMap; @ 157
Event: 168.434 Thread 0x00000000199f4000 Uncommon trap: reason=array_check action=maybe_recompile pc=0x0000000005897b50 method=com.google.common.collect.RegularImmutableMap.fromEntryArray(I[Ljava/util/Map$Entry;)Lcom/google/common/collect/ImmutableMap; @ 157
Event: 168.773 Thread 0x00000000199f4000 Uncommon trap: reason=class_check action=maybe_recompile pc=0x0000000006059dcc method=com.android.builder.merge.LazyIncrementalFileMergerInput.getFileStatus(Ljava/lang/String;)Lcom/android/ide/common/resources/FileStatus; @ 31
Event: 168.907 Thread 0x00000000199f4000 Uncommon trap: reason=array_check action=maybe_recompile pc=0x0000000005545ffc method=com.google.common.collect.RegularImmutableMap.fromEntryArray(I[Ljava/util/Map$Entry;)Lcom/google/common/collect/ImmutableMap; @ 157
Event: 170.007 Thread 0x00000000199f5000 Uncommon trap: reason=unstable_if action=reinterpret pc=0x00000000055ded90 method=java.util.regex.Pattern$SliceU.match(Ljava/util/regex/Matcher;ILjava/lang/CharSequence;)Z @ 29

Classes redefined (0 events):
No events

Internal exceptions (10 events):
Event: 168.994 Thread 0x000000001e23a000 Exception <a 'sun/nio/fs/WindowsException'> (0x00000000ea1dd2f0) thrown at [D:\src\AOSP-openjdk-cygwin\jdk8u\hotspot\src\share\vm\prims\jni.cpp, line 710]
Event: 169.128 Thread 0x000000001e23a000 Exception <a 'sun/nio/fs/WindowsException'> (0x00000000eaa87b38) thrown at [D:\src\AOSP-openjdk-cygwin\jdk8u\hotspot\src\share\vm\prims\jni.cpp, line 710]
Event: 169.155 Thread 0x000000001e23a000 Exception <a 'sun/nio/fs/WindowsException'> (0x00000000eaaa0ae0) thrown at [D:\src\AOSP-openjdk-cygwin\jdk8u\hotspot\src\share\vm\prims\jni.cpp, line 710]
Event: 169.155 Thread 0x000000001e23a000 Exception <a 'sun/nio/fs/WindowsException'> (0x00000000eaaa1818) thrown at [D:\src\AOSP-openjdk-cygwin\jdk8u\hotspot\src\share\vm\prims\jni.cpp, line 710]
Event: 169.155 Thread 0x000000001e23a000 Exception <a 'sun/nio/fs/WindowsException'> (0x00000000eaaa3310) thrown at [D:\src\AOSP-openjdk-cygwin\jdk8u\hotspot\src\share\vm\prims\jni.cpp, line 710]
Event: 170.877 Thread 0x000000001e23a000 Exception <a 'sun/nio/fs/WindowsException'> (0x00000000eb312470) thrown at [D:\src\AOSP-openjdk-cygwin\jdk8u\hotspot\src\share\vm\prims\jni.cpp, line 710]
Event: 170.928 Thread 0x000000001e23a000 Exception <a 'sun/nio/fs/WindowsException'> (0x00000000eb347250) thrown at [D:\src\AOSP-openjdk-cygwin\jdk8u\hotspot\src\share\vm\prims\jni.cpp, line 710]
Event: 170.952 Thread 0x000000001e23a000 Exception <a 'sun/nio/fs/WindowsException'> (0x00000000eb366c68) thrown at [D:\src\AOSP-openjdk-cygwin\jdk8u\hotspot\src\share\vm\prims\jni.cpp, line 710]
Event: 170.952 Thread 0x000000001e23a000 Exception <a 'sun/nio/fs/WindowsException'> (0x00000000eb3679a0) thrown at [D:\src\AOSP-openjdk-cygwin\jdk8u\hotspot\src\share\vm\prims\jni.cpp, line 710]
Event: 170.952 Thread 0x000000001e23a000 Exception <a 'sun/nio/fs/WindowsException'> (0x00000000eb369498) thrown at [D:\src\AOSP-openjdk-cygwin\jdk8u\hotspot\src\share\vm\prims\jni.cpp, line 710]

Events (10 events):
Event: 170.011 Thread 0x0000000017c51000 flushing nmethod 0x0000000005c28bd0
Event: 170.011 Thread 0x0000000017c51000 flushing nmethod 0x0000000005ec0190
Event: 170.011 Thread 0x0000000017c51000 flushing nmethod 0x00000000060292d0
Event: 170.012 Thread 0x0000000017c51000 flushing nmethod 0x0000000006228ed0
Event: 170.012 Thread 0x0000000017c51000 flushing nmethod 0x00000000062d2a10
Event: 170.012 Thread 0x0000000017c51000 flushing nmethod 0x0000000006366f10
Event: 170.991 Thread 0x00000000199fb800 DEOPT PACKING pc=0x000000000641b399 sp=0x000000002574d730
Event: 170.991 Thread 0x00000000199fb800 DEOPT UNPACKING pc=0x0000000002e275d0 sp=0x000000002574d7a8 mode 0
Event: 171.014 Thread 0x00000000199f5000 DEOPT PACKING pc=0x000000000475f43c sp=0x000000002594ef20
Event: 171.014 Thread 0x00000000199f5000 DEOPT UNPACKING pc=0x0000000002e275d0 sp=0x000000002594ed40 mode 0


Dynamic libraries:
0x00007ff630740000 - 0x00007ff630771000 	C:\Program Files\Android\Android Studio\jre\bin\java.exe
0x00007ffd9e4a0000 - 0x00007ffd9e690000 	C:\WINDOWS\SYSTEM32\ntdll.dll
0x00007ffd9e2f0000 - 0x00007ffd9e3a2000 	C:\WINDOWS\System32\KERNEL32.DLL
0x00007ffd9b710000 - 0x00007ffd9b9b4000 	C:\WINDOWS\System32\KERNELBASE.dll
0x00007ffd9e3b0000 - 0x00007ffd9e453000 	C:\WINDOWS\System32\ADVAPI32.dll
0x00007ffd9d500000 - 0x00007ffd9d59e000 	C:\WINDOWS\System32\msvcrt.dll
0x00007ffd9d740000 - 0x00007ffd9d7d7000 	C:\WINDOWS\System32\sechost.dll
0x00007ffd9e040000 - 0x00007ffd9e160000 	C:\WINDOWS\System32\RPCRT4.dll
0x00007ffd9d890000 - 0x00007ffd9da24000 	C:\WINDOWS\System32\USER32.dll
0x00007ffd9bb30000 - 0x00007ffd9bb51000 	C:\WINDOWS\System32\win32u.dll
0x00007ffd9d150000 - 0x00007ffd9d176000 	C:\WINDOWS\System32\GDI32.dll
0x00007ffd9b420000 - 0x00007ffd9b5b6000 	C:\WINDOWS\System32\gdi32full.dll
0x00007ffd9b9c0000 - 0x00007ffd9ba5e000 	C:\WINDOWS\System32\msvcp_win.dll
0x00007ffd9b5c0000 - 0x00007ffd9b6ba000 	C:\WINDOWS\System32\ucrtbase.dll
0x00007ffd88480000 - 0x00007ffd88704000 	C:\WINDOWS\WinSxS\amd64_microsoft.windows.common-controls_6595b64144ccf1df_6.0.18362.959_none_e6c7bbbf130c62bb\COMCTL32.dll
0x00007ffd9c6a0000 - 0x00007ffd9c9d5000 	C:\WINDOWS\System32\combase.dll
0x00007ffd9bb60000 - 0x00007ffd9bbe0000 	C:\WINDOWS\System32\bcryptPrimitives.dll
0x00007ffd9d7e0000 - 0x00007ffd9d80e000 	C:\WINDOWS\System32\IMM32.DLL
0x000000006e7a0000 - 0x000000006e872000 	C:\Program Files\Android\Android Studio\jre\jre\bin\msvcr100.dll
0x000000006e880000 - 0x000000006f0c6000 	C:\Program Files\Android\Android Studio\jre\jre\bin\server\jvm.dll
0x00007ffd9d880000 - 0x00007ffd9d888000 	C:\WINDOWS\System32\PSAPI.DLL
0x00007ffd82eb0000 - 0x00007ffd82eb9000 	C:\WINDOWS\SYSTEM32\WSOCK32.dll
0x00007ffd9d650000 - 0x00007ffd9d6bf000 	C:\WINDOWS\System32\WS2_32.dll
0x00007ffd94910000 - 0x00007ffd94934000 	C:\WINDOWS\SYSTEM32\WINMM.dll
0x00007ffd8dd60000 - 0x00007ffd8dd6a000 	C:\WINDOWS\SYSTEM32\VERSION.dll
0x00007ffd948e0000 - 0x00007ffd9490d000 	C:\WINDOWS\SYSTEM32\WINMMBASE.dll
0x00007ffd9b6c0000 - 0x00007ffd9b70a000 	C:\WINDOWS\System32\cfgmgr32.dll
0x00007ffd91b60000 - 0x00007ffd91b6f000 	C:\Program Files\Android\Android Studio\jre\jre\bin\verify.dll
0x00007ffd904e0000 - 0x00007ffd90509000 	C:\Program Files\Android\Android Studio\jre\jre\bin\java.dll
0x00007ffd8b2a0000 - 0x00007ffd8b2b6000 	C:\Program Files\Android\Android Studio\jre\jre\bin\zip.dll
0x00007ffd9c9e0000 - 0x00007ffd9d0c6000 	C:\WINDOWS\System32\SHELL32.dll
0x00007ffd9d5a0000 - 0x00007ffd9d649000 	C:\WINDOWS\System32\shcore.dll
0x00007ffd9bd30000 - 0x00007ffd9c4b2000 	C:\WINDOWS\System32\windows.storage.dll
0x00007ffd9b3f0000 - 0x00007ffd9b413000 	C:\WINDOWS\System32\profapi.dll
0x00007ffd9b380000 - 0x00007ffd9b3ca000 	C:\WINDOWS\System32\powrprof.dll
0x00007ffd9b350000 - 0x00007ffd9b360000 	C:\WINDOWS\System32\UMPDC.dll
0x00007ffd9e290000 - 0x00007ffd9e2e2000 	C:\WINDOWS\System32\shlwapi.dll
0x00007ffd9b360000 - 0x00007ffd9b371000 	C:\WINDOWS\System32\kernel.appcore.dll
0x00007ffd9ba60000 - 0x00007ffd9ba77000 	C:\WINDOWS\System32\cryptsp.dll
0x00007ffd8b280000 - 0x00007ffd8b29a000 	C:\Program Files\Android\Android Studio\jre\jre\bin\net.dll
0x00007ffd9abc0000 - 0x00007ffd9ac27000 	C:\WINDOWS\system32\mswsock.dll
0x00007ffd87fd0000 - 0x00007ffd87fe1000 	C:\Program Files\Android\Android Studio\jre\jre\bin\nio.dll
0x00007ffd90550000 - 0x00007ffd90576000 	C:\Users\hanca\.gradle\native\29\windows-amd64\native-platform.dll
0x00007ffd90a30000 - 0x00007ffd90a3d000 	C:\Program Files\Android\Android Studio\jre\jre\bin\management.dll
0x00007ffd9a730000 - 0x00007ffd9a763000 	C:\WINDOWS\system32\rsaenh.dll
0x00007ffd9c4c0000 - 0x00007ffd9c4e6000 	C:\WINDOWS\System32\bcrypt.dll
0x00007ffd9b270000 - 0x00007ffd9b295000 	C:\WINDOWS\SYSTEM32\USERENV.dll
0x00007ffd9ad90000 - 0x00007ffd9ad9c000 	C:\WINDOWS\SYSTEM32\CRYPTBASE.dll
0x00007ffd9a8d0000 - 0x00007ffd9a90a000 	C:\WINDOWS\SYSTEM32\IPHLPAPI.DLL
0x00007ffd9d330000 - 0x00007ffd9d338000 	C:\WINDOWS\System32\NSI.dll
0x00007ffd8b300000 - 0x00007ffd8b316000 	C:\WINDOWS\SYSTEM32\dhcpcsvc6.DLL
0x00007ffd8b2e0000 - 0x00007ffd8b2fc000 	C:\WINDOWS\SYSTEM32\dhcpcsvc.DLL
0x00007ffd9a910000 - 0x00007ffd9a9db000 	C:\WINDOWS\SYSTEM32\DNSAPI.dll
0x00007ffd802e0000 - 0x00007ffd8047c000 	C:\Program Files\Android\Android Studio\jre\jre\bin\awt.dll
0x00007ffd9e1c0000 - 0x00007ffd9e285000 	C:\WINDOWS\System32\OLEAUT32.dll
0x00007ffd94a10000 - 0x00007ffd94fd0000 	C:\WINDOWS\SYSTEM32\d2d1.dll
0x00007ffd965f0000 - 0x00007ffd9661d000 	C:\WINDOWS\SYSTEM32\dwmapi.dll
0x00007ffd95ef0000 - 0x00007ffd95f7f000 	C:\WINDOWS\SYSTEM32\apphelp.dll
0x00007ffd961d0000 - 0x00007ffd96269000 	C:\WINDOWS\system32\uxtheme.dll
0x00007ffd9a4c0000 - 0x00007ffd9a4f1000 	C:\WINDOWS\SYSTEM32\ntmarta.dll

VM Arguments:
jvm_args: -Xmx1536m -Dfile.encoding=x-windows-949 -Duser.country=KR -Duser.language=ko -Duser.variant 
java_command: org.gradle.launcher.daemon.bootstrap.GradleDaemon 5.4.1
java_class_path (initial): C:\Users\hanca\.gradle\wrapper\dists\gradle-5.4.1-all\3221gyojl5jsh0helicew7rwx\gradle-5.4.1\lib\gradle-launcher-5.4.1.jar
Launcher Type: SUN_STANDARD

Environment Variables:
CLASSPATH=C:\Program Files\Java\jdk-12.0.2\bin
PATH=C:\WinAVR-20100110\bin;C:\WinAVR-20100110\utils\bin;C:\Program Files\MySQL\MySQL Shell 8.0\bin\;C:\Program Files (x86)\ESTsoft\ALSee\x64
USERNAME=hanca
OS=Windows_NT
PROCESSOR_IDENTIFIER=Intel64 Family 6 Model 158 Stepping 9, GenuineIntel



---------------  S Y S T E M  ---------------

OS: Windows 10.0 , 64 bit Build 18362 (10.0.18362.959)

CPU:total 4 (initial active 4) (4 cores per cpu, 1 threads per core) family 6 model 158 stepping 9, cmov, cx8, fxsr, mmx, sse, sse2, sse3, ssse3, sse4.1, sse4.2, popcnt, avx, avx2, aes, clmul, erms, 3dnowpref, lzcnt, tsc, tscinvbit, bmi1, bmi2, adx

Memory: 4k page, physical 8301016k(360440k free), swap 12495320k(720k free)

vm_info: OpenJDK 64-Bit Server VM (25.202-b03) for windows-amd64 JRE (1.8.0_202-release-1483-b03), built by "builder" with MS VC++ 10.0 (VS2010)

time: Thu Jul 23 14:58:46 2020
timezone: 대한민국 표준시
elapsed time: 171 seconds (0d 0h 2m 51s)

