#
# There is insufficient memory for the Java Runtime Environment to continue.
# Native memory allocation (malloc) failed to allocate 131088 bytes for Chunk::new
# Possible reasons:
#   The system is out of physical RAM or swap space
#   The process is running with CompressedOops enabled, and the Java Heap may be blocking the growth of the native heap
# Possible solutions:
#   Reduce memory load on the system
#   Increase physical memory or swap space
#   Check if swap backing store is full
#   Decrease Java heap size (-Xmx/-Xms)
#   Decrease number of Java threads
#   Decrease Java thread stack sizes (-Xss)
#   Set larger code cache with -XX:ReservedCodeCacheSize=
#   JVM is running with Unscaled Compressed Oops mode in which the Java heap is
#     placed in the first 4GB address space. The Java Heap base address is the
#     maximum limit for the native heap growth. Please use -XX:HeapBaseMinAddress
#     to set the Java Heap base and to place the Java Heap above 4GB virtual address.
# This output file may be truncated or incomplete.
#
#  Out of Memory Error (allocation.cpp:389), pid=15336, tid=0x0000000000000fa0
#
# JRE version: OpenJDK Runtime Environment (8.0_202-b03) (build 1.8.0_202-release-1483-b03)
# Java VM: OpenJDK 64-Bit Server VM (25.202-b03 mixed mode windows-amd64 compressed oops)
# Failed to write core dump. Minidumps are not enabled by default on client versions of Windows
#

---------------  T H R E A D  ---------------

Current thread (0x000000001600a800):  JavaThread "C2 CompilerThread0" daemon [_thread_in_native, id=4000, stack(0x0000000017950000,0x0000000017a50000)]

Stack: [0x0000000017950000,0x0000000017a50000]
[error occurred during error reporting (printing stack bounds), id 0xc0000005]

Native frames: (J=compiled Java code, j=interpreted, Vv=VM code, C=native code)


Current CompileTask:
C2: 120040 9054       4       org.gradle.internal.snapshot.impl.DirectorySnapshotter$1::addFileSnapshot (89 bytes)


---------------  P R O C E S S  ---------------

Java Threads: ( => current thread )
  0x000000001769e000 JavaThread "Cache worker for execution history cache (C:\Users\hanca\AndroidStudioProjects\KPU_T\.gradle\5.4.1\executionHistory)" [_thread_blocked, id=16264, stack(0x00000000249a0000,0x0000000024aa0000)]
  0x000000001769f800 JavaThread "Execution worker for ':' Thread 3" [_thread_blocked, id=14120, stack(0x00000000248a0000,0x00000000249a0000)]
  0x0000000017699800 JavaThread "Execution worker for ':' Thread 2" [_thread_blocked, id=5464, stack(0x00000000247a0000,0x00000000248a0000)]
  0x0000000018924800 JavaThread "Execution worker for ':'" [_thread_in_native, id=20328, stack(0x00000000246a0000,0x00000000247a0000)]
  0x000000001ba59000 JavaThread "Cache worker for file content cache (C:\Users\hanca\AndroidStudioProjects\KPU_T\.gradle\5.4.1\fileContent)" [_thread_blocked, id=21472, stack(0x00000000243a0000,0x00000000244a0000)]
  0x000000001ba58000 JavaThread "Cache worker for file content cache (C:\Users\hanca\.gradle\caches\5.4.1\fileContent)" [_thread_blocked, id=19620, stack(0x00000000242a0000,0x00000000243a0000)]
  0x000000001ba57800 JavaThread "Cache worker for Build Output Cleanup Cache (C:\Users\hanca\AndroidStudioProjects\KPU_T\.gradle\buildOutputCleanup)" [_thread_blocked, id=5472, stack(0x0000000022d20000,0x0000000022e20000)]
  0x000000001ba56800 JavaThread "pool-2-thread-1" [_thread_blocked, id=12244, stack(0x0000000021b00000,0x0000000021c00000)]
  0x000000001ba56000 JavaThread "Build operations Thread 4" [_thread_blocked, id=18548, stack(0x0000000021800000,0x0000000021900000)]
  0x000000001ba59800 JavaThread "Build operations Thread 3" [_thread_blocked, id=21116, stack(0x0000000021300000,0x0000000021400000)]
  0x000000001ba53800 JavaThread "Build operations Thread 2" [_thread_blocked, id=5652, stack(0x0000000021200000,0x0000000021300000)]
  0x000000001ba55000 JavaThread "Build operations" [_thread_blocked, id=12528, stack(0x0000000021100000,0x0000000021200000)]
  0x000000001ba4c000 JavaThread "Cache worker for cache directory md-rule (C:\Users\hanca\.gradle\caches\5.4.1\md-rule)" [_thread_blocked, id=20256, stack(0x000000001f9b0000,0x000000001fab0000)]
  0x000000001ba53000 JavaThread "Cache worker for cache directory md-supplier (C:\Users\hanca\.gradle\caches\5.4.1\md-supplier)" [_thread_blocked, id=18892, stack(0x000000001f8b0000,0x000000001f9b0000)]
  0x000000001ba4a800 JavaThread "Cache worker for file hash cache (C:\Users\hanca\AndroidStudioProjects\KPU_T\.gradle\5.4.1\fileHashes)" [_thread_blocked, id=20544, stack(0x000000001f7b0000,0x000000001f8b0000)]
  0x000000001ba4e800 JavaThread "Thread-32" [_thread_blocked, id=3936, stack(0x000000001dd10000,0x000000001de10000)]
  0x000000001ba51800 JavaThread "Stdin handler" [_thread_blocked, id=11736, stack(0x000000001c9a0000,0x000000001caa0000)]
  0x000000001ba50800 JavaThread "Asynchronous log dispatcher for DefaultDaemonConnection: socket connection from /127.0.0.1:53355 to /127.0.0.1:53433" [_thread_blocked, id=4332, stack(0x000000001a400000,0x000000001a500000)]
  0x000000001ba4d800 JavaThread "Daemon worker Thread 2" [_thread_blocked, id=9188, stack(0x000000001a100000,0x000000001a200000)]
  0x000000001ba4d000 JavaThread "Cancel handler" [_thread_blocked, id=19260, stack(0x0000000019c00000,0x0000000019d00000)]
  0x000000001ba4b800 JavaThread "Handler for socket connection from /127.0.0.1:53355 to /127.0.0.1:53433" [_thread_in_native, id=4812, stack(0x0000000001f30000,0x0000000002030000)]
  0x000000001ba4f000 JavaThread "Daemon Thread 2" [_thread_blocked, id=20584, stack(0x0000000000680000,0x0000000000780000)]
  0x000000001ba54800 JavaThread "Memory manager" [_thread_blocked, id=2560, stack(0x0000000021e00000,0x0000000021f00000)]
  0x000000001ba50000 JavaThread "Cache worker for execution history cache (C:\Users\hanca\.gradle\caches\5.4.1\executionHistory)" [_thread_blocked, id=19284, stack(0x000000001f6b0000,0x000000001f7b0000)]
  0x0000000018925000 JavaThread "Cache worker for journal cache (C:\Users\hanca\.gradle\caches\journal-1)" [_thread_blocked, id=21468, stack(0x000000001a900000,0x000000001aa00000)]
  0x0000000018927800 JavaThread "File lock request listener" [_thread_in_native, id=21120, stack(0x000000001a600000,0x000000001a700000)]
  0x0000000018923800 JavaThread "Cache worker for file hash cache (C:\Users\hanca\.gradle\caches\5.4.1\fileHashes)" [_thread_blocked, id=4500, stack(0x000000001a500000,0x000000001a600000)]
  0x000000001800b000 JavaThread "Daemon periodic checks" [_thread_blocked, id=14084, stack(0x0000000019b00000,0x0000000019c00000)]
  0x0000000018009800 JavaThread "Incoming local TCP Connector on port 53355" [_thread_in_native, id=14116, stack(0x0000000019920000,0x0000000019a20000)]
  0x0000000018fe1800 JavaThread "Daemon health stats" [_thread_blocked, id=11832, stack(0x0000000019620000,0x0000000019720000)]
  0x00000000173b1000 JavaThread "Service Thread" daemon [_thread_blocked, id=15788, stack(0x0000000017c50000,0x0000000017d50000)]
  0x00000000173ab800 JavaThread "C1 CompilerThread2" daemon [_thread_blocked, id=19788, stack(0x0000000017b50000,0x0000000017c50000)]
  0x000000001600e000 JavaThread "C2 CompilerThread1" daemon [_thread_in_native, id=10060, stack(0x0000000017a50000,0x0000000017b50000)]
=>0x000000001600a800 JavaThread "C2 CompilerThread0" daemon [_thread_in_native, id=4000, stack(0x0000000017950000,0x0000000017a50000)]
  0x0000000016008800 JavaThread "Attach Listener" daemon [_thread_blocked, id=11768, stack(0x0000000017850000,0x0000000017950000)]
  0x0000000017360800 JavaThread "Signal Dispatcher" daemon [_thread_blocked, id=19680, stack(0x0000000017750000,0x0000000017850000)]
  0x0000000002685000 JavaThread "Finalizer" daemon [_thread_blocked, id=19888, stack(0x0000000017250000,0x0000000017350000)]
  0x0000000002680800 JavaThread "Reference Handler" daemon [_thread_blocked, id=21080, stack(0x0000000017150000,0x0000000017250000)]
  0x00000000020fe000 JavaThread "main" [_thread_blocked, id=3416, stack(0x0000000002490000,0x0000000002590000)]

Other Threads:
  0x0000000015fc7000 VMThread [stack: 0x0000000017050000,0x0000000017150000] [id=18460]
  0x00000000173b2800 WatcherThread [stack: 0x0000000017d50000,0x0000000017e50000] [id=20080]

VM state:not at safepoint (normal execution)

VM Mutex/Monitor currently owned by a thread: None

heap address: 0x00000000a0000000, size: 1536 MB, Compressed Oops mode: 32-bit
Narrow klass base: 0x0000000000000000, Narrow klass shift: 3
Compressed class space size: 1073741824 Address: 0x0000000100000000

Heap:
 PSYoungGen      total 257024K, used 94622K [0x00000000e0000000, 0x00000000f4480000, 0x0000000100000000)
  eden space 239104K, 32% used [0x00000000e0000000,0x00000000e4aedbb0,0x00000000ee980000)
  from space 17920K, 99% used [0x00000000ee980000,0x00000000efaf9d20,0x00000000efb00000)
  to   space 22016K, 0% used [0x00000000f2f00000,0x00000000f2f00000,0x00000000f4480000)
 ParOldGen       total 122368K, used 45786K [0x00000000a0000000, 0x00000000a7780000, 0x00000000e0000000)
  object space 122368K, 37% used [0x00000000a0000000,0x00000000a2cb6a18,0x00000000a7780000)
 Metaspace       used 67127K, capacity 69488K, committed 69720K, reserved 1110016K
  class space    used 8754K, capacity 9267K, committed 9344K, reserved 1048576K

Card table byte_map: [0x0000000011a50000,0x0000000011d60000] byte_map_base: 0x0000000011550000

Marking Bits: (ParMarkBitMap*) 0x000000006f049f30
 Begin Bits: [0x0000000012360000, 0x0000000013b60000)
 End Bits:   [0x0000000013b60000, 0x0000000015360000)

Polling page: 0x0000000000550000

CodeCache: size=245760Kb used=25073Kb max_used=25085Kb free=220686Kb
 bounds [0x0000000002690000, 0x0000000003f40000, 0x0000000011690000]
 total_blobs=8763 nmethods=7966 adapters=709
 compilation: enabled

Compilation events (10 events):
Event: 119.921 Thread 0x000000001600a800 9049       4       org.gradle.cache.internal.btree.BTreePersistentIndexedCache$DataBlock::read (23 bytes)
Event: 119.921 Thread 0x000000001600e000 9050       4       org.gradle.internal.io.StreamByteBuffer::readFrom (57 bytes)
Event: 119.924 Thread 0x000000001600e000 nmethod 9050 0x0000000003f25b10 code [0x0000000003f25c80, 0x0000000003f25f08]
Event: 119.927 Thread 0x000000001600e000 9051       4       org.gradle.internal.snapshot.impl.DirectorySnapshotter$DefaultExcludes$EndMatcher::apply (9 bytes)
Event: 119.928 Thread 0x000000001600a800 nmethod 9049 0x0000000003f30e50 code [0x0000000003f31000, 0x0000000003f31788]
Event: 119.929 Thread 0x000000001600a800 9052       4       org.gradle.internal.snapshot.MerkleDirectorySnapshotBuilder::visit (38 bytes)
Event: 119.929 Thread 0x000000001600e000 nmethod 9051 0x0000000003f28390 code [0x0000000003f284e0, 0x0000000003f286d8]
Event: 119.929 Thread 0x000000001600e000 9053       4       org.gradle.internal.snapshot.impl.DirectorySnapshotter$1::visitFile (106 bytes)
Event: 119.932 Thread 0x000000001600a800 nmethod 9052 0x0000000003f295d0 code [0x0000000003f29740, 0x0000000003f29b38]
Event: 119.933 Thread 0x000000001600a800 9054       4       org.gradle.internal.snapshot.impl.DirectorySnapshotter$1::addFileSnapshot (89 bytes)

GC Heap History (10 events):
Event: 15.272 GC heap before
{Heap before GC invocations=12 (full 2):
 PSYoungGen      total 186880K, used 4985K [0x00000000e0000000, 0x00000000ec680000, 0x0000000100000000)
  eden space 174592K, 0% used [0x00000000e0000000,0x00000000e0000000,0x00000000eaa80000)
  from space 12288K, 40% used [0x00000000eb680000,0x00000000ebb5e408,0x00000000ec280000)
  to   space 12288K, 0% used [0x00000000eaa80000,0x00000000eaa80000,0x00000000eb680000)
 ParOldGen       total 51712K, used 14580K [0x00000000a0000000, 0x00000000a3280000, 0x00000000e0000000)
  object space 51712K, 28% used [0x00000000a0000000,0x00000000a0e3d278,0x00000000a3280000)
 Metaspace       used 34734K, capacity 35548K, committed 35748K, reserved 1081344K
  class space    used 4749K, capacity 4943K, committed 4992K, reserved 1048576K
Event: 15.347 GC heap after
Heap after GC invocations=12 (full 2):
 PSYoungGen      total 186880K, used 0K [0x00000000e0000000, 0x00000000ec680000, 0x0000000100000000)
  eden space 174592K, 0% used [0x00000000e0000000,0x00000000e0000000,0x00000000eaa80000)
  from space 12288K, 0% used [0x00000000eb680000,0x00000000eb680000,0x00000000ec280000)
  to   space 12288K, 0% used [0x00000000eaa80000,0x00000000eaa80000,0x00000000eb680000)
 ParOldGen       total 75776K, used 17652K [0x00000000a0000000, 0x00000000a4a00000, 0x00000000e0000000)
  object space 75776K, 23% used [0x00000000a0000000,0x00000000a113d350,0x00000000a4a00000)
 Metaspace       used 34723K, capacity 35512K, committed 35748K, reserved 1081344K
  class space    used 4745K, capacity 4937K, committed 4992K, reserved 1048576K
}
Event: 17.756 GC heap before
{Heap before GC invocations=13 (full 2):
 PSYoungGen      total 186880K, used 174592K [0x00000000e0000000, 0x00000000ec680000, 0x0000000100000000)
  eden space 174592K, 100% used [0x00000000e0000000,0x00000000eaa80000,0x00000000eaa80000)
  from space 12288K, 0% used [0x00000000eb680000,0x00000000eb680000,0x00000000ec280000)
  to   space 12288K, 0% used [0x00000000eaa80000,0x00000000eaa80000,0x00000000eb680000)
 ParOldGen       total 75776K, used 17652K [0x00000000a0000000, 0x00000000a4a00000, 0x00000000e0000000)
  object space 75776K, 23% used [0x00000000a0000000,0x00000000a113d350,0x00000000a4a00000)
 Metaspace       used 48392K, capacity 49550K, committed 49752K, reserved 1091584K
  class space    used 6463K, capacity 6738K, committed 6784K, reserved 1048576K
Event: 17.790 GC heap after
Heap after GC invocations=13 (full 2):
 PSYoungGen      total 186880K, used 12272K [0x00000000e0000000, 0x00000000f0c80000, 0x0000000100000000)
  eden space 174592K, 0% used [0x00000000e0000000,0x00000000e0000000,0x00000000eaa80000)
  from space 12288K, 99% used [0x00000000eaa80000,0x00000000eb67c1b8,0x00000000eb680000)
  to   space 16384K, 0% used [0x00000000efc80000,0x00000000efc80000,0x00000000f0c80000)
 ParOldGen       total 75776K, used 25175K [0x00000000a0000000, 0x00000000a4a00000, 0x00000000e0000000)
  object space 75776K, 33% used [0x00000000a0000000,0x00000000a1895ff0,0x00000000a4a00000)
 Metaspace       used 48392K, capacity 49550K, committed 49752K, reserved 1091584K
  class space    used 6463K, capacity 6738K, committed 6784K, reserved 1048576K
}
Event: 19.839 GC heap before
{Heap before GC invocations=14 (full 2):
 PSYoungGen      total 186880K, used 150694K [0x00000000e0000000, 0x00000000f0c80000, 0x0000000100000000)
  eden space 174592K, 79% used [0x00000000e0000000,0x00000000e872d9e8,0x00000000eaa80000)
  from space 12288K, 99% used [0x00000000eaa80000,0x00000000eb67c1b8,0x00000000eb680000)
  to   space 16384K, 0% used [0x00000000efc80000,0x00000000efc80000,0x00000000f0c80000)
 ParOldGen       total 75776K, used 25175K [0x00000000a0000000, 0x00000000a4a00000, 0x00000000e0000000)
  object space 75776K, 33% used [0x00000000a0000000,0x00000000a1895ff0,0x00000000a4a00000)
 Metaspace       used 57839K, capacity 59382K, committed 59580K, reserved 1101824K
  class space    used 7831K, capacity 8204K, committed 8320K, reserved 1048576K
Event: 19.862 GC heap after
Heap after GC invocations=14 (full 2):
 PSYoungGen      total 255488K, used 14266K [0x00000000e0000000, 0x00000000f0c80000, 0x0000000100000000)
  eden space 239104K, 0% used [0x00000000e0000000,0x00000000e0000000,0x00000000ee980000)
  from space 16384K, 87% used [0x00000000efc80000,0x00000000f0a6eb58,0x00000000f0c80000)
  to   space 17920K, 0% used [0x00000000ee980000,0x00000000ee980000,0x00000000efb00000)
 ParOldGen       total 75776K, used 35663K [0x00000000a0000000, 0x00000000a4a00000, 0x00000000e0000000)
  object space 75776K, 47% used [0x00000000a0000000,0x00000000a22d3d80,0x00000000a4a00000)
 Metaspace       used 57839K, capacity 59382K, committed 59580K, reserved 1101824K
  class space    used 7831K, capacity 8204K, committed 8320K, reserved 1048576K
}
Event: 19.862 GC heap before
{Heap before GC invocations=15 (full 3):
 PSYoungGen      total 255488K, used 14266K [0x00000000e0000000, 0x00000000f0c80000, 0x0000000100000000)
  eden space 239104K, 0% used [0x00000000e0000000,0x00000000e0000000,0x00000000ee980000)
  from space 16384K, 87% used [0x00000000efc80000,0x00000000f0a6eb58,0x00000000f0c80000)
  to   space 17920K, 0% used [0x00000000ee980000,0x00000000ee980000,0x00000000efb00000)
 ParOldGen       total 75776K, used 35663K [0x00000000a0000000, 0x00000000a4a00000, 0x00000000e0000000)
  object space 75776K, 47% used [0x00000000a0000000,0x00000000a22d3d80,0x00000000a4a00000)
 Metaspace       used 57839K, capacity 59382K, committed 59580K, reserved 1101824K
  class space    used 7831K, capacity 8204K, committed 8320K, reserved 1048576K
Event: 20.136 GC heap after
Heap after GC invocations=15 (full 3):
 PSYoungGen      total 255488K, used 0K [0x00000000e0000000, 0x00000000f0c80000, 0x0000000100000000)
  eden space 239104K, 0% used [0x00000000e0000000,0x00000000e0000000,0x00000000ee980000)
  from space 16384K, 0% used [0x00000000efc80000,0x00000000efc80000,0x00000000f0c80000)
  to   space 17920K, 0% used [0x00000000ee980000,0x00000000ee980000,0x00000000efb00000)
 ParOldGen       total 122368K, used 40759K [0x00000000a0000000, 0x00000000a7780000, 0x00000000e0000000)
  object space 122368K, 33% used [0x00000000a0000000,0x00000000a27cdd90,0x00000000a7780000)
 Metaspace       used 57839K, capacity 59382K, committed 59580K, reserved 1101824K
  class space    used 7831K, capacity 8204K, committed 8320K, reserved 1048576K
}
Event: 112.904 GC heap before
{Heap before GC invocations=16 (full 3):
 PSYoungGen      total 255488K, used 239104K [0x00000000e0000000, 0x00000000f0c80000, 0x0000000100000000)
  eden space 239104K, 100% used [0x00000000e0000000,0x00000000ee980000,0x00000000ee980000)
  from space 16384K, 0% used [0x00000000efc80000,0x00000000efc80000,0x00000000f0c80000)
  to   space 17920K, 0% used [0x00000000ee980000,0x00000000ee980000,0x00000000efb00000)
 ParOldGen       total 122368K, used 40759K [0x00000000a0000000, 0x00000000a7780000, 0x00000000e0000000)
  object space 122368K, 33% used [0x00000000a0000000,0x00000000a27cdd90,0x00000000a7780000)
 Metaspace       used 66891K, capacity 69172K, committed 69464K, reserved 1110016K
  class space    used 8750K, capacity 9235K, committed 9344K, reserved 1048576K
Event: 112.937 GC heap after
Heap after GC invocations=16 (full 3):
 PSYoungGen      total 257024K, used 17895K [0x00000000e0000000, 0x00000000f4480000, 0x0000000100000000)
  eden space 239104K, 0% used [0x00000000e0000000,0x00000000e0000000,0x00000000ee980000)
  from space 17920K, 99% used [0x00000000ee980000,0x00000000efaf9d20,0x00000000efb00000)
  to   space 22016K, 0% used [0x00000000f2f00000,0x00000000f2f00000,0x00000000f4480000)
 ParOldGen       total 122368K, used 45786K [0x00000000a0000000, 0x00000000a7780000, 0x00000000e0000000)
  object space 122368K, 37% used [0x00000000a0000000,0x00000000a2cb6a18,0x00000000a7780000)
 Metaspace       used 66891K, capacity 69172K, committed 69464K, reserved 1110016K
  class space    used 8750K, capacity 9235K, committed 9344K, reserved 1048576K
}

Deoptimization events (10 events):
Event: 112.663 Thread 0x000000001ba4d800 Uncommon trap: reason=class_check action=maybe_recompile pc=0x0000000003d0db50 method=org.gradle.api.internal.artifacts.transform.DefaultTransformationDependency.hashCode()I @ 4
Event: 112.663 Thread 0x000000001ba4d800 Uncommon trap: reason=class_check action=maybe_recompile pc=0x0000000003d0db50 method=org.gradle.api.internal.artifacts.transform.DefaultTransformationDependency.hashCode()I @ 4
Event: 112.663 Thread 0x000000001ba4d800 Uncommon trap: reason=class_check action=maybe_recompile pc=0x0000000003d0db50 method=org.gradle.api.internal.artifacts.transform.DefaultTransformationDependency.hashCode()I @ 4
Event: 112.663 Thread 0x000000001ba4d800 Uncommon trap: reason=class_check action=maybe_recompile pc=0x0000000003d0db50 method=org.gradle.api.internal.artifacts.transform.DefaultTransformationDependency.hashCode()I @ 4
Event: 112.937 Thread 0x0000000002680800 Uncommon trap: reason=unstable_if action=reinterpret pc=0x0000000002be65f8 method=java.lang.ref.Reference.tryHandlePending(Z)Z @ 20
Event: 112.997 Thread 0x000000001ba50000 Uncommon trap: reason=unstable_if action=reinterpret pc=0x0000000003ade288 method=com.google.common.collect.MapMakerInternalMap$Segment.drainKeyReferenceQueue(Ljava/lang/ref/ReferenceQueue;)V @ 8
Event: 118.429 Thread 0x000000001ba4d800 Uncommon trap: reason=unstable_if action=reinterpret pc=0x0000000003b19fec method=java.util.concurrent.ConcurrentLinkedQueue.offer(Ljava/lang/Object;)Z @ 91
Event: 118.533 Thread 0x000000001769f800 Uncommon trap: reason=unstable_if action=reinterpret pc=0x00000000039ed0d4 method=org.gradle.internal.time.MonotonicClock.advance(J)J @ 25
Event: 119.787 Thread 0x0000000018924800 Uncommon trap: reason=unstable_if action=reinterpret pc=0x0000000003ea7b50 method=org.gradle.api.internal.changedetection.state.CachingFileHasher.snapshot(Ljava/io/File;JJ)Lorg/gradle/api/internal/changedetection/state/CachingFileHasher$FileInfo; @ 59
Event: 119.817 Thread 0x0000000018924800 Uncommon trap: reason=unstable_if action=reinterpret pc=0x0000000003ea8af8 method=org.gradle.api.internal.changedetection.state.CachingFileHasher.snapshot(Ljava/io/File;JJ)Lorg/gradle/api/internal/changedetection/state/CachingFileHasher$FileInfo; @ 59

Classes redefined (0 events):
No events

Internal exceptions (10 events):
Event: 111.936 Thread 0x000000001ba4d800 Exception <a 'java/lang/ClassNotFoundException': com/android/build/gradle/tasks/MergeResources_DecoratedBeanInfo> (0x00000000ecfb9380) thrown at [D:\src\AOSP-openjdk-cygwin\jdk8u\hotspot\src\share\vm\classfile\systemDictionary.cpp, line 210]
Event: 111.936 Thread 0x000000001ba4d800 Exception <a 'java/lang/ClassNotFoundException': com/android/build/gradle/tasks/MergeResourcesBeanInfo> (0x00000000ecfd4998) thrown at [D:\src\AOSP-openjdk-cygwin\jdk8u\hotspot\src\share\vm\classfile\systemDictionary.cpp, line 210]
Event: 111.937 Thread 0x000000001ba4d800 Exception <a 'java/lang/ClassNotFoundException': com/android/build/gradle/tasks/ResourceAwareTaskBeanInfo> (0x00000000ecff0bd0) thrown at [D:\src\AOSP-openjdk-cygwin\jdk8u\hotspot\src\share\vm\classfile\systemDictionary.cpp, line 210]
Event: 111.937 Thread 0x000000001ba4d800 Exception <a 'java/lang/ClassNotFoundException': com/android/build/gradle/internal/tasks/IncrementalTaskBeanInfo> (0x00000000ed00ee00) thrown at [D:\src\AOSP-openjdk-cygwin\jdk8u\hotspot\src\share\vm\classfile\systemDictionary.cpp, line 210]
Event: 111.938 Thread 0x000000001ba4d800 Exception <a 'java/lang/ClassNotFoundException': com/android/build/gradle/internal/tasks/AndroidVariantTaskBeanInfo> (0x00000000ed02d688) thrown at [D:\src\AOSP-openjdk-cygwin\jdk8u\hotspot\src\share\vm\classfile\systemDictionary.cpp, line 210]
Event: 111.938 Thread 0x000000001ba4d800 Exception <a 'java/lang/ClassNotFoundException': com/android/build/gradle/internal/tasks/AndroidVariantTaskCustomizer> (0x00000000ed04d0b8) thrown at [D:\src\AOSP-openjdk-cygwin\jdk8u\hotspot\src\share\vm\classfile\systemDictionary.cpp, line 210]
Event: 111.942 Thread 0x000000001ba4d800 Exception <a 'java/lang/ClassNotFoundException': com/android/build/gradle/internal/tasks/IncrementalTaskCustomizer> (0x00000000ed07bfe8) thrown at [D:\src\AOSP-openjdk-cygwin\jdk8u\hotspot\src\share\vm\classfile\systemDictionary.cpp, line 210]
Event: 111.943 Thread 0x000000001ba4d800 Exception <a 'java/lang/ClassNotFoundException': com/android/build/gradle/tasks/ResourceAwareTaskCustomizer> (0x00000000ed0aa300) thrown at [D:\src\AOSP-openjdk-cygwin\jdk8u\hotspot\src\share\vm\classfile\systemDictionary.cpp, line 210]
Event: 111.943 Thread 0x000000001ba4d800 Exception <a 'java/lang/ClassNotFoundException': com/android/build/gradle/tasks/MergeResourcesCustomizer> (0x00000000ed0e5710) thrown at [D:\src\AOSP-openjdk-cygwin\jdk8u\hotspot\src\share\vm\classfile\systemDictionary.cpp, line 210]
Event: 111.945 Thread 0x000000001ba4d800 Exception <a 'java/lang/ClassNotFoundException': com/android/build/gradle/tasks/MergeResources_DecoratedCustomizer> (0x00000000ed135060) thrown at [D:\src\AOSP-openjdk-cygwin\jdk8u\hotspot\src\share\vm\classfile\systemDictionary.cpp, line 210]

Events (10 events):
Event: 119.755 loading class org/gradle/internal/snapshot/impl/AbstractSetSnapshot
Event: 119.755 loading class org/gradle/internal/snapshot/impl/AbstractSetSnapshot done
Event: 119.787 Thread 0x0000000018924800 Uncommon trap: trap_request=0xffffff65 fr.pc=0x0000000003ea7b50
Event: 119.787 Thread 0x0000000018924800 DEOPT PACKING pc=0x0000000003ea7b50 sp=0x000000002479d070
Event: 119.787 Thread 0x0000000018924800 DEOPT UNPACKING pc=0x00000000026d557b sp=0x000000002479cfd8 mode 2
Event: 119.795 loading class org/gradle/cache/internal/btree/FileBackedBlockStore$1
Event: 119.795 loading class org/gradle/cache/internal/btree/FileBackedBlockStore$1 done
Event: 119.817 Thread 0x0000000018924800 Uncommon trap: trap_request=0xffffff65 fr.pc=0x0000000003ea8af8
Event: 119.817 Thread 0x0000000018924800 DEOPT PACKING pc=0x0000000003ea8af8 sp=0x000000002479cfd0
Event: 119.817 Thread 0x0000000018924800 DEOPT UNPACKING pc=0x00000000026d557b sp=0x000000002479cfd0 mode 2


Dynamic libraries:
0x00007ff630740000 - 0x00007ff630771000 	C:\Program Files\Android\Android Studio\jre\bin\java.exe
0x00007ffd9e4a0000 - 0x00007ffd9e690000 	C:\WINDOWS\SYSTEM32\ntdll.dll
0x00007ffd9e2f0000 - 0x00007ffd9e3a2000 	C:\WINDOWS\System32\KERNEL32.DLL
0x00007ffd9b710000 - 0x00007ffd9b9b4000 	C:\WINDOWS\System32\KERNELBASE.dll
0x00007ffd9e3b0000 - 0x00007ffd9e453000 	C:\WINDOWS\System32\ADVAPI32.dll
0x00007ffd9d500000 - 0x00007ffd9d59e000 	C:\WINDOWS\System32\msvcrt.dll
0x00007ffd9d740000 - 0x00007ffd9d7d7000 	C:\WINDOWS\System32\sechost.dll
0x00007ffd9e040000 - 0x00007ffd9e160000 	C:\WINDOWS\System32\RPCRT4.dll
0x00007ffd9d890000 - 0x00007ffd9da24000 	C:\WINDOWS\System32\USER32.dll
0x00007ffd9bb30000 - 0x00007ffd9bb51000 	C:\WINDOWS\System32\win32u.dll
0x00007ffd9d150000 - 0x00007ffd9d176000 	C:\WINDOWS\System32\GDI32.dll
0x00007ffd9b420000 - 0x00007ffd9b5b6000 	C:\WINDOWS\System32\gdi32full.dll
0x00007ffd9b9c0000 - 0x00007ffd9ba5e000 	C:\WINDOWS\System32\msvcp_win.dll
0x00007ffd9b5c0000 - 0x00007ffd9b6ba000 	C:\WINDOWS\System32\ucrtbase.dll
0x00007ffd88480000 - 0x00007ffd88704000 	C:\WINDOWS\WinSxS\amd64_microsoft.windows.common-controls_6595b64144ccf1df_6.0.18362.959_none_e6c7bbbf130c62bb\COMCTL32.dll
0x00007ffd9c6a0000 - 0x00007ffd9c9d5000 	C:\WINDOWS\System32\combase.dll
0x00007ffd9bb60000 - 0x00007ffd9bbe0000 	C:\WINDOWS\System32\bcryptPrimitives.dll
0x00007ffd9d7e0000 - 0x00007ffd9d80e000 	C:\WINDOWS\System32\IMM32.DLL
0x000000006e7a0000 - 0x000000006e872000 	C:\Program Files\Android\Android Studio\jre\jre\bin\msvcr100.dll
0x000000006e880000 - 0x000000006f0c6000 	C:\Program Files\Android\Android Studio\jre\jre\bin\server\jvm.dll
0x00007ffd9d880000 - 0x00007ffd9d888000 	C:\WINDOWS\System32\PSAPI.DLL
0x00007ffd82eb0000 - 0x00007ffd82eb9000 	C:\WINDOWS\SYSTEM32\WSOCK32.dll
0x00007ffd9d650000 - 0x00007ffd9d6bf000 	C:\WINDOWS\System32\WS2_32.dll
0x00007ffd94910000 - 0x00007ffd94934000 	C:\WINDOWS\SYSTEM32\WINMM.dll
0x00007ffd8dd60000 - 0x00007ffd8dd6a000 	C:\WINDOWS\SYSTEM32\VERSION.dll
0x00007ffd948e0000 - 0x00007ffd9490d000 	C:\WINDOWS\SYSTEM32\WINMMBASE.dll
0x00007ffd9b6c0000 - 0x00007ffd9b70a000 	C:\WINDOWS\System32\cfgmgr32.dll
0x00007ffd91b60000 - 0x00007ffd91b6f000 	C:\Program Files\Android\Android Studio\jre\jre\bin\verify.dll
0x00007ffd904e0000 - 0x00007ffd90509000 	C:\Program Files\Android\Android Studio\jre\jre\bin\java.dll
0x00007ffd8b2a0000 - 0x00007ffd8b2b6000 	C:\Program Files\Android\Android Studio\jre\jre\bin\zip.dll
0x00007ffd9c9e0000 - 0x00007ffd9d0c6000 	C:\WINDOWS\System32\SHELL32.dll
0x00007ffd9d5a0000 - 0x00007ffd9d649000 	C:\WINDOWS\System32\shcore.dll
0x00007ffd9bd30000 - 0x00007ffd9c4b2000 	C:\WINDOWS\System32\windows.storage.dll
0x00007ffd9b3f0000 - 0x00007ffd9b413000 	C:\WINDOWS\System32\profapi.dll
0x00007ffd9b380000 - 0x00007ffd9b3ca000 	C:\WINDOWS\System32\powrprof.dll
0x00007ffd9b350000 - 0x00007ffd9b360000 	C:\WINDOWS\System32\UMPDC.dll
0x00007ffd9e290000 - 0x00007ffd9e2e2000 	C:\WINDOWS\System32\shlwapi.dll
0x00007ffd9b360000 - 0x00007ffd9b371000 	C:\WINDOWS\System32\kernel.appcore.dll
0x00007ffd9ba60000 - 0x00007ffd9ba77000 	C:\WINDOWS\System32\cryptsp.dll
0x00007ffd8b280000 - 0x00007ffd8b29a000 	C:\Program Files\Android\Android Studio\jre\jre\bin\net.dll
0x00007ffd9abc0000 - 0x00007ffd9ac27000 	C:\WINDOWS\system32\mswsock.dll
0x00007ffd87fd0000 - 0x00007ffd87fe1000 	C:\Program Files\Android\Android Studio\jre\jre\bin\nio.dll
0x00007ffd87eb0000 - 0x00007ffd87ed6000 	C:\Users\hanca\.gradle\native\29\windows-amd64\native-platform.dll
0x00007ffd90a30000 - 0x00007ffd90a3d000 	C:\Program Files\Android\Android Studio\jre\jre\bin\management.dll
0x00007ffd9a730000 - 0x00007ffd9a763000 	C:\WINDOWS\system32\rsaenh.dll
0x00007ffd9c4c0000 - 0x00007ffd9c4e6000 	C:\WINDOWS\System32\bcrypt.dll
0x00007ffd9b270000 - 0x00007ffd9b295000 	C:\WINDOWS\SYSTEM32\USERENV.dll
0x00007ffd9ad90000 - 0x00007ffd9ad9c000 	C:\WINDOWS\SYSTEM32\CRYPTBASE.dll
0x00007ffd9a8d0000 - 0x00007ffd9a90a000 	C:\WINDOWS\SYSTEM32\IPHLPAPI.DLL
0x00007ffd9d330000 - 0x00007ffd9d338000 	C:\WINDOWS\System32\NSI.dll
0x00007ffd8b300000 - 0x00007ffd8b316000 	C:\WINDOWS\SYSTEM32\dhcpcsvc6.DLL
0x00007ffd8b2e0000 - 0x00007ffd8b2fc000 	C:\WINDOWS\SYSTEM32\dhcpcsvc.DLL
0x00007ffd9a910000 - 0x00007ffd9a9db000 	C:\WINDOWS\SYSTEM32\DNSAPI.dll

VM Arguments:
jvm_args: -Xmx1536m -Dfile.encoding=x-windows-949 -Duser.country=KR -Duser.language=ko -Duser.variant 
java_command: org.gradle.launcher.daemon.bootstrap.GradleDaemon 5.4.1
java_class_path (initial): C:\Users\hanca\.gradle\wrapper\dists\gradle-5.4.1-all\3221gyojl5jsh0helicew7rwx\gradle-5.4.1\lib\gradle-launcher-5.4.1.jar
Launcher Type: SUN_STANDARD

Environment Variables:
CLASSPATH=C:\Program Files\Java\jdk-12.0.2\bin
PATH=C:\WinAVR-20100110\bin;C:\WinAVR-20100110\utils\bin;C:\Program Files\MySQL\MySQL Shell 8.0\bin\;C:\Program Files (x86)\ESTsoft\ALSee\x64
USERNAME=hanca
OS=Windows_NT
PROCESSOR_IDENTIFIER=Intel64 Family 6 Model 158 Stepping 9, GenuineIntel



---------------  S Y S T E M  ---------------

OS: Windows 10.0 , 64 bit Build 18362 (10.0.18362.959)

CPU:total 4 (initial active 4) (4 cores per cpu, 1 threads per core) family 6 model 158 stepping 9, cmov, cx8, fxsr, mmx, sse, sse2, sse3, ssse3, sse4.1, sse4.2, popcnt, avx, avx2, aes, clmul, erms, 3dnowpref, lzcnt, tsc, tscinvbit, bmi1, bmi2, adx

Memory: 4k page, physical 8301016k(375020k free), swap 12495320k(708k free)

vm_info: OpenJDK 64-Bit Server VM (25.202-b03) for windows-amd64 JRE (1.8.0_202-release-1483-b03), built by "builder" with MS VC++ 10.0 (VS2010)

time: Thu Jul 23 14:53:51 2020
timezone: 대한민국 표준시
elapsed time: 120 seconds (0d 0h 2m 0s)

