JvmtiExport can_access_local_variables 0
JvmtiExport can_hotswap_or_post_breakpoint 0
JvmtiExport can_post_on_exceptions 0
# 525 ciObject found
ciMethod java/lang/Object <init> ()V 4097 1 3448928 0 0
ciMethod java/lang/Object equals (Ljava/lang/Object;)Z 2401 1 77799 0 -1
ciMethod java/util/Map size ()I 0 0 1 0 -1
ciMethod java/util/Map isEmpty ()Z 0 0 1 0 -1
ciMethod java/util/Map get (Ljava/lang/Object;)Ljava/lang/Object; 0 0 1 0 -1
ciMethod java/util/Map put (Ljava/lang/Object;Ljava/lang/Object;)Ljava/lang/Object; 0 0 1 0 -1
ciMethod java/util/Map keySet ()Ljava/util/Set; 0 0 1 0 -1
ciMethod java/util/Map values ()Ljava/util/Collection; 0 0 1 0 -1
ciMethod java/util/Map entrySet ()Ljava/util/Set; 0 0 1 0 -1
ciMethod java/util/Map forEach (Ljava/util/function/BiConsumer;)V 3129 3601 951 0 0
ciMethod java/lang/invoke/DirectMethodHandle internalMemberName (Ljava/lang/Object;)Ljava/lang/Object; 2065 1 163054 0 -1
ciMethod java/lang/StringBuilder <init> ()V 953 1 150014 0 -1
ciMethod java/lang/StringBuilder append (Ljava/lang/String;)Ljava/lang/StringBuilder; 2089 1 363405 0 -1
ciMethod java/lang/StringBuilder append (I)Ljava/lang/StringBuilder; 1 1 11524 0 -1
ciMethod java/lang/StringBuilder toString ()Ljava/lang/String; 1033 1 163111 0 -1
ciMethod java/lang/Integer valueOf (I)Ljava/lang/Integer; 73 1 163148 0 -1
ciMethod java/lang/Integer intValue ()I 1145 1 143 0 -1
ciMethod java/lang/Integer compare (II)I 4097 1 10119 0 64
ciMethod java/util/Collection size ()I 0 0 1 0 -1
ciMethod java/util/Collection isEmpty ()Z 0 0 1 0 -1
ciMethod java/util/Collection contains (Ljava/lang/Object;)Z 0 0 1 0 -1
ciMethod java/util/Collection containsAll (Ljava/util/Collection;)Z 0 0 1 0 -1
ciMethod java/util/List size ()I 0 0 1 0 -1
ciMethod java/util/List iterator ()Ljava/util/Iterator; 0 0 1 0 -1
ciMethod java/util/List add (Ljava/lang/Object;)Z 0 0 1 0 -1
ciMethod java/util/List get (I)Ljava/lang/Object; 0 0 1 0 -1
ciMethod java/util/AbstractCollection <init> ()V 2577 1 427066 0 -1
ciMethod java/util/ArrayList size ()I 1081 1 135 0 0
ciMethod java/util/ArrayList elementData (I)Ljava/lang/Object; 2449 1 34758 0 96
ciMethod java/util/ArrayList get (I)Ljava/lang/Object; 2041 1 31762 0 128
ciMethod java/util/ArrayList rangeCheck (I)V 2361 1 34901 0 64
ciMethod java/util/Collections unmodifiableList (Ljava/util/List;)Ljava/util/List; 1473 1 46704 0 288
ciMethod java/util/Set iterator ()Ljava/util/Iterator; 0 0 1 0 -1
ciMethod java/util/Collections$UnmodifiableRandomAccessList <init> (Ljava/util/List;)V 1481 1 46736 0 0
ciMethod java/util/Collections$UnmodifiableList <init> (Ljava/util/List;)V 1481 1 46771 0 0
ciMethod java/util/Collections$UnmodifiableList get (I)Ljava/lang/Object; 40465 1 11338 0 256
ciMethod java/util/Collections$UnmodifiableCollection <init> (Ljava/util/Collection;)V 1537 1 55240 0 96
ciMethod java/util/Collections$UnmodifiableCollection size ()I 3097 1 7590 0 96
ciMethod java/util/HashMap <init> ()V 873 1 35331 0 -1
ciMethod java/util/Map$Entry getKey ()Ljava/lang/Object; 0 0 1 0 -1
ciMethod java/util/Map$Entry getValue ()Ljava/lang/Object; 0 0 1 0 -1
ciMethod java/lang/Math max (II)I 1049 1 238748 0 -1
ciMethod java/lang/Math min (II)I 2945 1 244754 0 -1
ciMethodData java/lang/Object <init> ()V 2 3448937 orig 264 88 29 255 89 0 0 0 0 128 4 33 7 0 0 0 0 32 1 0 0 0 0 0 0 0 0 0 0 0 0 0 0 0 0 0 0 0 0 0 0 0 0 0 0 0 0 0 0 0 0 0 0 0 0 0 0 0 0 0 0 0 0 0 0 0 0 0 0 0 0 0 0 0 0 0 0 0 0 0 0 77 68 79 32 101 120 116 114 97 32 100 97 116 97 32 108 111 99 107 0 0 0 0 0 0 0 0 0 0 0 0 0 0 0 0 0 0 0 0 0 0 0 0 0 0 0 0 0 0 0 0 0 0 0 0 0 0 0 0 0 0 0 0 0 0 0 0 0 0 0 0 0 0 0 0 0 0 0 0 0 0 0 0 0 0 0 0 0 0 0 0 0 0 0 0 0 0 0 0 0 0 0 0 0 1 0 0 0 0 0 0 0 1 0 0 0 0 0 0 0 1 0 0 0 0 0 0 0 0 0 0 0 0 0 0 0 0 2 0 0 73 243 164 1 1 0 0 0 0 0 0 0 0 0 0 0 2 0 0 0 0 0 3 0 1 0 0 0 0 0 0 0 255 255 255 255 0 0 0 0 0 0 0 0 data 0 oops 0
ciMethod java/util/Objects requireNonNull (Ljava/lang/Object;)Ljava/lang/Object; 2145 1 347636 0 64
ciMethod java/util/Iterator hasNext ()Z 0 0 1 0 -1
ciMethod java/util/Iterator next ()Ljava/lang/Object; 0 0 1 0 -1
ciMethod java/util/Arrays$ArrayList get (I)Ljava/lang/Object; 4017 1 2058 0 0
ciMethod java/lang/invoke/MethodHandle linkToStatic (Ljava/lang/Object;Ljava/lang/invoke/MemberName;)Ljava/lang/Object; 0 0 1 0 -1
ciMethodData java/util/Objects requireNonNull (Ljava/lang/Object;)Ljava/lang/Object; 2 347907 orig 264 88 29 255 89 0 0 0 0 0 138 53 7 0 0 0 0 80 1 0 0 0 0 0 0 0 0 0 0 0 0 0 0 0 0 0 0 0 0 0 0 0 0 0 0 0 0 0 0 0 0 0 0 0 0 0 0 0 0 0 0 0 0 0 0 0 0 0 0 0 0 0 0 0 0 0 0 0 0 0 0 77 68 79 32 101 120 116 114 97 32 100 97 116 97 32 108 111 99 107 0 0 0 0 0 0 0 0 0 0 0 0 0 0 0 0 0 0 0 0 0 0 0 0 0 0 0 0 0 0 0 0 0 0 0 0 0 0 0 0 0 0 0 0 0 0 0 0 0 0 0 0 0 0 0 0 0 0 0 0 0 0 0 0 0 0 0 0 0 0 0 0 0 0 0 0 0 0 0 0 0 0 0 0 0 27 0 0 0 0 0 0 0 0 0 0 0 0 0 0 0 1 0 0 0 0 0 0 0 1 0 0 0 0 0 0 0 12 1 0 0 185 111 42 0 1 0 0 0 0 0 0 0 0 0 0 0 2 0 0 0 0 0 5 0 2 0 0 0 48 0 0 0 255 255 255 255 7 0 1 0 0 0 0 0 data 6 0x10007 0x54e03 0x30 0x0 0x80002 0x0 oops 0
ciMethod java/lang/invoke/MethodHandle invokeBasic (Ljava/lang/Object;)Ljava/lang/Object; 0 0 1 0 -1
ciMethodData java/util/Arrays$ArrayList get (I)Ljava/lang/Object; 2 2058 orig 264 88 29 255 89 0 0 0 0 224 255 72 7 0 0 0 0 40 1 0 0 0 0 0 0 0 0 0 0 0 0 0 0 0 0 0 0 0 0 0 0 0 0 0 0 0 0 0 0 0 0 0 0 0 0 0 0 0 0 0 0 0 0 0 0 0 0 0 0 0 0 0 0 0 0 0 0 0 0 0 0 77 68 79 32 101 120 116 114 97 32 100 97 116 97 32 108 111 99 107 0 0 0 0 0 0 0 0 0 0 0 0 0 0 0 0 0 0 0 0 0 0 0 0 0 0 0 0 0 0 0 0 0 0 0 0 0 0 0 0 0 0 0 0 0 0 0 0 0 0 0 0 0 0 0 0 0 0 0 0 0 0 0 0 0 0 0 0 0 0 0 0 0 0 0 0 0 0 0 0 0 0 0 0 0 0 0 0 0 0 0 0 0 0 0 0 0 0 0 0 0 0 0 0 0 0 0 0 0 0 0 0 0 0 0 0 0 246 1 0 0 161 48 0 0 1 0 0 0 0 0 0 0 0 0 0 0 2 0 0 0 0 0 3 0 1 0 0 0 0 0 0 0 255 255 255 255 0 0 0 0 0 0 0 0 data 0 oops 0
ciMethodData java/util/ArrayList get (I)Ljava/lang/Object; 2 31768 orig 264 88 29 255 89 0 0 0 0 224 32 46 7 0 0 0 0 144 1 0 0 0 0 0 0 0 0 0 0 0 0 0 0 0 0 0 0 0 0 0 0 0 0 0 0 0 0 0 0 0 0 0 0 0 0 0 0 0 0 0 0 0 0 0 0 0 0 0 0 0 0 0 0 0 0 0 0 0 0 0 0 77 68 79 32 101 120 116 114 97 32 100 97 116 97 32 108 111 99 107 0 0 0 0 0 0 0 0 0 0 0 0 0 0 0 0 0 0 0 0 0 0 0 0 0 0 0 0 0 0 0 0 0 0 0 0 0 0 0 0 0 0 0 0 0 0 0 0 0 0 0 0 0 0 0 0 0 0 0 0 0 0 0 0 0 0 0 0 0 0 0 0 0 0 0 0 0 0 0 0 0 0 0 0 0 0 0 0 0 0 0 0 0 0 0 0 0 0 0 0 0 0 0 0 0 0 0 0 0 0 0 0 0 0 0 0 0 255 0 0 0 201 216 3 0 1 0 0 0 0 0 0 0 0 0 0 0 2 0 0 0 0 0 6 0 2 0 0 0 64 0 0 0 255 255 255 255 2 0 2 0 0 0 0 0 data 8 0x20002 0x7b19 0x70005 0x0 0x1e84a800 0x7b19 0x0 0x0 oops 1 4 java/util/ArrayList
ciMethodData java/util/ArrayList rangeCheck (I)V 2 34908 orig 264 88 29 255 89 0 0 0 0 192 41 46 7 0 0 0 0 104 1 0 0 0 0 0 0 0 0 0 0 0 0 0 0 0 0 0 0 0 0 0 0 0 0 0 0 0 0 0 0 0 0 0 0 0 0 0 0 0 0 0 0 0 0 0 0 0 0 0 0 0 0 0 0 0 0 0 0 0 0 0 0 77 68 79 32 101 120 116 114 97 32 100 97 116 97 32 108 111 99 107 0 0 0 0 0 0 0 0 0 0 0 0 0 0 0 0 0 0 0 0 0 0 0 0 0 0 0 0 0 0 0 0 0 0 0 0 0 0 0 0 0 0 0 0 0 0 0 0 0 0 0 0 0 0 0 0 0 0 0 0 0 0 0 0 0 0 0 0 0 0 0 0 0 0 0 0 0 0 0 0 0 0 0 0 0 0 0 0 0 0 0 0 0 0 0 0 0 0 0 0 0 0 0 0 0 0 0 0 0 0 0 0 0 0 0 0 0 39 1 0 0 169 57 4 0 1 0 0 0 0 0 0 0 0 0 0 0 2 0 0 0 0 0 5 0 2 0 0 0 64 0 0 0 255 255 255 255 7 0 5 0 0 0 0 0 data 8 0x50007 0x8735 0x40 0x0 0xe0002 0x0 0x110002 0x0 oops 0
ciMethodData java/util/ArrayList elementData (I)Ljava/lang/Object; 2 34765 orig 264 88 29 255 89 0 0 0 0 64 32 46 7 0 0 0 0 40 1 0 0 0 0 0 0 0 0 0 0 0 0 0 0 0 0 0 0 0 0 0 0 0 0 0 0 0 0 0 0 0 0 0 0 0 0 0 0 0 0 0 0 0 0 0 0 0 0 0 0 0 0 0 0 0 0 0 0 0 0 0 0 77 68 79 32 101 120 116 114 97 32 100 97 116 97 32 108 111 99 107 0 0 0 0 0 0 0 0 0 0 0 0 0 0 0 0 0 0 0 0 0 0 0 0 0 0 0 0 0 0 0 0 0 0 0 0 0 0 0 0 0 0 0 0 0 0 0 0 0 0 0 0 0 0 0 0 0 0 0 0 0 0 0 0 0 0 0 0 0 0 0 0 0 0 0 0 0 0 0 0 0 0 0 0 0 0 0 0 0 0 0 0 0 0 0 0 0 0 0 0 0 0 0 0 0 0 0 0 0 0 0 0 0 0 0 0 0 50 1 0 0 217 52 4 0 1 0 0 0 0 0 0 0 0 0 0 0 2 0 0 0 0 0 0 0 0 0 0 0 0 0 0 0 255 255 255 255 0 0 0 0 0 0 0 0 data 0 oops 0
ciMethod java/lang/AssertionError <init> ()V 0 0 1 0 -1
ciMethod java/lang/AssertionError <init> (Ljava/lang/Object;)V 0 0 1 0 -1
ciMethodData java/util/AbstractCollection <init> ()V 2 427066 orig 264 88 29 255 89 0 0 0 0 184 144 45 7 0 0 0 0 48 1 0 0 0 0 0 0 0 0 0 0 0 0 0 0 0 0 0 0 0 0 0 0 0 0 0 0 0 0 0 0 0 0 0 0 0 0 0 0 0 0 0 0 0 0 0 0 0 0 0 0 0 0 0 0 0 0 0 0 0 0 0 0 77 68 79 32 101 120 116 114 97 32 100 97 116 97 32 108 111 99 107 0 0 0 0 0 0 0 0 0 0 0 0 0 0 0 0 0 0 0 0 0 0 0 0 0 0 0 0 0 0 0 0 0 0 0 0 0 0 0 0 0 0 0 0 0 0 0 0 0 0 0 0 0 0 0 0 0 0 0 0 0 0 0 0 0 0 0 0 0 0 0 0 0 0 0 0 0 0 0 0 0 0 0 0 0 1 0 0 0 0 0 0 0 0 0 0 0 0 0 0 0 1 0 0 0 0 0 0 0 0 0 0 0 0 0 0 0 66 1 0 0 193 23 52 0 1 0 0 0 0 0 0 0 0 0 0 0 2 0 0 0 0 0 3 0 2 0 0 0 16 0 0 0 255 255 255 255 2 0 1 0 0 0 0 0 data 2 0x10002 0x68308 oops 0
ciMethod java/util/LinkedList <init> ()V 1153 1 22227 0 -1
ciMethod java/util/LinkedList getLast ()Ljava/lang/Object; 4097 1 9611 0 -1
ciMethod java/lang/invoke/LambdaForm$DMH invokeStatic_L_L (Ljava/lang/Object;Ljava/lang/Object;)Ljava/lang/Object; 2065 1 77380 0 -1
ciMethod java/lang/invoke/LambdaForm$MH linkToTargetMethod (Ljava/lang/Object;Ljava/lang/Object;)Ljava/lang/Object; 2049 1 77258 0 -1
ciMethod java/util/function/BiConsumer accept (Ljava/lang/Object;Ljava/lang/Object;)V 0 0 1 0 -1
ciMethodData java/util/Collections unmodifiableList (Ljava/util/List;)Ljava/util/List; 2 46722 orig 264 88 29 255 89 0 0 0 0 48 121 46 7 0 0 0 0 208 1 0 0 96 0 0 0 0 0 0 0 0 0 0 0 0 0 0 0 0 0 0 0 0 0 0 0 0 0 0 0 0 0 0 0 0 0 0 0 0 0 0 0 0 0 0 0 0 0 0 0 0 0 0 0 0 0 0 0 0 0 0 0 77 68 79 32 101 120 116 114 97 32 100 97 116 97 32 108 111 99 107 0 0 0 0 0 0 0 0 0 0 0 0 0 0 0 0 0 0 0 0 0 0 0 0 0 0 0 0 0 0 0 0 0 0 0 0 0 0 0 0 0 0 0 0 0 0 0 0 0 0 0 0 0 0 0 0 0 0 0 0 0 0 0 0 0 0 0 0 0 0 0 0 0 0 0 0 0 0 0 0 0 0 0 0 0 0 0 0 0 0 0 0 0 0 0 0 0 0 0 0 0 0 0 0 0 0 0 0 0 0 0 0 0 0 0 0 0 184 0 0 0 81 174 5 0 1 0 0 0 0 0 0 0 0 0 0 0 2 0 0 0 0 0 14 0 2 0 0 0 136 0 0 0 255 255 255 255 4 0 1 0 0 0 0 0 data 17 0x10004 0x0 0x1e84a750 0x260 0x1e84a800 0xae38 0x40007 0x0 0x48 0xb5d9 0xc0002 0xb5d5 0xf0003 0xb5e8 0x28 0x170002 0x0 oops 2 2 java/util/Arrays$ArrayList 4 java/util/ArrayList
ciMethodData java/util/Collections$UnmodifiableRandomAccessList <init> (Ljava/util/List;)V 2 46768 orig 264 88 29 255 89 0 0 0 0 184 18 47 7 0 0 0 0 56 1 0 0 0 0 0 0 0 0 0 0 0 0 0 0 0 0 0 0 0 0 0 0 0 0 0 0 0 0 0 0 0 0 0 0 0 0 0 0 0 0 0 0 0 0 0 0 0 0 0 0 0 0 0 0 0 0 0 0 0 0 0 0 77 68 79 32 101 120 116 114 97 32 100 97 116 97 32 108 111 99 107 0 0 0 0 0 0 0 0 0 0 0 0 0 0 0 0 0 0 0 0 0 0 0 0 0 0 0 0 0 0 0 0 0 0 0 0 0 0 0 0 0 0 0 0 0 0 0 0 0 0 0 0 0 0 0 0 0 0 0 0 0 0 0 0 0 0 0 0 0 0 0 0 0 0 0 0 0 0 0 0 0 0 0 0 0 0 0 0 0 0 0 0 0 0 0 0 0 0 0 0 0 0 0 0 0 0 0 0 0 0 0 0 0 0 0 0 0 185 0 0 0 185 175 5 0 1 0 0 0 0 0 0 0 0 0 0 0 2 0 0 0 0 0 7 0 2 0 0 0 16 0 0 0 255 255 255 255 2 0 2 0 0 0 0 0 data 2 0x20002 0xb5f9 oops 0
ciMethodData java/util/Collections$UnmodifiableList <init> (Ljava/util/List;)V 2 46771 orig 264 88 29 255 89 0 0 0 0 136 25 47 7 0 0 0 0 56 1 0 0 0 0 0 0 0 0 0 0 0 0 0 0 0 0 0 0 0 0 0 0 0 0 0 0 0 0 0 0 0 0 0 0 0 0 0 0 0 0 0 0 0 0 0 0 0 0 0 0 0 0 0 0 0 0 0 0 0 0 0 0 77 68 79 32 101 120 116 114 97 32 100 97 116 97 32 108 111 99 107 0 0 0 0 0 0 0 0 0 0 0 0 0 0 0 0 0 0 0 0 0 0 0 0 0 0 0 0 0 0 0 0 0 0 0 0 0 0 0 0 0 0 0 0 0 0 0 0 0 0 0 0 0 0 0 0 0 0 0 0 0 0 0 0 0 0 0 0 0 0 0 0 0 0 0 0 0 0 0 0 0 0 0 0 0 0 0 0 0 0 0 0 0 0 0 0 0 0 0 0 0 0 0 0 0 0 0 0 0 0 0 0 0 0 0 0 0 185 0 0 0 209 175 5 0 1 0 0 0 0 0 0 0 0 0 0 0 2 0 0 0 0 0 6 0 2 0 0 0 16 0 0 0 255 255 255 255 2 0 2 0 0 0 0 0 data 2 0x20002 0xb5fe oops 0
ciMethodData java/util/Collections$UnmodifiableCollection <init> (Ljava/util/Collection;)V 2 55240 orig 264 88 29 255 89 0 0 0 0 168 40 47 7 0 0 0 0 104 1 0 0 0 0 0 0 0 0 0 0 0 0 0 0 0 0 0 0 0 0 0 0 0 0 0 0 0 0 0 0 0 0 0 0 0 0 0 0 0 0 0 0 0 0 0 0 0 0 0 0 0 0 0 0 0 0 0 0 0 0 0 0 77 68 79 32 101 120 116 114 97 32 100 97 116 97 32 108 111 99 107 0 0 0 0 0 0 0 0 0 0 0 0 0 0 0 0 0 0 0 0 0 0 0 0 0 0 0 0 0 0 0 0 0 0 0 0 0 0 0 0 0 0 0 0 0 0 0 0 0 0 0 0 0 0 0 0 0 0 0 0 0 0 0 0 0 0 0 0 0 0 0 0 0 0 0 0 0 0 0 0 0 0 0 0 0 0 0 0 0 0 0 0 0 0 0 0 0 0 0 0 0 0 0 0 0 0 0 0 0 0 0 0 0 0 0 0 0 192 0 0 0 65 184 6 0 1 0 0 0 0 0 0 0 0 0 0 0 2 0 0 0 0 0 5 0 2 0 0 0 64 0 0 0 255 255 255 255 2 0 1 0 0 0 0 0 data 8 0x10002 0xd70b 0x50007 0xd70a 0x30 0x0 0xc0002 0x0 oops 0
ciMethodData java/lang/invoke/DirectMethodHandle internalMemberName (Ljava/lang/Object;)Ljava/lang/Object; 2 163054 orig 264 88 29 255 89 0 0 0 0 248 44 38 7 0 0 0 0 120 1 0 0 0 0 0 0 0 0 0 0 0 0 0 0 0 0 0 0 0 0 0 0 0 0 0 0 0 0 0 0 0 0 0 0 0 0 0 0 0 0 0 0 0 0 0 0 0 0 0 0 0 0 0 0 0 0 0 0 0 0 0 0 77 68 79 32 101 120 116 114 97 32 100 97 116 97 32 108 111 99 107 0 0 0 0 0 0 0 0 0 0 0 0 0 0 0 0 0 0 0 0 0 0 0 0 0 0 0 0 0 0 0 0 0 0 0 0 0 0 0 0 0 0 0 0 0 0 0 0 0 0 0 0 0 0 0 0 0 0 0 0 0 0 0 0 0 0 0 0 0 0 0 0 0 0 0 0 0 0 0 0 0 0 0 0 0 0 0 0 0 0 0 0 0 0 0 0 0 0 0 0 0 0 0 0 0 0 0 0 0 0 0 0 0 0 0 0 0 2 1 0 0 97 223 19 0 1 0 0 0 0 0 0 0 0 0 0 0 2 0 0 0 0 0 3 0 2 0 0 0 48 0 0 0 255 255 255 255 4 0 1 0 0 0 0 0 data 6 0x10004 0x0 0x8f08680 0x696d 0x0 0x0 oops 1 2 java/lang/invoke/DirectMethodHandle
ciMethodData java/lang/invoke/LambdaForm$DMH invokeStatic_L_L (Ljava/lang/Object;Ljava/lang/Object;)Ljava/lang/Object; 2 77380 orig 264 88 29 255 89 0 0 0 0 248 65 98 7 0 0 0 0 32 2 0 0 96 0 0 0 0 0 0 0 0 0 0 0 0 0 0 0 0 0 0 0 0 0 0 0 0 0 0 0 0 0 0 0 0 0 0 0 0 0 0 0 0 0 0 0 0 0 0 0 0 0 0 0 0 0 0 0 0 0 0 0 77 68 79 32 101 120 116 114 97 32 100 97 116 97 32 108 111 99 107 0 0 0 0 0 0 0 0 0 0 0 0 0 0 0 0 0 0 0 0 0 0 0 0 0 0 0 0 0 0 0 0 0 0 0 0 0 0 0 0 0 0 0 0 0 0 0 0 0 0 0 0 0 0 0 0 0 0 0 0 0 0 0 0 0 0 0 0 0 0 0 0 0 0 0 0 0 0 0 0 0 0 0 0 0 0 0 0 0 0 0 0 0 0 0 0 0 0 0 0 0 0 0 0 0 0 0 0 0 0 0 0 0 0 0 0 0 2 1 0 0 17 106 9 0 1 0 0 0 0 0 0 0 0 0 0 0 2 0 0 0 0 0 3 0 2 0 0 0 160 0 0 0 240 0 0 0 10 0 1 0 0 0 0 0 data 20 0x1000a 0x12d46 0x3 0x0 0x8f08680 0x8f087a0 0x70004 0x0 0x8f087a0 0x4 0x0 0x0 0xa000a 0x12d3d 0x5 0x0 0x2 0x1 0x8f087a0 0x2 oops 1 8 java/lang/invoke/MemberName
ciMethodData java/lang/invoke/LambdaForm$MH linkToTargetMethod (Ljava/lang/Object;Ljava/lang/Object;)Ljava/lang/Object; 2 77383 orig 264 88 29 255 89 0 0 0 0 176 149 157 7 0 0 0 0 0 2 0 0 0 0 0 0 0 0 0 0 0 0 0 0 0 0 0 0 0 0 0 0 0 0 0 0 0 0 0 0 0 0 0 0 0 0 0 0 0 0 0 0 0 0 0 0 0 0 0 0 0 0 0 0 0 0 0 0 0 0 0 0 77 68 79 32 101 120 116 114 97 32 100 97 116 97 32 108 111 99 107 0 0 0 0 0 0 0 0 0 0 0 0 0 0 0 0 0 0 0 0 0 0 0 0 0 0 0 0 0 0 0 0 0 0 0 0 0 0 0 0 0 0 0 0 0 0 0 0 0 0 0 0 0 0 0 0 0 0 0 0 0 0 0 0 0 0 0 0 0 0 0 0 0 0 0 0 0 0 0 0 0 0 0 0 0 0 0 0 0 0 0 0 0 0 0 0 0 0 0 0 0 0 0 0 0 0 0 0 0 0 0 0 0 0 0 0 0 0 1 0 0 57 106 9 0 1 0 0 0 0 0 0 0 0 0 0 0 2 0 0 0 0 0 3 0 2 0 0 0 128 0 0 0 208 0 0 0 4 0 1 0 0 0 0 0 data 16 0x10004 0x0 0x8f08680 0x2539 0x0 0x0 0x5000b 0x1080d 0x8f08680 0x2537 0x0 0x0 0x3 0x1 0x2 0x2 oops 2 2 java/lang/invoke/DirectMethodHandle 8 java/lang/invoke/DirectMethodHandle
ciMethodData java/util/Collections$UnmodifiableCollection size ()I 2 7590 orig 264 88 29 255 89 0 0 0 0 64 41 47 7 0 0 0 0 120 1 0 0 0 0 0 0 0 0 0 0 0 0 0 0 0 0 0 0 0 0 0 0 0 0 0 0 0 0 0 0 0 0 0 0 0 0 0 0 0 0 0 0 0 0 0 0 0 0 0 0 0 0 0 0 0 0 0 0 0 0 0 0 77 68 79 32 101 120 116 114 97 32 100 97 116 97 32 108 111 99 107 0 0 0 0 0 0 0 0 0 0 0 0 0 0 0 0 0 0 0 0 0 0 0 0 0 0 0 0 0 0 0 0 0 0 0 0 0 0 0 0 0 0 0 0 0 0 0 0 0 0 0 0 0 0 0 0 0 0 0 0 0 0 0 0 0 0 0 0 0 0 0 0 0 0 0 0 0 0 0 0 0 0 0 0 0 0 0 0 0 0 0 0 0 0 0 0 0 0 0 0 0 0 0 0 0 0 0 0 0 0 0 0 0 0 0 0 0 131 1 0 0 25 225 0 0 1 0 0 0 0 0 0 0 0 0 0 0 2 0 0 0 0 0 3 0 2 0 0 0 48 0 0 0 255 255 255 255 5 0 4 0 0 0 0 0 data 6 0x40005 0x2 0xb7625b0 0xf2 0x1e84a800 0x1b2f oops 2 2 java/util/LinkedHashSet 4 java/util/ArrayList
ciMethodData java/util/Map forEach (Ljava/util/function/BiConsumer;)V 1 955 orig 264 88 29 255 89 0 0 0 0 216 128 36 7 0 0 0 0 64 3 0 0 64 0 0 0 0 0 0 0 0 0 0 0 0 0 0 0 0 0 0 0 0 0 0 0 0 0 0 0 0 0 0 0 0 0 0 0 0 0 0 0 0 0 0 0 0 0 0 0 0 0 0 0 0 0 0 0 0 0 0 0 77 68 79 32 101 120 116 114 97 32 100 97 116 97 32 108 111 99 107 0 0 0 0 0 0 0 0 0 0 0 0 0 0 0 0 0 0 0 0 0 0 0 0 0 0 0 0 0 0 0 0 0 0 0 0 0 0 0 0 0 0 0 0 0 0 0 0 0 0 0 0 0 0 0 0 0 0 0 0 0 0 0 0 0 0 0 0 0 0 0 0 0 0 0 0 0 0 0 0 0 0 0 0 0 0 0 0 0 0 0 0 0 0 0 0 0 0 0 0 0 0 0 0 0 0 0 0 0 0 0 0 0 0 0 0 0 191 1 0 0 161 17 0 0 89 14 0 0 0 0 0 0 0 0 0 0 2 0 0 0 1 0 13 0 2 0 0 0 240 1 0 0 255 255 255 255 2 0 1 0 0 0 0 0 data 62 0x10002 0x234 0x60005 0x1b 0xc017d70 0x18a 0xdda47c0 0x8f 0xb0005 0x1b 0xc017e20 0x18a 0xc017ed0 0x8f 0x120005 0x5c 0xc017f80 0x314 0xc018030 0x8f 0x170007 0x234 0x150 0x1cb 0x1b0005 0x0 0xc017f80 0x18a 0xdda44d0 0x41 0x200004 0x0 0xc0180e0 0x18a 0xdda4580 0x41 0x250005 0x0 0xc0180e0 0x18a 0xdda4580 0x41 0x2d0005 0x0 0xc0180e0 0x18a 0xdda4580 0x41 0x340003 0x1cb 0x28 0x3f0002 0x0 0x480005 0x0 0xc0181c0 0x18a 0xdda4710 0x41 0x4d0003 0x1cb 0xfffffffffffffe98 oops 16 4 com/google/common/collect/RegularImmutableMap 6 com/android/tools/r8/v/a/a/a/f/Z 10 com/google/common/collect/RegularImmutableMap$EntrySet 12 com/android/tools/r8/v/a/a/a/h/t0 16 com/google/common/collect/ImmutableList$Itr 18 com/android/tools/r8/v/a/a/a/h/k0 26 com/google/common/collect/ImmutableList$Itr 28 com/android/tools/r8/v/a/a/a/f/X$a 32 java/util/AbstractMap$SimpleImmutableEntry 34 com/android/tools/r8/v/a/a/a/f/X$d 38 java/util/AbstractMap$SimpleImmutableEntry 40 com/android/tools/r8/v/a/a/a/f/X$d 44 java/util/AbstractMap$SimpleImmutableEntry 46 com/android/tools/r8/v/a/a/a/f/X$d 55 org/gradle/internal/reflect/annotations/impl/DefaultTypeAnnotationMetadataStore$PropertyAnnotationMetadataBuilder$$Lambda$235 57 com/android/tools/r8/ir/conversion/o$$Lambda$808
ciMethodData java/util/Collections$UnmodifiableList get (I)Ljava/lang/Object; 2 11338 orig 264 88 29 255 89 0 0 0 0 104 27 47 7 0 0 0 0 128 1 0 0 0 0 0 0 0 0 0 0 0 0 0 0 0 0 0 0 0 0 0 0 0 0 0 0 0 0 0 0 0 0 0 0 0 0 0 0 0 0 0 0 0 0 0 0 0 0 0 0 0 0 0 0 0 0 0 0 0 0 0 0 77 68 79 32 101 120 116 114 97 32 100 97 116 97 32 108 111 99 107 0 0 0 0 0 0 0 0 0 0 0 0 0 0 0 0 0 0 0 0 0 0 0 0 0 0 0 0 0 0 0 0 0 0 0 0 0 0 0 0 0 0 0 0 0 1 0 0 0 0 0 0 0 0 0 0 0 0 0 0 0 0 0 0 0 4 0 0 0 0 0 0 0 0 0 0 0 0 0 0 0 0 0 0 0 0 0 0 0 0 0 0 0 0 0 0 0 0 0 0 0 0 0 0 0 0 0 0 0 0 0 0 0 0 0 0 0 9 1 0 0 65 196 0 0 1 0 0 0 0 0 0 0 0 0 0 0 2 0 0 0 0 0 3 0 2 0 0 0 48 0 0 0 255 255 255 255 5 192 5 0 0 0 0 0 data 6 0x5c005 0x0 0x1e84a800 0x1883 0x1e84a750 0x9 oops 2 2 java/util/ArrayList 4 java/util/Arrays$ArrayList
ciMethodData java/lang/Integer compare (II)I 2 10119 orig 264 88 29 255 89 0 0 0 0 248 119 43 7 0 0 0 0 152 1 0 0 32 0 0 0 0 0 0 0 0 0 0 0 0 0 0 0 0 0 0 0 0 0 0 0 0 0 0 0 0 0 0 0 0 0 0 0 0 0 0 0 0 0 0 0 0 0 0 0 0 0 0 0 0 0 0 0 0 0 0 0 77 68 79 32 101 120 116 114 97 32 100 97 116 97 32 108 111 99 107 0 0 0 0 0 0 0 0 0 0 0 0 0 0 0 0 0 0 0 0 0 0 0 0 0 0 0 0 0 0 0 0 0 0 0 0 0 0 0 0 0 0 0 0 0 0 0 0 0 0 0 0 0 0 0 0 0 0 0 0 0 0 0 0 0 0 0 0 0 0 0 0 0 0 0 0 0 0 0 0 0 0 0 0 0 0 0 0 0 0 0 0 0 0 0 0 0 0 0 0 0 0 0 0 0 0 0 0 0 0 0 0 0 0 0 0 0 0 2 0 0 57 44 1 0 1 0 0 0 0 0 0 0 0 0 0 0 2 0 0 0 0 0 8 0 2 0 0 0 112 0 0 0 255 255 255 255 7 0 2 0 0 0 0 0 data 14 0x20007 0x2055 0x38 0x532 0x60003 0x532 0x50 0xb0007 0x1c89 0x38 0x3cc 0xf0003 0x3cc 0x18 oops 0
ciMethod com/android/tools/r8/origin/Origin unknown ()Lcom/android/tools/r8/origin/Origin; 0 0 1 0 -1
ciMethod com/android/tools/r8/errors/b <init> (Ljava/lang/String;)V 0 0 1 0 -1
ciMethod com/android/tools/r8/errors/a <init> (Ljava/lang/String;Lcom/android/tools/r8/origin/Origin;)V 0 0 1 0 -1
ciMethod com/android/tools/r8/v/a/a/a/a size ()I 0 0 1 0 -1
ciMethod com/android/tools/r8/v/a/a/a/f/Q a (ILjava/lang/Object;)Ljava/lang/Object; 0 0 1 0 -1
ciMethod com/android/tools/r8/v/a/a/a/f/Q get (I)Ljava/lang/Object; 0 0 1 0 -1
ciMethod com/android/tools/r8/v/a/a/a/f/Q a (I)Z 0 0 1 0 -1
ciMethod com/android/tools/r8/v/a/a/a/f/S a ()Lcom/android/tools/r8/v/a/a/a/h/p0; 0 0 1 0 -1
ciMethod com/android/tools/r8/v/a/a/a/f/e c ()Lcom/android/tools/r8/v/a/a/a/h/p0; 4097 1 429 0 0
ciMethod com/android/tools/r8/v/a/a/a/f/e equals (Ljava/lang/Object;)Z 4097 1 823 0 0
ciMethod com/android/tools/r8/v/a/a/a/f/e entrySet ()Ljava/util/Set; 4097 1 346 0 0
ciMethod com/android/tools/r8/v/a/a/a/f/X <init> ()V 1249 1 351 0 -1
ciMethod com/android/tools/r8/v/a/a/a/f/X putAll (Ljava/util/Map;)V 777 1 235 0 -1
ciMethod com/android/tools/r8/v/a/a/a/f/X a (ILjava/lang/Object;)Ljava/lang/Object; 4097 1 1377 0 -1
ciMethod com/android/tools/r8/v/a/a/a/f/X get (I)Ljava/lang/Object; 4097 1 1948 0 0
ciMethod com/android/tools/r8/v/a/a/a/f/X size ()I 2905 1 363 0 0
ciMethod com/android/tools/r8/v/a/a/a/f/X a ()Lcom/android/tools/r8/v/a/a/a/h/p0; 4097 1 708 0 0
ciMethod com/android/tools/r8/v/a/a/a/f/z0 iterator ()Lcom/android/tools/r8/v/a/a/a/f/m0; 0 0 1 0 -1
ciMethod com/android/tools/r8/v/a/a/a/h/p0 iterator ()Lcom/android/tools/r8/v/a/a/a/h/j0; 0 0 1 0 -1
ciMethod com/android/tools/r8/v/a/a/a/c a (I)I 4097 1 3121 0 0
ciMethod com/android/tools/r8/u/b/h0 D2 ()Lcom/android/tools/r8/u/b/m1; 1865 1 233 0 -1
ciMethod com/android/tools/r8/u/b/h0 p1 ()Z 2585 1 323 0 -1
ciMethod com/android/tools/r8/graph/T u ()Lcom/android/tools/r8/ir/optimize/info/g; 0 0 22 0 -1
ciMethod com/android/tools/r8/graph/l a ()Ljava/util/List; 2105 1 31826 0 288
ciMethod com/android/tools/r8/ir/optimize/info/g s ()Z 0 0 1 0 -1
ciMethod com/android/tools/r8/ir/conversion/b0 d ()Lcom/android/tools/r8/u/b/S0; 0 0 1 0 -1
ciMethod com/android/tools/r8/ir/conversion/b0 f (I)Z 0 0 1 0 -1
ciMethod com/android/tools/r8/r/n/z g ()Lcom/android/tools/r8/r/n/D; 1745 1 218 0 -1
ciMethod com/android/tools/r8/r/n/z i ()Z 0 0 1 0 -1
ciMethod com/android/tools/r8/r/n/z j ()Z 0 0 1 0 -1
ciMethod com/android/tools/r8/r/n/z o ()Z 1081 1 135 0 -1
ciMethod com/android/tools/r8/r/n/z h ()Z 0 0 1 0 -1
ciMethod com/android/tools/r8/r/n/z e ()Z 1377 1 172 0 -1
ciMethod com/android/tools/r8/r/n/z a (Lcom/android/tools/r8/ir/conversion/N;Lcom/android/tools/r8/ir/conversion/t;Lcom/android/tools/r8/ir/conversion/o;)V 0 0 1 0 -1
ciMethod com/android/tools/r8/r/n/N r ()Lcom/android/tools/r8/u/b/S0; 1121 1 76 0 0
ciMethod com/android/tools/r8/u/b/S0 <init> (ILcom/android/tools/r8/graph/e0;Lcom/android/tools/r8/graph/Z;Lcom/android/tools/r8/u/b/S0;)V 1297 1 294 0 -1
ciMethod com/android/tools/r8/u/b/o1 a (Lcom/android/tools/r8/graph/f0;)Lcom/android/tools/r8/u/b/o1; 4097 1 4401 0 0
ciMethod com/android/tools/r8/graph/r equals (Ljava/lang/Object;)Z 553 1 290 0 0
ciMethod com/android/tools/r8/graph/l$a b ()I 1209 1 151 0 -1
ciMethod com/android/tools/r8/graph/l$a c ()Lcom/android/tools/r8/graph/r; 1209 1 151 0 -1
ciMethod com/android/tools/r8/graph/l$a d ()Lcom/android/tools/r8/r/n/D; 1153 1 144 0 -1
ciMethod com/android/tools/r8/graph/l$a a ()Lcom/android/tools/r8/r/n/D; 1153 1 144 0 -1
ciMethod com/android/tools/r8/graph/f dexItemFactory ()Lcom/android/tools/r8/graph/W; 1073 1 134 0 0
ciMethod com/android/tools/r8/graph/f i ()Lcom/android/tools/r8/utils/g0; 1297 1 162 0 0
ciMethod com/android/tools/r8/u/b/m1 <init> (ILcom/android/tools/r8/ir/analysis/type/u;Lcom/android/tools/r8/graph/r;)V 2833 1 3230 0 -1
ciMethod com/android/tools/r8/u/b/m1 s ()Lcom/android/tools/r8/graph/r; 4097 1 11790 0 -1
ciMethod com/android/tools/r8/u/b/m1 b ()Z 1025 1 128 0 -1
ciMethod com/android/tools/r8/u/b/m1 f ()Lcom/android/tools/r8/u/b/Q0; 0 0 1 0 -1
ciMethod com/android/tools/r8/u/b/m1 w ()Lcom/android/tools/r8/ir/analysis/type/u; 1057 1 132 0 -1
ciMethod com/android/tools/r8/u/b/Q0 a (Ljava/util/Map;)V 137 1 133 0 -1
ciMethod com/android/tools/r8/u/b/Q0 b (Ljava/util/Map;)V 9 1 1 0 -1
ciMethod com/android/tools/r8/u/b/F <init> (Lcom/android/tools/r8/u/b/m1;Lcom/android/tools/r8/u/b/m1;)V 41 1 19 0 -1
ciMethod com/android/tools/r8/v/a/a/a/h/D0 a (Ljava/lang/Object;)I 0 0 1 0 -1
ciMethod com/android/tools/r8/v/a/a/a/f/c0 getInt (I)I 0 0 1 0 -1
ciMethod com/android/tools/r8/ir/conversion/o a (Lcom/android/tools/r8/r/n/z;)Z 4097 1 11370 0 0
ciMethod com/android/tools/r8/ir/conversion/o h (I)Lcom/android/tools/r8/ir/conversion/m; 4097 1 5905 0 128
ciMethod com/android/tools/r8/ir/conversion/o i (I)[I 1345 1 369 0 0
ciMethod com/android/tools/r8/ir/conversion/o a (ILcom/android/tools/r8/ir/conversion/x;)V 745 41 210 0 0
ciMethod com/android/tools/r8/ir/conversion/o j ()V 4105 1 5721 0 960
ciMethod com/android/tools/r8/ir/conversion/o i ()Z 4097 1 5649 0 0
ciMethod com/android/tools/r8/ir/conversion/o b (Lcom/android/tools/r8/r/n/z;)Z 3089 1 8479 0 0
ciMethod com/android/tools/r8/ir/conversion/o a ()I 4097 1 6015 0 0
ciMethod com/android/tools/r8/ir/conversion/o a (Lcom/android/tools/r8/ir/conversion/N;IZ)V 4121 49 5649 0 -1
ciMethod com/android/tools/r8/ir/conversion/o d (I)Lcom/android/tools/r8/u/b/S0; 841 2321 245 0 0
ciMethod com/android/tools/r8/ir/conversion/o a (Lcom/android/tools/r8/u/b/S0;)Lcom/android/tools/r8/u/b/S0; 2161 1 159 0 0
ciMethod com/android/tools/r8/ir/conversion/x <init> (Lcom/android/tools/r8/ir/conversion/x;I)V 2073 1 12329 0 -1
ciMethod com/android/tools/r8/ir/conversion/x <init> (Lcom/android/tools/r8/ir/conversion/x;ILcom/android/tools/r8/ir/conversion/p;)V 2073 1 12329 0 -1
ciMethod com/android/tools/r8/ir/conversion/x b ()I 3201 1 6135 0 -1
ciMethod com/android/tools/r8/ir/conversion/x a (I)Lcom/android/tools/r8/ir/conversion/t$a; 2313 1 213 0 -1
ciMethod com/android/tools/r8/ir/conversion/x a (Lcom/android/tools/r8/ir/conversion/q;)V 4097 1 4157 0 -1
ciMethod com/android/tools/r8/ir/conversion/x a ()Lcom/android/tools/r8/ir/conversion/q; 249 1 24 0 -1
ciMethod com/android/tools/r8/ir/conversion/q <init> (II)V 3897 1 3729 0 0
ciMethod com/android/tools/r8/ir/conversion/t a (Lcom/android/tools/r8/ir/conversion/x;ZLcom/android/tools/r8/u/b/S0;)V 705 1 199 0 0
ciMethod com/android/tools/r8/ir/conversion/t b ()Lcom/android/tools/r8/ir/conversion/x; 1049 1 131 0 0
ciMethod com/android/tools/r8/ir/conversion/t b (I)Lcom/android/tools/r8/ir/conversion/t$a; 921 1 293 0 0
ciMethod com/android/tools/r8/ir/conversion/t b (Lcom/android/tools/r8/u/b/S0;)V 425 1 124 0 -1
ciMethod com/android/tools/r8/ir/conversion/w <init> ()V 4097 1 4611 0 -1
ciMethod com/android/tools/r8/ir/conversion/w <init> (Lcom/android/tools/r8/ir/conversion/p;)V 4097 1 4612 0 -1
ciMethod com/android/tools/r8/ir/conversion/w a ()Lcom/android/tools/r8/u/b/o1; 0 0 1 0 -1
ciMethod com/android/tools/r8/ir/conversion/v <init> (Lcom/android/tools/r8/graph/f0;)V 3113 1 2127 0 0
ciMethod com/android/tools/r8/u/b/s a ()Lcom/android/tools/r8/u/b/S0; 1521 1 190 0 0
ciMethod com/android/tools/r8/u/b/s b (Lcom/android/tools/r8/u/b/S0;)Lcom/android/tools/r8/u/b/S0; 2161 1 159 0 -1
ciMethod com/android/tools/r8/u/b/s a (Lcom/android/tools/r8/u/b/S0;)Lcom/android/tools/r8/u/b/S0; 2161 1 159 0 -1
ciMethod com/android/tools/r8/utils/h0 a ()Z 4097 1 11669 0 0
ciMethod com/android/tools/r8/ir/conversion/N c (ILcom/android/tools/r8/graph/r;)Lcom/android/tools/r8/u/b/m1; 241 1 93 0 -1
ciMethod com/android/tools/r8/ir/conversion/N a (ILcom/android/tools/r8/ir/analysis/type/u;Lcom/android/tools/r8/u/b/n$e;Lcom/android/tools/r8/graph/r;)Lcom/android/tools/r8/u/b/m1; 4097 1 2936 0 -1
ciMethod com/android/tools/r8/ir/conversion/N j (I)V 4097 1 5840 0 -1
ciMethod com/android/tools/r8/ir/conversion/N a (Lcom/android/tools/r8/u/b/h0;Lcom/android/tools/r8/u/b/S0;)V 4121 1 4709 0 -1
ciMethod com/android/tools/r8/ir/conversion/N j ()Z 4097 1 7478 0 -1
ciMethod com/android/tools/r8/ir/conversion/N f ()Lcom/android/tools/r8/v/a/a/a/f/Y; 1297 1 162 0 0
ciMethod com/android/tools/r8/ir/conversion/N b (ILcom/android/tools/r8/graph/r;)V 41 1 18 0 0
ciMethod com/android/tools/r8/ir/conversion/N a (ILcom/android/tools/r8/graph/r;)V 201 1 66 0 0
ciMethod com/android/tools/r8/ir/conversion/N a (ILcom/android/tools/r8/u/b/p1;Lcom/android/tools/r8/u/b/n;Lcom/android/tools/r8/u/b/n$c;Lcom/android/tools/r8/u/b/Q0$a;)Lcom/android/tools/r8/u/b/m1; 4129 1 6022 0 -1
ciMethod com/android/tools/r8/u/b/p1 a (Lcom/android/tools/r8/graph/f0;)Lcom/android/tools/r8/u/b/p1; 2697 1 257 0 -1
ciMethod com/android/tools/r8/v/a/a/a/f/e0 a (Lcom/android/tools/r8/v/a/a/a/f/e0;)I 1921 1 240 0 0
ciMethod com/android/tools/r8/v/a/a/a/f/e0 iterator ()Lcom/android/tools/r8/v/a/a/a/f/m0; 4097 1 1817 0 0
ciMethod com/android/tools/r8/v/a/a/a/f/e0 isEmpty ()Z 2705 1 196 0 0
ciMethod com/android/tools/r8/v/a/a/a/f/K b (I)Lcom/android/tools/r8/v/a/a/a/f/J; 4097 4705 6668 0 160
ciMethod com/android/tools/r8/v/a/a/a/f/K a (I)Z 4097 1 5952 0 0
ciMethod com/android/tools/r8/v/a/a/a/f/K get (I)Ljava/lang/Object; 3425 1 5559 0 160
ciMethod com/android/tools/r8/v/a/a/a/f/S$a b ()I 0 0 1 0 -1
ciMethod com/android/tools/r8/v/a/a/a/f/J g ()Lcom/android/tools/r8/v/a/a/a/f/J; 1265 1 777 0 0
ciMethod com/android/tools/r8/v/a/a/a/f/J k ()Lcom/android/tools/r8/v/a/a/a/f/J; 3817 1 6737 0 0
ciMethod com/android/tools/r8/u/b/n1 a ()I 2825 1 3229 0 -1
ciMethod com/android/tools/r8/u/b/n g (I)I 465 1 387 0 -1
ciMethod com/android/tools/r8/u/b/n a (ILcom/android/tools/r8/u/b/n$c;)Z 4097 1 4791 0 -1
ciMethod com/android/tools/r8/u/b/n i (I)Z 0 0 1 0 -1
ciMethod com/android/tools/r8/u/b/n p ()Ljava/util/LinkedList; 1025 1 128 0 -1
ciMethod com/android/tools/r8/u/b/n H ()Z 793 1 46 0 -1
ciMethod com/android/tools/r8/u/b/n a (ILcom/android/tools/r8/u/b/m1;Lcom/android/tools/r8/u/b/n$c;)V 4097 1 4762 0 -1
ciMethod com/android/tools/r8/u/b/n a (ILcom/android/tools/r8/u/b/m1;Lcom/android/tools/r8/u/b/n$e;)V 4097 1 4579 0 -1
ciMethod com/android/tools/r8/r/n/T q ()Lcom/android/tools/r8/r/n/D; 17 1 1 0 -1
ciMethod com/android/tools/r8/r/n/T t ()Ljava/util/List; 17 1 1 0 -1
ciMethod com/android/tools/r8/ir/conversion/m <init> (IILcom/android/tools/r8/v/a/a/a/f/S;)V 3121 1 209 0 -1
ciMethod com/android/tools/r8/ir/conversion/m a (ILjava/util/List;Lcom/android/tools/r8/v/a/a/a/h/G0;)Lcom/android/tools/r8/ir/conversion/m; 265 33 209 0 0
ciMethod com/android/tools/r8/v/a/a/a/f/Z entrySet ()Ljava/util/Set; 2185 1 143 0 0
ciMethod com/android/tools/r8/v/a/a/a/f/U isEmpty ()Z 1185 1 148 0 0
ciMethod com/android/tools/r8/v/a/a/a/f/U equals (Ljava/lang/Object;)Z 4097 1 5208 0 0
ciMethod com/android/tools/r8/u/b/m1$a <init> (Lcom/android/tools/r8/graph/r;)V 305 1 95 0 -1
ciMethod com/android/tools/r8/v/a/a/a/f/X$e <init> (Lcom/android/tools/r8/v/a/a/a/f/X;)V 3057 1 332 0 -1
ciMethod com/android/tools/r8/v/a/a/a/f/X$e <init> (Lcom/android/tools/r8/v/a/a/a/f/X;Lcom/android/tools/r8/v/a/a/a/f/W;)V 3057 1 332 0 -1
ciMethod com/android/tools/r8/v/a/a/a/f/X$e iterator ()Lcom/android/tools/r8/v/a/a/a/h/j0; 4097 1 645 0 0
ciMethod com/android/tools/r8/v/a/a/a/h/o <init> ()V 3601 1 478 0 -1
ciMethod com/android/tools/r8/v/a/a/a/h/i <init> ()V 3609 1 480 0 -1
ciMethod com/android/tools/r8/v/a/a/a/f/X$a <init> (Lcom/android/tools/r8/v/a/a/a/f/X;)V 4097 1 649 0 -1
ciMethod com/android/tools/r8/v/a/a/a/f/X$a <init> (Lcom/android/tools/r8/v/a/a/a/f/X;Lcom/android/tools/r8/v/a/a/a/f/W;)V 4097 1 645 0 -1
ciMethod com/android/tools/r8/v/a/a/a/f/X$a next ()Ljava/lang/Object; 4097 1 1738 0 0
ciMethod com/android/tools/r8/v/a/a/a/f/X$f <init> (Lcom/android/tools/r8/v/a/a/a/f/X;)V 4097 1 794 0 -1
ciMethod com/android/tools/r8/v/a/a/a/f/X$f <init> (Lcom/android/tools/r8/v/a/a/a/f/X;Lcom/android/tools/r8/v/a/a/a/f/W;)V 4097 1 793 0 -1
ciMethod com/android/tools/r8/v/a/a/a/f/X$f hasNext ()Z 4097 1 3509 0 0
ciMethod com/android/tools/r8/v/a/a/a/f/X$f c ()I 4097 10617 1839 0 0
ciMethod com/android/tools/r8/v/a/a/a/f/X$d <init> (Lcom/android/tools/r8/v/a/a/a/f/X;I)V 4097 1 1738 0 0
ciMethod com/android/tools/r8/v/a/a/a/f/X$d b ()I 4097 1 1480 0 0
ciMethod com/android/tools/r8/v/a/a/a/f/X$d getValue ()Ljava/lang/Object; 4097 1 1595 0 0
ciMethod com/android/tools/r8/v/a/a/a/f/d0 <init> (Lcom/android/tools/r8/v/a/a/a/f/e0;)V 4097 1 1818 0 0
ciMethod com/android/tools/r8/v/a/a/a/f/d0 hasNext ()Z 4097 1 1905 0 0
ciMethodData com/android/tools/r8/graph/l a ()Ljava/util/List; 2 31868 orig 264 88 29 255 89 0 0 0 0 112 209 218 39 0 0 0 0 88 1 0 0 0 0 0 0 0 0 0 0 0 0 0 0 0 0 0 0 0 0 0 0 0 0 0 0 0 0 0 0 0 0 0 0 0 0 0 0 0 0 0 0 0 0 0 0 0 0 0 0 0 0 0 0 0 0 0 0 0 0 0 0 77 68 79 32 101 120 116 114 97 32 100 97 116 97 32 108 111 99 107 0 0 0 0 0 0 0 0 0 0 0 0 0 0 0 0 0 0 0 0 0 0 0 0 0 0 0 0 0 0 0 0 0 0 0 0 0 0 0 0 0 0 0 0 0 0 0 0 0 0 0 0 0 0 0 0 0 0 0 0 0 0 0 0 0 0 0 0 0 0 0 0 0 0 0 0 0 0 0 0 0 0 0 0 0 0 0 0 0 0 0 0 0 0 0 0 0 0 0 0 0 0 0 0 0 0 0 0 0 0 0 0 0 0 0 0 0 6 1 0 0 161 219 3 0 1 0 0 0 0 0 0 0 0 0 0 0 2 0 0 0 0 0 15 0 2 0 0 0 16 0 0 0 255 255 255 255 2 0 4 0 0 0 0 0 data 2 0x40002 0x7b74 oops 0
ciMethod com/android/tools/r8/v/a/a/a/f/h <init> ()V 4097 1 1818 0 0
ciMethod com/android/tools/r8/ir/conversion/o$$Lambda$808 <init> (Lcom/android/tools/r8/ir/conversion/N;)V 617 1 170 0 -1
ciMethod com/android/tools/r8/ir/conversion/o$$Lambda$808 get$Lambda (Lcom/android/tools/r8/ir/conversion/N;)Ljava/util/function/BiConsumer; 617 1 170 0 0
ciMethodData com/android/tools/r8/v/a/a/a/f/K b (I)Lcom/android/tools/r8/v/a/a/a/f/J; 2 7335 orig 264 88 29 255 89 0 0 0 0 72 214 243 39 0 0 0 0 80 2 0 0 160 0 0 0 0 0 0 0 0 0 0 0 0 0 0 0 0 0 0 0 0 0 0 0 0 0 0 0 0 0 0 0 0 0 0 0 0 0 0 0 0 0 0 0 0 0 0 0 0 0 0 0 0 0 0 0 0 0 0 0 77 68 79 32 101 120 116 114 97 32 100 97 116 97 32 108 111 99 107 0 0 0 0 0 0 0 0 0 0 0 0 0 0 0 0 0 0 0 0 0 0 0 0 0 0 0 0 0 0 0 0 0 0 0 0 0 0 0 0 0 0 0 0 0 0 0 0 0 0 0 0 0 0 0 0 0 0 0 0 0 0 0 0 0 0 0 0 0 0 0 0 0 0 0 0 0 0 0 0 0 0 0 0 0 0 0 0 0 0 0 0 0 0 0 0 0 0 0 0 0 0 0 0 0 0 0 0 0 0 0 0 0 0 0 0 0 76 2 0 0 97 192 0 0 217 210 0 0 0 0 0 0 0 0 0 0 2 0 0 0 1 0 25 0 2 0 0 0 0 1 0 0 255 255 255 255 7 0 6 0 0 0 0 0 data 32 0x60007 0x16a1 0x100 0x1bc3 0xe0002 0x1bc4 0x130007 0x16b 0xd0 0x1a5a 0x170007 0x1842 0x68 0x218 0x1b0005 0x0 0x232dc570 0x218 0x0 0x0 0x1f0003 0x218 0xffffffffffffff60 0x230005 0x28 0x232dc570 0x181a 0x0 0x0 0x270003 0x1842 0xffffffffffffff18 oops 2 16 com/android/tools/r8/v/a/a/a/f/J 25 com/android/tools/r8/v/a/a/a/f/J
ciMethodData com/android/tools/r8/v/a/a/a/f/J g ()Lcom/android/tools/r8/v/a/a/a/f/J; 1 777 orig 264 88 29 255 89 0 0 0 0 8 39 244 39 0 0 0 0 88 1 0 0 0 0 0 0 0 0 0 0 0 0 0 0 0 0 0 0 0 0 0 0 0 0 0 0 0 0 0 0 0 0 0 0 0 0 0 0 0 0 0 0 0 0 0 0 0 0 0 0 0 0 0 0 0 0 0 0 0 0 0 0 77 68 79 32 101 120 116 114 97 32 100 97 116 97 32 108 111 99 107 0 0 0 0 0 0 0 0 0 0 0 0 0 0 0 0 0 0 0 0 0 0 0 0 0 0 0 0 0 0 0 0 0 0 0 0 0 0 0 0 0 0 0 0 0 0 0 0 0 0 0 0 0 0 0 0 0 0 0 0 0 0 0 0 0 0 0 0 0 0 0 0 0 0 0 0 0 0 0 0 0 0 0 0 0 0 0 0 0 0 0 0 0 0 0 0 0 0 0 0 0 0 0 0 0 0 0 0 0 0 0 0 0 0 0 0 0 158 0 0 0 89 19 0 0 1 0 0 0 0 0 0 0 0 0 0 0 2 0 0 0 0 0 0 0 0 0 0 0 56 0 0 0 255 255 255 255 7 0 7 0 0 0 0 0 data 7 0x70007 0x164 0x38 0x107 0xb0003 0x107 0x18 oops 0
ciMethodData com/android/tools/r8/v/a/a/a/f/J k ()Lcom/android/tools/r8/v/a/a/a/f/J; 2 6737 orig 264 88 29 255 89 0 0 0 0 192 39 244 39 0 0 0 0 88 1 0 0 0 0 0 0 0 0 0 0 0 0 0 0 0 0 0 0 0 0 0 0 0 0 0 0 0 0 0 0 0 0 0 0 0 0 0 0 0 0 0 0 0 0 0 0 0 0 0 0 0 0 0 0 0 0 0 0 0 0 0 0 77 68 79 32 101 120 116 114 97 32 100 97 116 97 32 108 111 99 107 0 0 0 0 0 0 0 0 0 0 0 0 0 0 0 0 0 0 0 0 0 0 0 0 0 0 0 0 0 0 0 0 0 0 0 0 0 0 0 0 0 0 0 0 0 0 0 0 0 0 0 0 0 0 0 0 0 0 0 0 0 0 0 0 0 0 0 0 0 0 0 0 0 0 0 0 0 0 0 0 0 0 0 0 0 0 0 0 0 0 0 0 0 0 0 0 0 0 0 0 0 0 0 0 0 0 0 0 0 0 0 0 0 0 0 0 0 221 1 0 0 161 195 0 0 1 0 0 0 0 0 0 0 0 0 0 0 2 0 0 0 0 0 0 0 0 0 0 0 56 0 0 0 255 255 255 255 7 0 7 0 0 0 0 0 data 7 0x70007 0x2c9 0x38 0x15ab 0xb0003 0x15ab 0x18 oops 0
ciMethodData com/android/tools/r8/v/a/a/a/f/K get (I)Ljava/lang/Object; 2 5559 orig 264 88 29 255 89 0 0 0 0 128 236 243 39 0 0 0 0 184 1 0 0 0 0 0 0 0 0 0 0 0 0 0 0 0 0 0 0 0 0 0 0 0 0 0 0 0 0 0 0 0 0 0 0 0 0 0 0 0 0 0 0 0 0 0 0 0 0 0 0 0 0 0 0 0 0 0 0 0 0 0 0 77 68 79 32 101 120 116 114 97 32 100 97 116 97 32 108 111 99 107 0 0 0 0 0 0 0 0 0 0 0 0 0 0 0 0 0 0 0 0 0 0 0 0 0 0 0 0 0 0 0 0 0 0 0 0 0 0 0 0 0 0 0 0 0 0 0 0 0 0 0 0 0 0 0 0 0 0 0 0 0 0 0 0 0 0 0 0 0 0 0 0 0 0 0 0 0 0 0 0 0 0 0 0 0 0 0 0 0 0 0 0 0 0 0 0 0 0 0 0 0 0 0 0 0 0 0 0 0 0 0 0 0 0 0 0 0 172 1 0 0 89 160 0 0 1 0 0 0 0 0 0 0 0 0 0 0 2 0 0 0 0 0 6 0 2 0 0 0 104 0 0 0 255 255 255 255 5 0 2 0 0 0 0 0 data 13 0x20005 0x0 0xdda3c90 0x140c 0x0 0x0 0x70007 0x150 0x38 0x12bc 0xe0003 0x12bc 0x18 oops 1 2 com/android/tools/r8/v/a/a/a/f/K
ciMethodData com/android/tools/r8/ir/conversion/x <init> (Lcom/android/tools/r8/ir/conversion/x;ILcom/android/tools/r8/ir/conversion/p;)V 2 13122 orig 264 88 29 255 89 0 0 0 0 248 58 239 39 0 0 0 0 72 1 0 0 0 0 0 0 0 0 0 0 0 0 0 0 0 0 0 0 0 0 0 0 0 0 0 0 0 0 0 0 0 0 0 0 0 0 0 0 0 0 0 0 0 0 0 0 0 0 0 0 0 0 0 0 0 0 0 0 0 0 0 0 77 68 79 32 101 120 116 114 97 32 100 97 116 97 32 108 111 99 107 0 0 0 0 0 0 0 0 0 0 0 0 0 0 0 0 0 0 0 0 0 0 0 0 0 0 0 0 0 0 0 0 0 0 0 0 0 0 0 0 0 0 0 0 0 0 0 0 0 0 0 0 0 0 0 0 0 0 0 0 0 0 0 0 0 0 0 0 0 0 0 0 0 0 0 0 0 0 0 0 0 0 0 0 0 0 0 0 0 0 0 0 0 0 0 0 0 0 0 0 0 0 0 0 0 0 0 0 0 0 0 0 0 0 0 0 0 3 1 0 0 249 145 1 0 1 0 0 0 0 0 0 0 0 0 0 0 2 0 0 0 0 0 3 0 2 0 0 0 16 0 0 0 255 255 255 255 2 0 3 0 0 0 0 0 data 2 0x30002 0x323f oops 0
ciMethodData com/android/tools/r8/ir/conversion/x <init> (Lcom/android/tools/r8/ir/conversion/x;I)V 2 13122 orig 264 88 29 255 89 0 0 0 0 96 58 239 39 0 0 0 0 64 1 0 0 0 0 0 0 0 0 0 0 0 0 0 0 0 0 0 0 0 0 0 0 0 0 0 0 0 0 0 0 0 0 0 0 0 0 0 0 0 0 0 0 0 0 0 0 0 0 0 0 0 0 0 0 0 0 0 0 0 0 0 0 77 68 79 32 101 120 116 114 97 32 100 97 116 97 32 108 111 99 107 0 0 0 0 0 0 0 0 0 0 0 0 0 0 0 0 0 0 0 0 0 0 0 0 0 0 0 0 0 0 0 0 0 0 0 0 0 0 0 0 0 0 0 0 0 0 0 0 0 0 0 0 0 0 0 0 0 0 0 0 0 0 0 0 0 0 0 0 0 0 0 0 0 0 0 0 0 0 0 0 0 0 0 0 0 0 0 0 0 0 0 0 0 0 0 0 0 0 0 0 0 0 0 0 0 0 0 0 0 0 0 0 0 0 0 0 0 3 1 0 0 249 145 1 0 1 0 0 0 0 0 0 0 0 0 0 0 2 0 0 0 0 0 3 0 2 0 0 0 16 0 0 0 255 255 255 255 2 0 3 0 0 0 0 0 data 2 0x30002 0x323f oops 0
ciMethodData com/android/tools/r8/ir/conversion/N j ()Z 2 7478 orig 264 88 29 255 89 0 0 0 0 128 126 240 39 0 0 0 0 72 2 0 0 208 0 0 0 0 0 0 0 0 0 0 0 0 0 0 0 0 0 0 0 0 0 0 0 0 0 0 0 0 0 0 0 0 0 0 0 0 0 0 0 0 0 0 0 0 0 0 0 0 0 0 0 0 0 0 0 0 0 0 0 77 68 79 32 101 120 116 114 97 32 100 97 116 97 32 108 111 99 107 0 0 0 0 0 0 0 0 0 0 0 0 0 0 0 0 0 0 0 0 0 0 0 0 0 0 0 0 0 0 0 0 0 0 0 0 0 0 0 0 0 0 0 0 0 0 0 0 0 0 0 0 0 0 0 0 0 0 0 0 0 0 0 0 0 0 0 0 0 0 0 0 0 0 0 0 0 0 0 0 0 0 0 0 0 0 0 0 0 0 0 0 0 0 0 0 0 0 0 0 0 0 0 0 0 0 0 0 0 0 0 0 0 0 0 0 0 0 2 0 0 177 217 0 0 1 0 0 0 0 0 0 0 0 0 0 0 2 0 0 0 0 0 12 0 2 0 0 0 0 1 0 0 255 255 255 255 5 0 4 0 0 0 0 0 data 32 0x40005 0x0 0xdda40b0 0x1b36 0x0 0x0 0xa0007 0x1b38 0xd0 0x0 0x110005 0x0 0x0 0x0 0x0 0x0 0x140005 0x0 0x0 0x0 0x0 0x0 0x190007 0x0 0x38 0x0 0x1c0003 0x0 0x30 0x200003 0x0 0x18 oops 1 2 com/android/tools/r8/graph/f
ciMethodData com/android/tools/r8/ir/conversion/o b (Lcom/android/tools/r8/r/n/z;)Z 2 8487 orig 264 88 29 255 89 0 0 0 0 64 241 238 39 0 0 0 0 192 2 0 0 32 1 0 0 0 0 0 0 0 0 0 0 0 0 0 0 0 0 0 0 0 0 0 0 0 0 0 0 0 0 0 0 0 0 0 0 0 0 0 0 0 0 0 0 0 0 0 0 0 0 0 0 0 0 0 0 0 0 0 0 77 68 79 32 101 120 116 114 97 32 100 97 116 97 32 108 111 99 107 0 0 0 0 0 0 0 0 0 0 0 0 0 0 0 0 0 0 0 0 0 0 0 0 0 0 0 0 0 0 0 0 0 0 0 0 0 0 0 0 0 0 0 0 0 1 0 0 0 0 0 0 0 0 0 0 0 0 0 0 0 0 0 0 0 0 0 0 0 0 0 0 0 0 0 0 0 0 0 0 1 0 0 0 0 0 0 0 0 0 0 0 0 0 0 0 0 0 0 0 0 0 0 0 0 0 0 0 0 0 0 0 0 0 0 0 0 130 1 0 0 41 253 0 0 1 0 0 0 13 25 0 0 0 0 0 0 2 0 0 0 0 0 13 0 2 0 0 0 112 1 0 0 255 255 255 255 5 0 1 0 0 0 0 0 data 46 0x10005 0xf22 0xbcd4880 0x169 0x1e777670 0xf1a 0x40007 0x187 0x140 0x1e1f 0x80005 0x7a8 0x1e777670 0xf1a 0xbcd4930 0x75d 0xb0007 0x33 0xf0 0x1deb 0xf0004 0xffffffffffffe216 0xd71a9c0 0x3 0x1e7757b0 0xf 0x120007 0x0 0xa0 0x1deb 0x160004 0xffffffffffffe219 0xd71a9c0 0x4 0x1e7757b0 0xf 0x19e007 0x1de7 0x38 0x5 0x1c0003 0x5 0x30 0x200003 0x1de8 0x18 oops 8 2 com/android/tools/r8/r/n/P 4 com/android/tools/r8/r/n/k 12 com/android/tools/r8/r/n/k 14 com/android/tools/r8/r/n/Q 22 com/android/tools/r8/r/n/U 24 com/android/tools/r8/r/n/D 32 com/android/tools/r8/r/n/U 34 com/android/tools/r8/r/n/D
ciMethodData com/android/tools/r8/ir/conversion/o a (Lcom/android/tools/r8/r/n/z;)Z 2 11666 orig 264 88 29 255 89 0 0 0 0 208 230 238 39 0 0 0 0 112 2 0 0 208 0 0 0 0 0 0 0 0 0 0 0 0 0 0 0 0 0 0 0 0 0 0 0 0 0 0 0 0 0 0 0 0 0 0 0 0 0 0 0 0 0 0 0 0 0 0 0 0 0 0 0 0 0 0 0 0 0 0 0 77 68 79 32 101 120 116 114 97 32 100 97 116 97 32 108 111 99 107 0 0 0 0 0 0 0 0 0 0 0 0 0 0 0 0 0 0 0 0 0 0 0 0 0 0 0 0 0 0 0 0 0 0 0 0 0 0 0 0 0 0 0 0 0 0 0 0 0 0 0 0 0 0 0 0 0 0 0 0 0 0 0 0 0 0 0 0 0 0 0 0 0 0 0 0 0 0 0 0 0 0 0 0 0 0 0 0 0 0 0 0 0 0 0 0 0 0 0 0 0 0 0 0 0 0 0 0 0 0 0 0 0 0 0 0 0 0 2 0 0 145 92 1 0 1 0 0 0 0 0 0 0 0 0 0 0 2 0 0 0 0 0 12 0 2 0 0 0 32 1 0 0 255 255 255 255 5 0 4 0 0 0 0 0 data 36 0x40005 0x50 0xbcd66b0 0x2b45 0x0 0x0 0x70007 0x2b96 0xc0 0x0 0xb0005 0x0 0x0 0x0 0x0 0x0 0xe0007 0x0 0x70 0x0 0x120005 0x0 0x0 0x0 0x0 0x0 0x150007 0x0 0x20 0x0 0x1b0005 0x21f8 0xbcd76a0 0x847 0xbcd7750 0x157 oops 3 2 com/android/tools/r8/utils/h0 32 com/android/tools/r8/r/n/d 34 com/android/tools/r8/r/n/n
ciMethodData com/android/tools/r8/utils/h0 a ()Z 2 11669 orig 264 88 29 255 89 0 0 0 0 176 29 240 39 0 0 0 0 128 1 0 0 0 0 0 0 0 0 0 0 0 0 0 0 0 0 0 0 0 0 0 0 0 0 0 0 0 0 0 0 0 0 0 0 0 0 0 0 0 0 0 0 0 0 0 0 0 0 0 0 0 0 0 0 0 0 0 0 0 0 0 0 77 68 79 32 101 120 116 114 97 32 100 97 116 97 32 108 111 99 107 0 0 0 0 0 0 0 0 0 0 0 0 0 0 0 0 0 0 0 0 0 0 0 0 0 0 0 0 0 0 0 0 0 0 0 0 0 0 0 0 0 0 0 0 0 0 0 0 0 0 0 0 0 0 0 0 0 0 0 0 0 0 0 0 0 0 0 0 0 0 0 0 0 0 0 0 0 0 0 0 0 0 0 0 0 0 0 0 0 0 0 0 0 0 0 0 0 0 0 0 0 0 0 0 0 0 0 0 0 0 0 0 0 0 0 0 0 0 2 0 0 169 92 1 0 1 0 0 0 0 0 0 0 0 0 0 0 2 0 0 0 0 0 6 0 2 0 0 0 56 0 0 0 255 255 255 255 7 0 4 0 0 0 0 0 data 7 0x40007 0x2b96 0x38 0x0 0x80003 0x0 0x18 oops 0
ciMethodData com/android/tools/r8/ir/conversion/o h (I)Lcom/android/tools/r8/ir/conversion/m; 2 5905 orig 264 88 29 255 89 0 0 0 0 176 232 238 39 0 0 0 0 248 1 0 0 96 0 0 0 0 0 0 0 0 0 0 0 0 0 0 0 0 0 0 0 0 0 0 0 0 0 0 0 0 0 0 0 0 0 0 0 0 0 0 0 0 0 0 0 0 0 0 0 0 0 0 0 0 0 0 0 0 0 0 0 77 68 79 32 101 120 116 114 97 32 100 97 116 97 32 108 111 99 107 0 0 0 0 0 0 0 0 0 0 0 0 0 0 0 0 0 0 0 0 0 0 0 0 0 0 0 0 0 0 0 0 0 0 0 0 0 0 0 0 0 0 0 0 0 0 0 0 0 0 0 0 0 0 0 0 0 0 0 0 0 0 0 0 0 0 0 0 0 0 0 0 0 0 0 0 0 0 0 0 0 0 0 0 0 0 0 0 0 0 0 0 0 0 0 0 0 0 0 0 0 0 0 0 0 0 0 0 0 0 0 0 0 0 0 0 0 0 2 0 0 137 168 0 0 1 0 0 0 0 0 0 0 0 0 0 0 2 0 0 0 0 0 15 0 2 0 0 0 168 0 0 0 255 255 255 255 7 0 6 0 0 0 0 0 data 21 0x60007 0x5e 0x98 0x14b4 0xe0007 0x6 0x58 0x14b0 0x160007 0xb 0x38 0x14a4 0x1b0003 0x14a4 0x18 0x210007 0x14a5 0x30 0x11 0x310002 0x6f oops 0
ciMethodData com/android/tools/r8/ir/conversion/m a (ILjava/util/List;Lcom/android/tools/r8/v/a/a/a/h/G0;)Lcom/android/tools/r8/ir/conversion/m; 1 389 orig 264 88 29 255 89 0 0 0 0 48 224 246 39 0 0 0 0 176 4 0 0 40 3 0 0 0 0 0 0 0 0 0 0 0 0 0 0 0 0 0 0 0 0 0 0 0 0 0 0 0 0 0 0 0 0 0 0 0 0 0 0 0 0 0 0 0 0 0 0 0 0 0 0 0 0 0 0 0 0 0 0 77 68 79 32 101 120 116 114 97 32 100 97 116 97 32 108 111 99 107 0 0 0 0 0 0 0 0 0 0 0 0 0 0 0 0 0 0 0 0 0 0 0 0 0 0 0 0 0 0 0 0 0 0 0 0 0 0 0 0 0 0 0 0 0 0 0 0 0 0 0 0 0 0 0 0 0 0 0 0 0 0 0 0 0 0 0 0 0 0 0 0 0 0 0 0 0 0 0 0 0 0 0 0 0 0 0 0 0 0 0 0 0 0 0 0 0 0 0 0 0 0 0 0 0 0 0 0 0 0 0 0 0 0 0 0 0 33 0 0 0 129 6 0 0 9 12 0 0 0 0 0 0 0 0 0 0 2 0 0 0 0 0 0 0 0 0 0 0 88 3 0 0 255 255 255 255 5 0 10 0 0 0 0 0 data 107 0xa0005 0x0 0xdda3a80 0xd0 0x0 0x0 0x130005 0x0 0xabb9a70 0x251 0x0 0x0 0x180007 0xd0 0x2c8 0x181 0x1e0005 0x0 0xabb9a70 0x181 0x0 0x0 0x230004 0x0 0x8f406b0 0x181 0x0 0x0 0x290005 0x0 0x8f406b0 0x181 0x0 0x0 0x2c0005 0x0 0x1e272e70 0x181 0x0 0x0 0x380005 0x0 0x8f406b0 0x181 0x0 0x0 0x3b0005 0x0 0x1e272e70 0x181 0x0 0x0 0x420007 0x12e 0x48 0x53 0x480002 0x53 0x4c0003 0x53 0xfffffffffffffe60 0x520007 0x107 0x48 0x27 0x580002 0x27 0x5c0003 0x27 0xfffffffffffffe18 0x610007 0xb8 0x30 0x4f 0x6a0002 0x4f 0x760002 0x107 0x7c0002 0x107 0x800005 0x0 0x8f406b0 0x107 0x0 0x0 0x850005 0x0 0x8f406b0 0x107 0x0 0x0 0x8b0005 0x0 0xdda3df0 0x107 0x0 0x0 0x8f0003 0x107 0xfffffffffffffd20 0x980007 0x4f 0x20 0x81 0xa60002 0xd0 oops 11 2 java/util/Collections$UnmodifiableRandomAccessList 8 java/util/Collections$UnmodifiableCollection$1 18 java/util/Collections$UnmodifiableCollection$1 24 com/android/tools/r8/graph/l$a 30 com/android/tools/r8/graph/l$a 36 com/android/tools/r8/v/a/a/a/h/J0 42 com/android/tools/r8/graph/l$a 48 com/android/tools/r8/v/a/a/a/h/J0 82 com/android/tools/r8/graph/l$a 88 com/android/tools/r8/graph/l$a 94 com/android/tools/r8/v/a/a/a/f/X
ciMethodData com/android/tools/r8/v/a/a/a/c a (I)I 2 3121 orig 264 88 29 255 89 0 0 0 0 160 38 149 39 0 0 0 0 32 1 0 0 0 0 0 0 0 0 0 0 0 0 0 0 0 0 0 0 0 0 0 0 0 0 0 0 0 0 0 0 0 0 0 0 0 0 0 0 0 0 0 0 0 0 0 0 0 0 0 0 0 0 0 0 0 0 0 0 0 0 0 0 77 68 79 32 101 120 116 114 97 32 100 97 116 97 32 108 111 99 107 0 0 0 0 0 0 0 0 0 0 0 0 0 0 0 0 0 0 0 0 0 0 0 0 0 0 0 0 0 0 0 0 0 0 0 0 0 0 0 0 0 0 0 0 0 0 0 0 0 0 0 0 0 0 0 0 0 0 0 0 0 0 0 0 0 0 0 0 0 0 0 0 0 0 0 0 0 0 0 0 0 0 0 0 0 0 0 0 0 0 0 0 0 0 0 0 0 0 0 0 0 0 0 0 0 0 0 0 0 0 0 0 0 0 0 0 0 0 2 0 0 137 81 0 0 1 0 0 0 0 0 0 0 0 0 0 0 2 0 0 0 0 0 3 0 1 0 0 0 0 0 0 0 255 255 255 255 0 0 0 0 0 0 0 0 data 0 oops 0
ciMethodData com/android/tools/r8/ir/conversion/o a ()I 2 6358 orig 264 88 29 255 89 0 0 0 0 160 245 238 39 0 0 0 0 168 1 0 0 0 0 0 0 0 0 0 0 0 0 0 0 0 0 0 0 0 0 0 0 0 0 0 0 0 0 0 0 0 0 0 0 0 0 0 0 0 0 0 0 0 0 0 0 0 0 0 0 0 0 0 0 0 0 0 0 0 0 0 0 77 68 79 32 101 120 116 114 97 32 100 97 116 97 32 108 111 99 107 0 0 0 0 0 0 0 0 0 0 0 0 0 0 0 0 0 0 0 0 0 0 0 0 0 0 0 0 0 0 0 0 0 0 0 0 0 0 0 0 0 0 0 0 0 0 0 0 0 0 0 0 0 0 0 0 0 0 0 0 0 0 0 0 0 0 0 0 0 0 0 0 0 0 0 0 0 0 0 0 0 0 0 0 0 0 0 0 0 0 0 0 0 0 0 0 0 0 0 0 0 0 0 0 0 0 0 0 0 0 0 0 0 0 0 0 0 0 2 0 0 177 182 0 0 1 0 0 0 0 0 0 0 0 0 0 0 2 0 0 0 0 0 11 0 2 0 0 0 96 0 0 0 255 255 255 255 5 0 4 0 0 0 0 0 data 12 0x40005 0x0 0xdda39d0 0x16d6 0x0 0x0 0x70005 0x0 0xdda3a80 0x16d6 0x0 0x0 oops 2 2 com/android/tools/r8/graph/l 8 java/util/Collections$UnmodifiableRandomAccessList
ciMethodData com/android/tools/r8/ir/conversion/N j (I)V 2 5840 orig 264 88 29 255 89 0 0 0 0 96 109 240 39 0 0 0 0 144 2 0 0 80 0 0 0 0 0 0 0 0 0 0 0 0 0 0 0 0 0 0 0 0 0 0 0 0 0 0 0 0 0 0 0 0 0 0 0 0 0 0 0 0 0 0 0 0 0 0 0 0 0 0 0 0 0 0 0 0 0 0 0 77 68 79 32 101 120 116 114 97 32 100 97 116 97 32 108 111 99 107 0 0 0 0 0 0 0 0 0 0 0 0 0 0 0 0 0 0 0 0 0 0 0 0 0 0 0 0 0 0 0 0 0 0 0 0 0 0 0 0 0 0 0 0 0 0 0 0 0 0 0 0 0 0 0 0 0 0 0 0 0 0 0 0 0 0 0 0 0 0 0 0 0 0 0 0 0 0 0 0 0 0 0 0 0 0 0 0 0 0 0 0 0 0 0 0 0 0 0 0 0 0 0 0 0 0 0 0 0 0 0 0 0 0 0 0 0 0 2 0 0 129 166 0 0 1 0 0 0 0 0 0 0 0 0 0 0 2 0 0 0 0 0 7 0 2 0 0 0 64 1 0 0 255 255 255 255 7 0 1 0 0 0 0 0 data 40 0x10007 0x0 0x130 0x14d1 0x90005 0x0 0xdda1930 0x14d0 0x0 0x0 0xe0007 0x0 0x20 0x14d1 0x1a0002 0x0 0x200005 0x0 0x0 0x0 0x0 0x0 0x240005 0x0 0x0 0x0 0x0 0x0 0x270005 0x0 0x0 0x0 0x0 0x0 0x2a0002 0x0 0x2d0002 0x0 0x380002 0x0 oops 1 6 com/android/tools/r8/ir/conversion/o
ciMethodData com/android/tools/r8/ir/conversion/o j ()V 2 5721 orig 264 88 29 255 89 0 0 0 0 216 239 238 39 0 0 0 0 96 2 0 0 16 0 0 0 0 0 0 0 0 0 0 0 0 0 0 0 0 0 0 0 0 0 0 0 0 0 0 0 0 0 0 0 0 0 0 0 0 0 0 0 0 0 0 0 0 0 0 0 0 0 0 0 0 0 0 0 0 0 0 0 77 68 79 32 101 120 116 114 97 32 100 97 116 97 32 108 111 99 107 0 0 0 0 0 0 0 0 0 0 0 0 0 0 0 0 0 0 0 0 0 0 0 0 0 0 0 0 0 0 0 0 0 0 0 0 0 0 0 0 0 0 0 0 0 0 0 0 0 0 0 0 0 0 0 0 0 0 0 0 0 0 0 0 0 0 0 0 0 0 0 0 0 0 0 0 0 0 0 0 0 0 0 0 0 0 0 0 0 0 0 0 0 0 0 0 0 0 0 0 0 0 0 0 0 0 0 0 0 0 0 0 0 0 0 0 0 0 2 0 0 193 162 0 0 1 0 0 0 0 0 0 0 0 0 0 0 2 0 0 0 0 0 16 0 2 0 0 0 24 1 0 0 255 255 255 255 2 0 6 0 0 0 0 0 data 35 0x60002 0x1458 0x140007 0x13f7 0x20 0x61 0x220005 0x0 0xdda39d0 0x13f7 0x0 0x0 0x290005 0x0 0xdda3a80 0x13f7 0x0 0x0 0x2e0004 0x0 0x1e770a10 0x32 0xdda3b30 0xa8 0x310002 0x13f6 0x340007 0x72 0x48 0x1385 0x3e0002 0x1385 0x450003 0x1384 0x18 oops 4 8 com/android/tools/r8/graph/l 14 java/util/Collections$UnmodifiableRandomAccessList 20 com/android/tools/r8/r/n/N 22 com/android/tools/r8/r/n/E
ciMethodData com/android/tools/r8/ir/conversion/o i ()Z 2 5945 orig 264 88 29 255 89 0 0 0 0 144 240 238 39 0 0 0 0 120 1 0 0 0 0 0 0 0 0 0 0 0 0 0 0 0 0 0 0 0 0 0 0 0 0 0 0 0 0 0 0 0 0 0 0 0 0 0 0 0 0 0 0 0 0 0 0 0 0 0 0 0 0 0 0 0 0 0 0 0 0 0 0 77 68 79 32 101 120 116 114 97 32 100 97 116 97 32 108 111 99 107 0 0 0 0 0 0 0 0 0 0 0 0 0 0 0 0 0 0 0 0 0 0 0 0 0 0 0 0 0 0 0 0 0 0 0 0 0 0 0 0 0 0 0 0 0 0 0 0 0 0 0 0 0 0 0 0 0 0 0 0 0 0 0 0 0 0 0 0 0 0 0 0 0 0 0 0 0 0 0 0 0 0 0 0 0 0 0 0 0 0 0 0 0 0 0 0 0 0 0 0 0 0 0 0 0 0 0 0 0 0 0 0 0 0 0 0 0 0 2 0 0 201 169 0 0 1 0 0 0 0 0 0 0 0 0 0 0 2 0 0 0 0 0 3 0 2 0 0 0 48 0 0 0 255 255 255 255 5 0 8 0 0 0 0 0 data 6 0x80005 0x0 0xdda3df0 0x239 0xdda47c0 0x1301 oops 2 2 com/android/tools/r8/v/a/a/a/f/X 4 com/android/tools/r8/v/a/a/a/f/Z
ciMethodData com/android/tools/r8/ir/conversion/o a (Lcom/android/tools/r8/ir/conversion/N;IZ)V 2 5649 orig 264 88 29 255 89 0 0 0 0 152 9 239 39 0 0 0 0 80 29 0 0 96 21 0 0 0 0 0 0 0 0 0 0 0 0 0 0 0 0 0 0 0 0 0 0 0 0 0 0 0 0 0 0 0 0 0 0 0 0 0 0 0 0 0 0 0 0 0 0 0 0 0 0 0 0 0 0 0 0 0 0 77 68 79 32 101 120 116 114 97 32 100 97 116 97 32 108 111 99 107 0 0 0 0 0 0 0 0 0 0 0 0 0 0 0 0 0 0 0 0 0 0 0 0 0 0 0 0 0 0 0 0 0 0 0 0 0 0 0 0 0 0 0 0 0 0 0 0 0 0 0 0 0 0 0 0 0 0 0 0 0 0 0 0 0 0 0 0 0 0 0 0 0 0 0 0 0 0 0 0 0 0 0 0 0 0 0 0 0 0 0 0 0 0 0 0 0 0 0 0 0 0 0 0 0 0 0 0 0 0 0 0 0 0 0 0 0 0 2 0 0 113 160 0 0 49 7 0 0 0 0 0 0 0 0 0 0 2 0 0 0 6 0 121 0 2 0 0 0 232 27 0 0 255 255 255 255 7 0 3 0 0 0 0 0 data 893 0x30007 0x140e 0x38 0x0 0x70003 0x0 0x18 0xb0007 0x140e 0x1e8 0x0 0x110007 0x0 0x68 0x0 0x180007 0x0 0x38 0x0 0x1b0003 0x0 0x28 0x220002 0x0 0x350005 0x0 0x0 0x0 0x0 0x0 0x380005 0x0 0x0 0x0 0x0 0x0 0x460005 0x0 0x0 0x0 0x0 0x0 0x4a0005 0x0 0x0 0x0 0x0 0x0 0x4f0004 0x0 0x0 0x0 0x0 0x0 0x520002 0x0 0x550005 0x0 0x0 0x0 0x0 0x0 0x5b0005 0x0 0x0 0x0 0x0 0x0 0x6a0005 0x0 0xdda39d0 0x140e 0x0 0x0 0x6e0005 0x0 0xdda3a80 0x140e 0x0 0x0 0x730004 0x0 0xdda3b30 0xc2 0xdda3be0 0xb7 0x7a0007 0x1390 0x278 0x7f 0x800005 0x0 0xdda1b60 0x7f 0x0 0x0 0x840005 0x0 0xdda3c90 0x7f 0x0 0x0 0x890104 0x0 0xdda3d40 0x1b 0x0 0x0 0x920007 0x1b 0xd0 0x64 0x970007 0x0 0xb0 0x64 0x9c0005 0x0 0xdda1b60 0x64 0x0 0x0 0xa00005 0x0 0xdda3c90 0x64 0x0 0x0 0xa50004 0x0 0xdda3d40 0x64 0x0 0x0 0xb70005 0x0 0xdda3df0 0x7f 0x0 0x0 0xbc0004 0x0 0xdda3ea0 0xc 0xdda3f50 0x5e 0xc10007 0x1b 0x38 0x64 0xc70003 0x64 0x18 0xd10005 0x0 0xdda1930 0x7f 0x0 0x0 0xdc0005 0x0 0xdda4000 0x7f 0x0 0x0 0xe20007 0x140f 0x68 0x0 0xe90007 0x0 0x38 0x0 0xec0003 0x0 0x28 0xf30002 0x0 0xfa0002 0x140f 0xfd0002 0x140d 0x1000007 0xe32 0x288 0x5dc 0x1070005 0x0 0xdda4000 0x5dc 0x0 0x0 0x1110005 0x0 0xdda40b0 0x5dc 0x0 0x0 0x1190007 0x0 0x208 0x5dc 0x1280005 0x82 0xdda4160 0x332 0xdda3ea0 0x228 0x12e0002 0x5dc 0x1310005 0x82 0xdda4160 0x332 0xdda3ea0 0x228 0x1410002 0x5dc 0x1470004 0x0 0xdda4210 0x5dc 0x0 0x0 0x14e0005 0x0 0xdda42c0 0x5dc 0x0 0x0 0x1570005 0x0 0xdda4370 0x5dc 0x0 0x0 0x15c0007 0x5db 0xd8 0x0 0x1620005 0x0 0x0 0x0 0x0 0x0 0x1670004 0x0 0x0 0x0 0x0 0x0 0x16a0005 0x0 0x0 0x0 0x0 0x0 0x16f0002 0x0 0x1720003 0x0 0xffffffffffffff10 0x1780002 0x140e 0x1840005 0x0 0xdda1930 0x140f 0x0 0x0 0x1870007 0x5c 0xb8 0x13b3 0x18b0005 0x0 0xdda1b60 0x13b3 0x0 0x0 0x1900005 0x0 0xdda3c90 0x13b3 0x0 0x0 0x1950007 0x25 0x38 0x138e 0x19b0003 0x138e 0x18 0x1a20005 0x1296 0xdda3b30 0xc2 0xdda3be0 0xb7 0x1a50007 0x65 0x438 0x13aa 0x1a90004 0xffffffffffffec59 0xdda3b30 0x24 0xdda3be0 0x24 0x1ac0007 0x13a7 0x38 0x3 0x1af0003 0x3 0x3c8 0x1b40007 0x1389 0x980 0x1e 0x1b90007 0xa 0x960 0x14 0x1bf0007 0x14 0x78 0x0 0x1c30002 0x0 0x1c60007 0x0 0x38 0x0 0x1c90003 0x0 0x28 0x1d00002 0x0 0x1d80005 0x0 0xdda3df0 0x14 0x0 0x0 0x1dd0005 0x0 0xdda4420 0x14 0x0 0x0 0x1e60005 0x0 0xdda44d0 0x6b 0x0 0x0 0x1eb0007 0x14 0x838 0x57 0x1f00005 0x0 0xdda44d0 0x57 0x0 0x0 0x1f50004 0x0 0xdda4580 0x57 0x0 0x0 0x1fb0005 0x0 0xdda4580 0x57 0x0 0x0 0x2000004 0x0 0xdda4630 0x57 0x0 0x0 0x2090005 0x0 0xdda4580 0x57 0x0 0x0 0x20e0005 0x0 0xdda3df0 0x57 0x0 0x0 0x2130005 0x0 0xdda4630 0x57 0x0 0x0 0x2160007 0x54 0xfffffffffffffe60 0x3 0x21c0005 0x0 0xdda4580 0x3 0x0 0x0 0x2230005 0x0 0xdda4580 0x3 0x0 0x0 0x2280004 0x0 0xdda4630 0x3 0x0 0x0 0x22b0005 0x0 0xdda1b60 0x3 0x0 0x0 0x22e0003 0x3 0xfffffffffffffd80 0x2340007 0x68 0x98 0x0 0x23e0005 0x0 0x0 0x0 0x0 0x0 0x2430007 0x0 0x38 0x0 0x2460003 0x0 0x28 0x24d0002 0x0 0x2580005 0x0 0xdda42c0 0x68 0x0 0x0 0x25d0007 0x0 0xa8 0x68 0x2660002 0x68 0x26a000a 0x68 0x3 0x0 0xdda1b60 0xdda4710 0x26f0005 0x0 0xdda47c0 0x5c 0xdda3df0 0xc 0x2740003 0x68 0x478 0x27b0005 0x0 0x0 0x0 0x0 0x0 0x2800007 0x0 0x430 0x0 0x28a0002 0x0 0x2930005 0x0 0x0 0x0 0x0 0x0 0x29c0005 0x0 0x0 0x0 0x0 0x0 0x2a10007 0x0 0x108 0x0 0x2a90005 0x0 0x0 0x0 0x0 0x0 0x2ae0004 0x0 0x0 0x0 0x0 0x0 0x2b10005 0x0 0x0 0x0 0x0 0x0 0x2b40002 0x0 0x2ba0005 0x0 0x0 0x0 0x0 0x0 0x2bd0003 0x0 0xfffffffffffffee0 0x2c40005 0x0 0x0 0x0 0x0 0x0 0x2c90005 0x0 0x0 0x0 0x0 0x0 0x2d20005 0x0 0x0 0x0 0x0 0x0 0x2d70007 0x0 0x208 0x0 0x2de0005 0x0 0x0 0x0 0x0 0x0 0x2e30004 0x0 0x0 0x0 0x0 0x0 0x2e90005 0x0 0x0 0x0 0x0 0x0 0x2ee0005 0x0 0x0 0x0 0x0 0x0 0x2f30005 0x0 0x0 0x0 0x0 0x0 0x2f80007 0x0 0xfffffffffffffec0 0x0 0x2fe0005 0x0 0x0 0x0 0x0 0x0 0x3050005 0x0 0x0 0x0 0x0 0x0 0x30a0004 0x0 0x0 0x0 0x0 0x0 0x30d0005 0x0 0x0 0x0 0x0 0x0 0x3100003 0x0 0xfffffffffffffde0 0x31d0005 0x1296 0xdda3b30 0xc2 0xdda3be0 0xb7 0x3200007 0x138b 0x100 0x81 0x3290005 0x0 0xdda4000 0x81 0x0 0x0 0x32d0002 0x81 0x3300007 0x9 0x78 0x78 0x3350002 0x78 0x3420007 0x78 0x7c0 0x1b 0x34b0002 0x1b 0x3510003 0x1b 0xffffffffffffffd0 0x3580002 0x9 0x35b0003 0x9 0x768 0x3600007 0x1376 0x750 0x14 0x3660007 0x14 0x78 0x0 0x36a0002 0x0 0x36d0007 0x0 0x38 0x0 0x3700003 0x0 0x28 0x3770002 0x0 0x37f0005 0x0 0xdda3df0 0x14 0x0 0x0 0x3840005 0x0 0xdda4420 0x14 0x0 0x0 0x38b0005 0x0 0xdda44d0 0x7a 0x0 0x0 0x3900007 0x14 0x628 0x66 0x3940005 0x0 0xdda44d0 0x66 0x0 0x0 0x3990004 0x0 0xdda4580 0x66 0x0 0x0 0x39e0005 0x0 0xdda4580 0x66 0x0 0x0 0x3a30004 0x0 0xdda4630 0x66 0x0 0x0 0x3ab0005 0x0 0xdda4580 0x66 0x0 0x0 0x3b00005 0x0 0xdda3df0 0x66 0x0 0x0 0x3b50005 0x0 0xdda4630 0x66 0x0 0x0 0x3b80007 0x54 0xfffffffffffffe60 0x12 0x3c00005 0x0 0xdda4580 0x12 0x0 0x0 0x3c50005 0x0 0xdda4000 0x12 0x0 0x0 0x3cb0007 0x0 0x360 0x12 0x3d40005 0x0 0xdda4580 0x12 0x0 0x0 0x3d90004 0x0 0xdda4630 0x12 0x0 0x0 0x3df0002 0x12 0x3e20007 0x12 0x2d0 0x0 0x3ef0002 0x0 0x3f50005 0x0 0x0 0x0 0x0 0x0 0x3fc0005 0x0 0x0 0x0 0x0 0x0 0x3ff0008 0xc 0x0 0x70 0x0 0xe0 0x0 0xc8 0x0 0xb0 0x0 0x98 0x0 0x80 0x4240002 0x0 0x42c0003 0x0 0x60 0x4330003 0x0 0x48 0x43a0003 0x0 0x30 0x4410003 0x0 0x18 0x44c0005 0x0 0x0 0x0 0x0 0x0 0x4520005 0x0 0x0 0x0 0x0 0x0 0x4560005 0x0 0x0 0x0 0x0 0x0 0x45b0004 0x0 0x0 0x0 0x0 0x0 0x4610005 0x0 0x0 0x0 0x0 0x0 0x4640005 0x0 0x0 0x0 0x0 0x0 0x4670005 0x0 0x0 0x0 0x0 0x0 0x46a0002 0x0 0x4700005 0x0 0xdda4580 0x12 0x0 0x0 0x4760005 0x0 0xdda4580 0x12 0x0 0x0 0x47b0004 0x0 0xdda4630 0x12 0x0 0x0 0x47e0005 0x0 0xdda1b60 0x12 0x0 0x0 0x4810003 0x12 0xfffffffffffff9c0 oops 69 70 com/android/tools/r8/graph/l 76 java/util/Collections$UnmodifiableRandomAccessList 82 com/android/tools/r8/r/n/E 84 com/android/tools/r8/r/n/A 92 com/android/tools/r8/ir/conversion/N 98 com/android/tools/r8/v/a/a/a/f/K 104 com/android/tools/r8/ir/conversion/N$b 118 com/android/tools/r8/ir/conversion/N 124 com/android/tools/r8/v/a/a/a/f/K 130 com/android/tools/r8/ir/conversion/N$b 136 com/android/tools/r8/v/a/a/a/f/X 142 com/android/tools/r8/ir/conversion/q 144 com/android/tools/r8/ir/conversion/y 155 com/android/tools/r8/ir/conversion/o 161 com/android/tools/r8/ir/conversion/t 188 com/android/tools/r8/ir/conversion/t 194 com/android/tools/r8/graph/f 204 com/android/tools/r8/ir/conversion/s 206 com/android/tools/r8/ir/conversion/q 212 com/android/tools/r8/ir/conversion/s 214 com/android/tools/r8/ir/conversion/q 220 com/android/tools/r8/ir/conversion/v 226 com/android/tools/r8/v/a/a/a/f/e0 232 com/android/tools/r8/v/a/a/a/f/d0 267 com/android/tools/r8/ir/conversion/o 277 com/android/tools/r8/ir/conversion/N 283 com/android/tools/r8/v/a/a/a/f/K 296 com/android/tools/r8/r/n/E 298 com/android/tools/r8/r/n/A 306 com/android/tools/r8/r/n/E 308 com/android/tools/r8/r/n/A 342 com/android/tools/r8/v/a/a/a/f/X 348 com/android/tools/r8/v/a/a/a/f/X$e 354 com/android/tools/r8/v/a/a/a/f/X$a 364 com/android/tools/r8/v/a/a/a/f/X$a 370 com/android/tools/r8/v/a/a/a/f/X$d 376 com/android/tools/r8/v/a/a/a/f/X$d 382 com/android/tools/r8/graph/r 388 com/android/tools/r8/v/a/a/a/f/X$d 394 com/android/tools/r8/v/a/a/a/f/X 400 com/android/tools/r8/graph/r 410 com/android/tools/r8/v/a/a/a/f/X$d 416 com/android/tools/r8/v/a/a/a/f/X$d 422 com/android/tools/r8/graph/r 428 com/android/tools/r8/ir/conversion/N 456 com/android/tools/r8/v/a/a/a/f/e0 474 com/android/tools/r8/v/a/a/a/f/Z 476 com/android/tools/r8/v/a/a/a/f/X 623 com/android/tools/r8/r/n/E 625 com/android/tools/r8/r/n/A 633 com/android/tools/r8/ir/conversion/t 680 com/android/tools/r8/v/a/a/a/f/X 686 com/android/tools/r8/v/a/a/a/f/X$e 692 com/android/tools/r8/v/a/a/a/f/X$a 702 com/android/tools/r8/v/a/a/a/f/X$a 708 com/android/tools/r8/v/a/a/a/f/X$d 714 com/android/tools/r8/v/a/a/a/f/X$d 720 com/android/tools/r8/graph/r 726 com/android/tools/r8/v/a/a/a/f/X$d 732 com/android/tools/r8/v/a/a/a/f/X 738 com/android/tools/r8/graph/r 748 com/android/tools/r8/v/a/a/a/f/X$d 754 com/android/tools/r8/ir/conversion/t 764 com/android/tools/r8/v/a/a/a/f/X$d 770 com/android/tools/r8/graph/r 868 com/android/tools/r8/v/a/a/a/f/X$d 874 com/android/tools/r8/v/a/a/a/f/X$d 880 com/android/tools/r8/graph/r 886 com/android/tools/r8/ir/conversion/N
ciMethodData com/android/tools/r8/v/a/a/a/f/K a (I)Z 2 5952 orig 264 88 29 255 89 0 0 0 0 128 234 243 39 0 0 0 0 184 1 0 0 0 0 0 0 0 0 0 0 0 0 0 0 0 0 0 0 0 0 0 0 0 0 0 0 0 0 0 0 0 0 0 0 0 0 0 0 0 0 0 0 0 0 0 0 0 0 0 0 0 0 0 0 0 0 0 0 0 0 0 0 77 68 79 32 101 120 116 114 97 32 100 97 116 97 32 108 111 99 107 0 0 0 0 0 0 0 0 0 0 0 0 0 0 0 0 0 0 0 0 0 0 0 0 0 0 0 0 0 0 0 0 0 0 0 0 0 0 0 0 0 0 0 0 0 0 0 0 0 0 0 0 0 0 0 0 0 0 0 0 0 0 0 0 0 0 0 0 0 0 0 0 0 0 0 0 0 0 0 0 0 0 0 0 0 0 0 0 0 0 0 0 0 0 0 0 0 0 0 0 0 0 0 0 0 0 0 0 0 0 0 0 0 0 0 0 0 0 2 0 0 1 170 0 0 1 0 0 0 0 0 0 0 0 0 0 0 2 0 0 0 0 0 6 0 2 0 0 0 104 0 0 0 255 255 255 255 5 0 2 0 0 0 0 0 data 13 0x20005 0x1c9 0xdda3c90 0x1377 0x0 0x0 0x50007 0x1509 0x38 0x37 0x90003 0x37 0x18 oops 1 2 com/android/tools/r8/v/a/a/a/f/K
ciMethodData com/android/tools/r8/v/a/a/a/f/X get (I)Ljava/lang/Object; 2 2062 orig 264 88 29 255 89 0 0 0 0 152 183 148 39 0 0 0 0 56 2 0 0 136 0 0 0 0 0 0 0 0 0 0 0 0 0 0 0 0 0 0 0 0 0 0 0 0 0 0 0 0 0 0 0 0 0 0 0 0 0 0 0 0 0 0 0 0 0 0 0 0 0 0 0 0 0 0 0 0 0 0 0 77 68 79 32 101 120 116 114 97 32 100 97 116 97 32 108 111 99 107 0 0 0 0 0 0 0 0 0 0 0 0 0 0 0 0 0 0 0 0 0 0 0 0 0 0 0 0 0 0 0 0 0 0 0 0 0 0 0 0 0 0 0 0 0 0 0 0 0 0 0 0 0 0 0 0 0 0 0 0 0 0 0 0 0 0 0 0 0 0 0 0 0 0 0 0 0 0 0 0 0 0 0 0 0 0 0 0 0 0 0 0 0 0 0 0 0 0 0 0 0 0 0 0 0 0 0 0 0 0 0 0 0 0 0 0 0 0 2 0 0 113 48 0 0 121 0 0 0 0 0 0 0 0 0 0 0 2 0 0 0 1 0 17 0 2 0 0 0 232 0 0 0 255 255 255 255 7 0 1 0 0 0 0 0 data 29 0x10007 0x4a7 0x58 0x167 0x80007 0x6e 0x38 0xf9 0x140003 0xf9 0x18 0x230002 0x4a7 0x310007 0x2ac 0x20 0x1fb 0x3c0007 0x11 0x20 0x29b 0x550007 0xf 0x20 0xa 0x600007 0x8 0xffffffffffffffe0 0x7 oops 0
ciMethodData com/android/tools/r8/v/a/a/a/f/X$f hasNext ()Z 2 3509 orig 264 88 29 255 89 0 0 0 0 64 158 248 39 0 0 0 0 88 1 0 0 0 0 0 0 0 0 0 0 0 0 0 0 0 0 0 0 0 0 0 0 0 0 0 0 0 0 0 0 0 0 0 0 0 0 0 0 0 0 0 0 0 0 0 0 0 0 0 0 0 0 0 0 0 0 0 0 0 0 0 0 77 68 79 32 101 120 116 114 97 32 100 97 116 97 32 108 111 99 107 0 0 0 0 0 0 0 0 0 0 0 0 0 0 0 0 0 0 0 0 0 0 0 0 0 0 0 0 0 0 0 0 0 0 0 0 0 0 0 0 0 0 0 0 0 0 0 0 0 0 0 0 0 0 0 0 0 0 0 0 0 0 0 0 0 0 0 0 0 0 0 0 0 0 0 0 0 0 0 0 0 0 0 0 0 0 0 0 0 0 0 0 0 0 0 0 0 0 0 0 0 0 0 0 0 0 0 0 0 0 0 0 0 0 0 0 0 0 2 0 0 169 93 0 0 1 0 0 0 0 0 0 0 0 0 0 0 2 0 0 0 0 0 6 0 2 0 0 0 56 0 0 0 255 255 255 255 7 0 4 0 0 0 0 0 data 7 0x40007 0x15a 0x38 0xa5b 0x80003 0xa5b 0x18 oops 0
ciMethodData com/android/tools/r8/u/b/o1 a (Lcom/android/tools/r8/graph/f0;)Lcom/android/tools/r8/u/b/o1; 2 4812 orig 264 88 29 255 89 0 0 0 0 88 210 224 39 0 0 0 0 104 3 0 0 0 0 0 0 0 0 0 0 0 0 0 0 0 0 0 0 0 0 0 0 0 0 0 0 0 0 0 0 0 0 0 0 0 0 0 0 0 0 0 0 0 0 0 0 0 0 0 0 0 0 0 0 0 0 0 0 0 0 0 0 77 68 79 32 101 120 116 114 97 32 100 97 116 97 32 108 111 99 107 0 0 0 0 0 0 0 0 0 0 0 0 0 0 0 0 0 0 0 0 0 0 0 0 0 0 0 0 0 0 0 0 0 0 0 0 0 0 0 0 0 0 0 0 0 0 0 0 0 0 0 0 0 0 0 0 0 0 0 0 0 0 0 0 0 0 0 0 0 0 0 0 0 0 0 0 0 0 0 0 0 0 0 0 0 0 0 0 0 0 0 0 0 0 0 0 0 0 0 0 0 0 0 0 0 0 0 0 0 0 0 0 0 0 0 0 0 0 2 0 0 97 134 0 0 1 0 0 0 0 0 0 0 0 0 0 0 2 0 0 0 0 0 24 0 2 0 0 0 32 2 0 0 255 255 255 255 8 0 12 0 0 0 0 0 data 68 0xc0008 0x18 0x0 0xd0 0x0 0x220 0x0 0x220 0x0 0x208 0x0 0x1f0 0x1 0x220 0x0 0x1d8 0x57 0x1c0 0x0 0x220 0x0 0x1b0 0x0 0x220 0x48 0x1c0 0x780002 0x0 0x7d0005 0x0 0x0 0x0 0x0 0x0 0x810005 0x0 0x0 0x0 0x0 0x0 0x860005 0x0 0x0 0x0 0x0 0x0 0x890005 0x0 0x0 0x0 0x0 0x0 0x8c0002 0x0 0x960002 0x0 0x9e0003 0x10ad 0x60 0xa50003 0x0 0x48 0xac0003 0x0 0x30 0xb30003 0x0 0x18 oops 0
ciMethodData com/android/tools/r8/ir/conversion/N a (ILcom/android/tools/r8/u/b/p1;Lcom/android/tools/r8/u/b/n;Lcom/android/tools/r8/u/b/n$c;Lcom/android/tools/r8/u/b/Q0$a;)Lcom/android/tools/r8/u/b/m1; 2 6022 orig 264 88 29 255 89 0 0 0 0 96 247 240 39 0 0 0 0 160 17 0 0 24 14 0 0 0 0 0 0 0 0 0 0 0 0 0 0 0 0 0 0 0 0 0 0 0 0 0 0 0 0 0 0 0 0 0 0 0 0 0 0 0 0 0 0 0 0 0 0 0 0 0 0 0 0 0 0 0 0 0 0 77 68 79 32 101 120 116 114 97 32 100 97 116 97 32 108 111 99 107 0 0 0 0 0 0 0 0 0 0 0 0 0 0 0 0 0 0 0 0 0 0 0 0 0 0 0 0 0 0 0 0 0 0 0 0 0 0 0 0 0 0 0 0 0 0 0 0 0 0 0 0 0 0 0 0 0 0 0 0 0 0 0 0 0 0 0 0 0 0 0 0 0 0 0 0 0 0 0 0 0 0 0 0 0 0 0 0 0 0 0 0 0 0 0 0 0 0 0 0 0 0 0 0 0 0 0 0 0 0 0 0 0 0 0 0 0 3 2 0 0 17 172 0 0 209 1 0 0 0 0 0 0 0 0 0 0 2 0 0 0 3 0 111 0 2 0 0 0 48 16 0 0 255 255 255 255 2 0 3 0 0 0 0 0 data 518 0x30002 0x1582 0x90005 0x0 0xabb78a0 0x1582 0x0 0x0 0xf0007 0x78 0x38 0x150a 0x160003 0x150a 0xfd0 0x200005 0x0 0xabb78a0 0x78 0x0 0x0 0x230007 0xd 0x3a8 0x6b 0x270005 0x0 0xabb78a0 0x6b 0x0 0x0 0x2a0005 0x0 0xdda3a80 0x6b 0x0 0x0 0x300007 0x8 0x328 0x63 0x3d0005 0x0 0xabb7e60 0x63 0x0 0x0 0x400002 0x63 0x460007 0x7a 0x50 0x0 0x4a0005 0x0 0x0 0x0 0x0 0x0 0x4f0005 0x0 0xabb78a0 0x7a 0x0 0x0 0x530005 0x0 0xdda3a80 0x7a 0x0 0x0 0x580004 0x0 0xabb78a0 0x7a 0x0 0x0 0x640005 0x0 0xabb78a0 0x7a 0x0 0x0 0x690002 0x7a 0x6e0005 0x0 0xabb78a0 0x7a 0x0 0x0 0x740007 0x23 0x38 0x57 0x7e0003 0x57 0x158 0x8c0002 0x23 0x8f0005 0x0 0x1e84a800 0x23 0x0 0x0 0x930005 0x0 0xabb78a0 0x23 0x0 0x0 0x960007 0xa 0xd0 0x19 0x9b0005 0x0 0xabb78a0 0x19 0x0 0x0 0x9e0005 0x0 0xdda3a80 0x19 0x0 0x0 0xa40007 0x17 0x38 0x2 0xa70003 0x2 0x30 0xb10003 0x17 0xfffffffffffffd50 0xc10007 0x57 0x9a8 0x21 0xca0007 0x21 0x700 0x0 0xd20007 0x0 0x6e0 0x0 0xd80007 0x0 0xc8 0x0 0xdd0005 0x0 0x0 0x0 0x0 0x0 0xe00005 0x0 0x0 0x0 0x0 0x0 0xe50007 0x0 0x38 0x0 0xe80003 0x0 0x28 0xef0002 0x0 0xf60007 0x0 0x100 0x0 0xfa0007 0x0 0xe0 0x0 0x1010007 0x0 0x78 0x0 0x1080007 0x0 0x58 0x0 0x10f0007 0x0 0x38 0x0 0x1130003 0x0 0x18 0x1170007 0x0 0x38 0x0 0x11a0003 0x0 0x28 0x1210002 0x0 0x1280007 0x0 0x4f8 0x0 0x12f0007 0x0 0x38 0x0 0x1330003 0x0 0x18 0x1370007 0x0 0x38 0x0 0x13e0003 0x0 0x1c0 0x1420005 0x0 0x0 0x0 0x0 0x0 0x1480007 0x0 0x178 0x0 0x14d0007 0x0 0x140 0x0 0x1520007 0x0 0x108 0x0 0x1580007 0x0 0x38 0x0 0x15f0003 0x0 0xf8 0x16a0002 0x0 0x1700005 0x0 0x0 0x0 0x0 0x0 0x1740005 0x0 0x0 0x0 0x0 0x0 0x1770005 0x0 0x0 0x0 0x0 0x0 0x17a0002 0x0 0x1820003 0x0 0x30 0x1890003 0x0 0x18 0x1940007 0x0 0x30 0x0 0x19d0002 0x0 0x1a90005 0x0 0x0 0x0 0x0 0x0 0x1ae0004 0x0 0x0 0x0 0x0 0x0 0x1b30007 0x0 0x168 0x0 0x1b70005 0x0 0x0 0x0 0x0 0x0 0x1c00005 0x0 0x0 0x0 0x0 0x0 0x1c50007 0x0 0x128 0x0 0x1ca0005 0x0 0x0 0x0 0x0 0x0 0x1cf0004 0x0 0x0 0x0 0x0 0x0 0x1d50005 0x0 0x0 0x0 0x0 0x0 0x1d90007 0x0 0xffffffffffffff20 0x0 0x1dc0003 0x0 0xc8 0x1e60002 0x0 0x1ee0005 0x0 0x0 0x0 0x0 0x0 0x2000005 0x0 0x0 0x0 0x0 0x0 0x2050002 0x0 0x2080005 0x0 0x0 0x0 0x0 0x0 0x2120003 0x0 0x2a0 0x2180005 0x0 0xdda1b60 0x21 0x0 0x0 0x21b0007 0x0 0x98 0x21 0x2250005 0x0 0x1e272e70 0x21 0x0 0x0 0x2300005 0x0 0xdda1930 0x21 0x0 0x0 0x2360003 0x21 0x18 0x2400002 0x21 0x2480005 0x0 0x91c1bb0 0x1f 0x91c1c60 0x2 0x25b0005 0x0 0x91c1d10 0x21 0x0 0x0 0x2640002 0x21 0x2670005 0x0 0xabb78a0 0x21 0x0 0x0 0x26a0007 0xa 0x68 0x17 0x2740005 0x0 0xabb78a0 0x17 0x0 0x0 0x2770003 0x17 0xc0 0x2850005 0x0 0xabb78a0 0xa 0x0 0x0 0x28a0005 0x0 0xabbe8f0 0xa 0x0 0x0 0x2900005 0x0 0xabb78a0 0xa 0x0 0x0 0x2950003 0xa 0x18 0x29e0007 0x15 0x208 0x63 0x2a30005 0x0 0x1e84a800 0x63 0x0 0x0 0x2aa0005 0x0 0x91c1dc0 0x86 0x0 0x0 0x2af0007 0x63 0x188 0x23 0x2b30005 0x0 0x91c1dc0 0x23 0x0 0x0 0x2b80004 0x0 0x91c1e70 0x23 0x0 0x0 0x2bd0005 0x0 0x91c1e70 0x23 0x0 0x0 0x2c00004 0x0 0xabb78a0 0x23 0x0 0x0 0x2c50005 0x0 0x91c1e70 0x23 0x0 0x0 0x2c80004 0x0 0x91c0450 0x23 0x0 0x0 0x2ce0005 0x0 0xabb78a0 0x23 0x0 0x0 0x2d10003 0x23 0xfffffffffffffe60 0x2db0005 0x0 0xabb78a0 0x78 0x0 0x0 oops 35 4 com/android/tools/r8/u/b/n 17 com/android/tools/r8/u/b/n 27 com/android/tools/r8/u/b/n 33 java/util/Collections$UnmodifiableRandomAccessList 43 java/util/LinkedList 61 com/android/tools/r8/u/b/n 67 java/util/Collections$UnmodifiableRandomAccessList 73 com/android/tools/r8/u/b/n 79 com/android/tools/r8/u/b/n 87 com/android/tools/r8/u/b/n 102 java/util/ArrayList 108 com/android/tools/r8/u/b/n 118 com/android/tools/r8/u/b/n 124 java/util/Collections$UnmodifiableRandomAccessList 368 com/android/tools/r8/ir/conversion/N 378 com/android/tools/r8/v/a/a/a/h/J0 384 com/android/tools/r8/ir/conversion/o 395 com/android/tools/r8/ir/analysis/type/c 397 com/android/tools/r8/ir/analysis/type/j 401 com/android/tools/r8/u/b/n1 409 com/android/tools/r8/u/b/n 419 com/android/tools/r8/u/b/n 428 com/android/tools/r8/u/b/n 434 com/android/tools/r8/u/b/Q0 440 com/android/tools/r8/u/b/n 453 java/util/ArrayList 459 java/util/ArrayList$Itr 469 java/util/ArrayList$Itr 475 com/android/tools/r8/utils/L0 481 com/android/tools/r8/utils/L0 487 com/android/tools/r8/u/b/n 493 com/android/tools/r8/utils/L0 499 com/android/tools/r8/u/b/n$c 505 com/android/tools/r8/u/b/n 514 com/android/tools/r8/u/b/n
ciMethodData com/android/tools/r8/u/b/n a (ILcom/android/tools/r8/u/b/n$c;)Z 2 4791 orig 264 88 29 255 89 0 0 0 0 176 130 245 39 0 0 0 0 72 2 0 0 184 0 0 0 0 0 0 0 0 0 0 0 0 0 0 0 0 0 0 0 0 0 0 0 0 0 0 0 0 0 0 0 0 0 0 0 0 0 0 0 0 0 0 0 0 0 0 0 0 0 0 0 0 0 0 0 0 0 0 0 77 68 79 32 101 120 116 114 97 32 100 97 116 97 32 108 111 99 107 0 0 0 0 0 0 0 0 0 0 0 0 0 0 0 0 0 0 0 0 0 0 0 0 0 0 0 0 0 0 0 0 0 0 0 0 0 0 0 0 0 0 0 0 0 0 0 0 0 0 0 0 0 0 0 0 0 0 0 0 0 0 0 0 0 0 0 0 0 0 0 0 0 0 0 0 0 0 0 0 0 0 0 0 0 0 0 0 0 0 0 0 0 0 0 0 0 0 0 0 0 0 0 0 0 0 0 0 0 0 0 0 0 0 0 0 0 0 2 0 0 185 133 0 0 1 0 0 0 0 0 0 0 0 0 0 0 2 0 0 0 0 0 15 0 2 0 0 0 240 0 0 0 255 255 255 255 7 0 4 0 0 0 0 0 data 30 0x40007 0x10b7 0xb8 0x0 0xc0002 0x0 0xf0002 0x0 0x120005 0x0 0x0 0x0 0x0 0x0 0x170004 0x0 0x0 0x0 0x0 0x0 0x1a0003 0x0 0x18 0x1e0007 0x10b7 0x38 0x0 0x220003 0x0 0x18 oops 0
ciMethodData com/android/tools/r8/ir/conversion/w <init> (Lcom/android/tools/r8/ir/conversion/p;)V 2 4920 orig 264 88 29 255 89 0 0 0 0 248 235 239 39 0 0 0 0 56 1 0 0 0 0 0 0 0 0 0 0 0 0 0 0 0 0 0 0 0 0 0 0 0 0 0 0 0 0 0 0 0 0 0 0 0 0 0 0 0 0 0 0 0 0 0 0 0 0 0 0 0 0 0 0 0 0 0 0 0 0 0 0 77 68 79 32 101 120 116 114 97 32 100 97 116 97 32 108 111 99 107 0 0 0 0 0 0 0 0 0 0 0 0 0 0 0 0 0 0 0 0 0 0 0 0 0 0 0 0 0 0 0 0 0 0 0 0 0 0 0 0 0 0 0 0 0 0 0 0 0 0 0 0 0 0 0 0 0 0 0 0 0 0 0 0 0 0 0 0 0 0 0 0 0 0 0 0 0 0 0 0 0 0 0 0 0 0 0 0 0 0 0 0 0 0 0 0 0 0 0 0 0 0 0 0 0 0 0 0 0 0 0 0 0 0 0 0 0 0 2 0 0 193 137 0 0 1 0 0 0 0 0 0 0 0 0 0 0 2 0 0 0 0 0 3 0 2 0 0 0 16 0 0 0 255 255 255 255 2 0 1 0 0 0 0 0 data 2 0x10002 0x1137 oops 0
ciMethodData com/android/tools/r8/ir/conversion/w <init> ()V 2 4919 orig 264 88 29 255 89 0 0 0 0 104 235 239 39 0 0 0 0 48 1 0 0 0 0 0 0 0 0 0 0 0 0 0 0 0 0 0 0 0 0 0 0 0 0 0 0 0 0 0 0 0 0 0 0 0 0 0 0 0 0 0 0 0 0 0 0 0 0 0 0 0 0 0 0 0 0 0 0 0 0 0 0 77 68 79 32 101 120 116 114 97 32 100 97 116 97 32 108 111 99 107 0 0 0 0 0 0 0 0 0 0 0 0 0 0 0 0 0 0 0 0 0 0 0 0 0 0 0 0 0 0 0 0 0 0 0 0 0 0 0 0 0 0 0 0 0 0 0 0 0 0 0 0 0 0 0 0 0 0 0 0 0 0 0 0 0 0 0 0 0 0 0 0 0 0 0 0 0 0 0 0 0 0 0 0 0 0 0 0 0 0 0 0 0 0 0 0 0 0 0 0 0 0 0 0 0 0 0 0 0 0 0 0 0 0 0 0 0 0 2 0 0 185 137 0 0 1 0 0 0 0 0 0 0 0 0 0 0 2 0 0 0 0 0 3 0 2 0 0 0 16 0 0 0 255 255 255 255 2 0 1 0 0 0 0 0 data 2 0x10002 0x1137 oops 0
ciMethodData com/android/tools/r8/u/b/n a (ILcom/android/tools/r8/u/b/m1;Lcom/android/tools/r8/u/b/n$c;)V 2 4762 orig 264 88 29 255 89 0 0 0 0 16 221 245 39 0 0 0 0 200 4 0 0 200 1 0 0 0 0 0 0 0 0 0 0 0 0 0 0 0 0 0 0 0 0 0 0 0 0 0 0 0 0 0 0 0 0 0 0 0 0 0 0 0 0 0 0 0 0 0 0 0 0 0 0 0 0 0 0 0 0 0 0 77 68 79 32 101 120 116 114 97 32 100 97 116 97 32 108 111 99 107 0 0 0 0 0 0 0 0 0 0 0 0 0 0 0 0 0 0 0 0 0 0 0 0 0 0 0 0 0 0 0 0 0 0 0 0 0 0 0 0 0 0 0 0 0 0 0 0 0 0 0 0 0 0 0 0 0 0 0 0 0 0 0 0 0 0 0 0 0 0 0 0 0 0 0 0 0 0 0 0 0 0 0 0 0 0 0 0 0 0 0 0 0 0 0 0 0 0 0 0 0 0 0 0 0 0 0 0 0 0 0 0 0 0 0 0 0 0 2 0 0 209 132 0 0 1 0 0 0 0 0 0 0 0 0 0 0 2 0 0 0 0 0 29 0 2 0 0 0 104 3 0 0 255 255 255 255 2 0 3 0 0 0 0 0 data 109 0x30002 0x109a 0x60007 0x109a 0x30 0x0 0xa0002 0x0 0x140002 0x109a 0x170005 0x0 0x8f1a3f0 0x109a 0x0 0x0 0x1c0104 0x0 0x1f613a00 0xe4e 0xabbe8f0 0x1a 0x200005 0x0 0x1f613a00 0x101c 0xabbe8f0 0x7e 0x230007 0x101c 0x80 0x7e 0x270005 0x0 0xabbe8f0 0x7e 0x0 0x0 0x2e0005 0x0 0xabbe8f0 0x7e 0x0 0x0 0x340007 0x109b 0x78 0x0 0x390002 0x0 0x3c0007 0x0 0x38 0x0 0x3f0003 0x0 0x28 0x460002 0x0 0x500002 0x109b 0x540005 0x0 0x8f1a3f0 0x109b 0x0 0x0 0x5a0007 0x233 0x150 0xe68 0x5e0005 0x0 0x1f613a00 0xe4e 0xabbe8f0 0x1a 0x610007 0xe4e 0x100 0x1a 0x680005 0x0 0x8f1a3f0 0x1a 0x0 0x0 0x6e0005 0x0 0x8f1c330 0x1a 0x0 0x0 0x730007 0x19 0x80 0x1 0x770005 0x0 0xabbe8f0 0x1 0x0 0x0 0x7e0005 0x0 0xabbe8f0 0x1 0x0 0x0 oops 14 12 java/util/HashMap 18 com/android/tools/r8/u/b/m1 20 com/android/tools/r8/u/b/Q0 24 com/android/tools/r8/u/b/m1 26 com/android/tools/r8/u/b/Q0 34 com/android/tools/r8/u/b/Q0 40 com/android/tools/r8/u/b/Q0 63 java/util/HashMap 73 com/android/tools/r8/u/b/m1 75 com/android/tools/r8/u/b/Q0 83 java/util/HashMap 89 java/util/HashMap$Values 99 com/android/tools/r8/u/b/Q0 105 com/android/tools/r8/u/b/Q0
ciMethodData com/android/tools/r8/ir/conversion/q <init> (II)V 2 3940 orig 264 88 29 255 89 0 0 0 0 104 69 239 39 0 0 0 0 64 1 0 0 0 0 0 0 0 0 0 0 0 0 0 0 0 0 0 0 0 0 0 0 0 0 0 0 0 0 0 0 0 0 0 0 0 0 0 0 0 0 0 0 0 0 0 0 0 0 0 0 0 0 0 0 0 0 0 0 0 0 0 0 77 68 79 32 101 120 116 114 97 32 100 97 116 97 32 108 111 99 107 0 0 0 0 0 0 0 0 0 0 0 0 0 0 0 0 0 0 0 0 0 0 0 0 0 0 0 0 0 0 0 0 0 0 0 0 0 0 0 0 0 0 0 0 0 0 0 0 0 0 0 0 0 0 0 0 0 0 0 0 0 0 0 0 0 0 0 0 0 0 0 0 0 0 0 0 0 0 0 0 0 0 0 0 0 0 0 0 0 0 0 0 0 0 0 0 0 0 0 0 0 0 0 0 0 0 0 0 0 0 0 0 0 0 0 0 0 231 1 0 0 233 107 0 0 1 0 0 0 0 0 0 0 0 0 0 0 2 0 0 0 0 0 0 0 0 0 0 0 16 0 0 0 255 255 255 255 2 0 8 0 0 0 0 0 data 2 0x80002 0xd7d oops 0
ciMethodData com/android/tools/r8/v/a/a/a/f/U equals (Ljava/lang/Object;)Z 2 5208 orig 264 88 29 255 89 0 0 0 0 168 250 246 39 0 0 0 0 0 2 0 0 48 0 0 0 0 0 0 0 0 0 0 0 0 0 0 0 0 0 0 0 0 0 0 0 0 0 0 0 0 0 0 0 0 0 0 0 0 0 0 0 0 0 0 0 0 0 0 0 0 0 0 0 0 0 0 0 0 0 0 0 77 68 79 32 101 120 116 114 97 32 100 97 116 97 32 108 111 99 107 0 0 0 0 0 0 0 0 0 0 0 0 0 0 0 0 0 0 0 0 0 0 0 0 0 0 0 0 0 0 0 0 0 0 0 0 0 0 0 0 0 0 0 0 0 0 0 0 0 0 0 0 0 0 0 0 0 0 0 0 0 0 0 0 0 0 0 0 0 0 0 0 0 0 0 0 0 0 0 0 0 0 0 0 0 0 0 0 0 0 0 0 0 0 0 0 0 0 0 0 0 0 0 0 0 0 0 0 0 0 0 0 0 0 0 0 0 0 2 0 0 193 146 0 0 1 0 0 0 0 0 0 0 0 0 0 0 2 0 0 0 0 0 5 0 2 0 0 0 176 0 0 0 255 255 255 255 4 0 1 0 0 0 0 0 data 22 0x10004 0x0 0xdda47c0 0x1258 0x0 0x0 0x40007 0x1258 0x20 0x0 0xa0004 0x0 0xdda47c0 0x1258 0x0 0x0 0xd0005 0x0 0xdda47c0 0x1259 0x0 0x0 oops 3 2 com/android/tools/r8/v/a/a/a/f/Z 12 com/android/tools/r8/v/a/a/a/f/Z 18 com/android/tools/r8/v/a/a/a/f/Z
ciMethodData com/android/tools/r8/u/b/n a (ILcom/android/tools/r8/u/b/m1;Lcom/android/tools/r8/u/b/n$e;)V 2 4579 orig 264 88 29 255 89 0 0 0 0 64 222 245 39 0 0 0 0 8 3 0 0 40 1 0 0 0 0 0 0 0 0 0 0 0 0 0 0 0 0 0 0 0 0 0 0 0 0 0 0 0 0 0 0 0 0 0 0 0 0 0 0 0 0 0 0 0 0 0 0 0 0 0 0 0 0 0 0 0 0 0 0 77 68 79 32 101 120 116 114 97 32 100 97 116 97 32 108 111 99 107 0 0 0 0 0 0 0 0 0 0 0 0 0 0 0 0 0 0 0 0 0 0 0 0 0 0 0 0 0 0 0 0 0 0 0 0 0 0 0 0 0 0 0 0 0 0 0 0 0 0 0 0 0 0 0 0 0 0 0 0 0 0 0 0 0 0 0 0 0 0 0 0 0 0 0 0 0 0 0 0 0 0 0 0 0 0 0 0 0 0 0 0 0 0 0 0 0 0 0 0 0 0 0 0 0 0 0 0 0 0 0 0 0 0 0 0 0 0 2 0 0 25 127 0 0 1 0 0 0 0 0 0 0 0 0 0 0 2 0 0 0 0 0 22 0 2 0 0 0 168 1 0 0 255 255 255 255 7 0 4 0 0 0 0 0 data 53 0x40007 0xe9b 0x178 0x148 0xc0002 0x148 0xf0005 0x0 0x8f1a3f0 0x148 0x0 0x0 0x140104 0x0 0x1f613a00 0x115 0xabbe8f0 0x18 0x1b0007 0x148 0x78 0x0 0x200002 0x0 0x230007 0x0 0x38 0x0 0x260003 0x0 0x28 0x2d0002 0x0 0x390002 0x148 0x3c0002 0x148 0x410007 0x12d 0x20 0x1b 0x4d0005 0x0 0x8f1a3f0 0x148 0x0 0x0 0x5b0005 0x0 0xabb78a0 0xfe3 0x0 0x0 oops 5 8 java/util/HashMap 14 com/android/tools/r8/u/b/m1 16 com/android/tools/r8/u/b/Q0 43 java/util/HashMap 49 com/android/tools/r8/u/b/n
ciMethodData com/android/tools/r8/u/b/m1 <init> (ILcom/android/tools/r8/ir/analysis/type/u;Lcom/android/tools/r8/graph/r;)V 2 3230 orig 264 88 29 255 89 0 0 0 0 232 190 230 39 0 0 0 0 184 1 0 0 80 0 0 0 0 0 0 0 0 0 0 0 0 0 0 0 0 0 0 0 0 0 0 0 0 0 0 0 0 0 0 0 0 0 0 0 0 0 0 0 0 0 0 0 0 0 0 0 0 0 0 0 0 0 0 0 0 0 0 0 77 68 79 32 101 120 116 114 97 32 100 97 116 97 32 108 111 99 107 0 0 0 0 0 0 0 0 0 0 0 0 0 0 0 0 0 0 0 0 0 0 0 0 0 0 0 0 0 0 0 0 0 0 0 0 0 0 0 0 0 0 0 0 0 0 0 0 0 0 0 0 0 0 0 0 0 0 0 0 0 0 0 0 0 0 0 0 0 0 0 0 0 0 0 0 0 0 0 0 0 0 0 0 0 0 0 0 0 0 0 0 0 0 0 0 0 0 0 0 0 0 0 0 0 0 0 0 0 0 0 0 0 0 0 0 0 98 1 0 0 225 89 0 0 1 0 0 0 0 0 0 0 0 0 0 0 2 0 0 0 0 0 6 0 2 0 0 0 120 0 0 0 255 255 255 255 2 0 8 0 0 0 0 0 data 15 0x80002 0xb3c 0x150002 0xb3c 0x270002 0xb3c 0x4b0007 0x38 0x38 0xb03 0x500003 0xb03 0x28 0x590002 0x38 oops 0
ciMethodData com/android/tools/r8/ir/conversion/o d (I)Lcom/android/tools/r8/u/b/S0; 1 844 orig 264 88 29 255 89 0 0 0 0 200 21 239 39 0 0 0 0 8 6 0 0 152 3 0 0 0 0 0 0 0 0 0 0 0 0 0 0 0 0 0 0 0 0 0 0 0 0 0 0 0 0 0 0 0 0 0 0 0 0 0 0 0 0 0 0 0 0 0 0 0 0 0 0 0 0 0 0 0 0 0 0 77 68 79 32 101 120 116 114 97 32 100 97 116 97 32 108 111 99 107 0 0 0 0 0 0 0 0 0 0 0 0 0 0 0 0 0 0 0 0 0 0 0 0 0 0 0 0 0 0 0 0 0 0 0 0 0 0 0 0 0 0 0 0 0 0 0 0 0 0 0 0 0 0 0 0 0 0 0 0 0 0 0 0 0 0 0 0 0 0 0 0 0 0 0 0 0 0 0 0 0 0 0 0 0 0 0 0 0 0 0 0 0 0 0 0 0 0 0 0 0 0 0 0 0 0 0 0 0 0 0 0 0 0 0 0 0 33 1 0 0 185 4 0 0 81 17 0 0 0 0 0 0 0 0 0 0 2 0 0 0 0 0 0 0 0 0 0 0 184 4 0 0 255 255 255 255 7 0 3 0 0 0 0 0 data 151 0x30007 0x97 0xb0 0x0 0xf0005 0x0 0x0 0x0 0x0 0x0 0x16000a 0x0 0x3 0x0 0x0 0x0 0x260005 0x0 0x0 0x0 0x0 0x0 0x330005 0x0 0xdda39d0 0xb3 0x0 0x0 0x360005 0x0 0xdda3a80 0xb3 0x0 0x0 0x3b0007 0x2 0x180 0xb1 0x420005 0x0 0xdda39d0 0xb1 0x0 0x0 0x460005 0x0 0xdda3a80 0xb1 0x0 0x0 0x4b0004 0x0 0xdda3b30 0x5e 0x1e777670 0x8 0x500004 0xffffffffffffff6b 0xdda3b30 0x5e 0x1e777670 0x8 0x530007 0x1c 0x88 0x95 0x570004 0xffffffffffffff6b 0xdda3b30 0x5e 0x1e777670 0x8 0x5a0007 0x0 0x38 0x95 0x5d0003 0x95 0x30 0x620003 0x1c 0xfffffffffffffe38 0x660007 0x76 0xe8 0x22f 0x6d0005 0x0 0xdda39d0 0x22f 0x0 0x0 0x710005 0x0 0xdda3a80 0x22f 0x0 0x0 0x760004 0xfffffffffffffdf2 0xdda3b30 0xd2 0x1e777670 0xe 0x790007 0x21 0x38 0x20e 0x7f0003 0x20e 0xffffffffffffff30 0x830007 0x21 0x50 0x76 0x8a0005 0x0 0x1e775160 0x76 0x0 0x0 0x930005 0x0 0xdda39d0 0x21 0x0 0x0 0x970005 0x0 0xdda3a80 0x21 0x0 0x0 0x9c0004 0x0 0x1e770a10 0x21 0x0 0x0 0x9f0005 0x0 0x1e770a10 0x21 0x0 0x0 0xa20005 0x0 0xdda1930 0x21 0x0 0x0 oops 20 24 com/android/tools/r8/graph/l 30 java/util/Collections$UnmodifiableRandomAccessList 40 com/android/tools/r8/graph/l 46 java/util/Collections$UnmodifiableRandomAccessList 52 com/android/tools/r8/r/n/E 54 com/android/tools/r8/r/n/k 58 com/android/tools/r8/r/n/E 60 com/android/tools/r8/r/n/k 68 com/android/tools/r8/r/n/E 70 com/android/tools/r8/r/n/k 88 com/android/tools/r8/graph/l 94 java/util/Collections$UnmodifiableRandomAccessList 100 com/android/tools/r8/r/n/E 102 com/android/tools/r8/r/n/k 117 com/android/tools/r8/u/b/s 123 com/android/tools/r8/graph/l 129 java/util/Collections$UnmodifiableRandomAccessList 135 com/android/tools/r8/r/n/N 141 com/android/tools/r8/r/n/N 147 com/android/tools/r8/ir/conversion/o
ciMethodData com/android/tools/r8/ir/conversion/t a (Lcom/android/tools/r8/ir/conversion/x;ZLcom/android/tools/r8/u/b/S0;)V 1 234 orig 264 88 29 255 89 0 0 0 0 232 214 239 39 0 0 0 0 192 1 0 0 96 0 0 0 0 0 0 0 0 0 0 0 0 0 0 0 0 0 0 0 0 0 0 0 0 0 0 0 0 0 0 0 0 0 0 0 0 0 0 0 0 0 0 0 0 0 0 0 0 0 0 0 0 0 0 0 0 0 0 0 77 68 79 32 101 120 116 114 97 32 100 97 116 97 32 108 111 99 107 0 0 0 0 0 0 0 0 0 0 0 0 0 0 0 0 0 0 0 0 0 0 0 0 0 0 0 0 0 0 0 0 0 0 0 0 0 0 0 0 0 0 0 0 0 0 0 0 0 0 0 0 0 0 0 0 0 0 0 0 0 0 0 0 0 0 0 0 0 0 0 0 0 0 0 0 0 0 0 0 0 0 0 0 0 0 0 0 0 0 0 0 0 0 0 0 0 0 0 0 0 0 0 0 0 0 0 0 0 0 0 0 0 0 0 0 0 88 0 0 0 145 4 0 0 1 0 0 0 0 0 0 0 0 0 0 0 2 0 0 0 0 0 0 0 0 0 0 0 136 0 0 0 255 255 255 255 7 0 3 0 0 0 0 0 data 17 0x30007 0x92 0x88 0x0 0x70007 0x0 0x68 0x0 0xb0007 0x0 0x38 0x0 0xe0003 0x0 0x28 0x170002 0x0 oops 0
ciMethodData com/android/tools/r8/ir/conversion/v <init> (Lcom/android/tools/r8/graph/f0;)V 2 2282 orig 264 88 29 255 89 0 0 0 0 104 244 239 39 0 0 0 0 56 1 0 0 0 0 0 0 0 0 0 0 0 0 0 0 0 0 0 0 0 0 0 0 0 0 0 0 0 0 0 0 0 0 0 0 0 0 0 0 0 0 0 0 0 0 0 0 0 0 0 0 0 0 0 0 0 0 0 0 0 0 0 0 77 68 79 32 101 120 116 114 97 32 100 97 116 97 32 108 111 99 107 0 0 0 0 0 0 0 0 0 0 0 0 0 0 0 0 0 0 0 0 0 0 0 0 0 0 0 0 0 0 0 0 0 0 0 0 0 0 0 0 0 0 0 0 0 0 0 0 0 0 0 0 0 0 0 0 0 0 0 0 0 0 0 0 0 0 0 0 0 0 0 0 0 0 0 0 0 0 0 0 0 0 0 0 0 0 0 0 0 0 0 0 0 0 0 0 0 0 0 0 0 0 0 0 0 0 0 0 0 0 0 0 0 0 0 0 0 133 1 0 0 41 59 0 0 1 0 0 0 0 0 0 0 0 0 0 0 2 0 0 0 0 0 3 0 2 0 0 0 16 0 0 0 255 255 255 255 2 0 3 0 0 0 0 0 data 2 0x30002 0x765 oops 0
ciMethodData com/android/tools/r8/ir/conversion/o a (ILcom/android/tools/r8/ir/conversion/x;)V 1 254 orig 264 88 29 255 89 0 0 0 0 192 236 238 39 0 0 0 0 96 6 0 0 200 3 0 0 0 0 0 0 0 0 0 0 0 0 0 0 0 0 0 0 0 0 0 0 0 0 0 0 0 0 0 0 0 0 0 0 0 0 0 0 0 0 0 0 0 0 0 0 0 0 0 0 0 0 0 0 0 0 0 0 77 68 79 32 101 120 116 114 97 32 100 97 116 97 32 108 111 99 107 0 0 0 0 0 0 0 0 0 0 0 0 0 0 0 0 0 0 0 0 0 0 0 0 0 0 0 0 0 0 0 0 0 0 0 0 0 0 0 0 0 0 0 0 0 0 0 0 0 0 0 0 0 0 0 0 0 0 0 0 0 0 0 0 0 0 0 0 0 0 0 0 0 0 0 0 0 0 0 0 0 0 0 0 0 0 0 0 0 0 0 0 0 0 0 0 0 0 0 0 0 0 0 0 0 0 0 0 0 0 0 0 0 0 0 0 0 93 0 0 0 9 5 0 0 1 0 0 0 0 0 0 0 0 0 0 0 2 0 0 0 0 0 0 0 0 0 0 0 8 5 0 0 255 255 255 255 5 0 6 0 0 0 0 0 data 161 0x60005 0x0 0xdda3df0 0xa1 0x0 0x0 0xb0104 0x0 0x1e0ccbd0 0x8 0xdda3f50 0x2 0x170007 0xa1 0x68 0x0 0x1b0007 0x0 0x38 0x0 0x1e0003 0x0 0x28 0x250002 0x0 0x2a0007 0xf 0x38 0x92 0x2d0003 0x92 0x2c0 0x320005 0x5 0x1e0ccbd0 0x8 0xdda3f50 0x2 0x360005 0x0 0xdda3ea0 0x7 0x1e0ccbd0 0x8 0x460007 0x0 0x298 0xf 0x560007 0xf 0x228 0x0 0x5e0005 0x0 0x0 0x0 0x0 0x0 0x690005 0x0 0x0 0x0 0x0 0x0 0x6c0007 0x0 0x38 0x0 0x720003 0x0 0xffffffffffffff60 0x7d0002 0x0 0x830005 0x0 0x0 0x0 0x0 0x0 0x880005 0x0 0x0 0x0 0x0 0x0 0x8e0005 0x0 0x0 0x0 0x0 0x0 0x980005 0x0 0x0 0x0 0x0 0x0 0x9e0005 0x0 0x0 0x0 0x0 0x0 0xa90005 0x0 0x0 0x0 0x0 0x0 0xac0005 0x0 0x0 0x0 0x0 0x0 0xb20002 0x0 0xb80007 0x5 0x50 0x9c 0xc10005 0x0 0xdda3df0 0x9c 0x0 0x0 0xd00002 0x0 0xd60005 0x0 0x0 0x0 0x0 0x0 0xde0005 0x0 0x0 0x0 0x0 0x0 0xe40005 0x0 0x0 0x0 0x0 0x0 0xed0005 0x0 0x0 0x0 0x0 0x0 0xf00005 0x0 0x0 0x0 0x0 0x0 0xf60002 0x0 oops 8 2 com/android/tools/r8/v/a/a/a/f/X 8 com/android/tools/r8/ir/conversion/r 10 com/android/tools/r8/ir/conversion/y 34 com/android/tools/r8/ir/conversion/r 36 com/android/tools/r8/ir/conversion/y 40 com/android/tools/r8/ir/conversion/q 42 com/android/tools/r8/ir/conversion/r 123 com/android/tools/r8/v/a/a/a/f/X
ciMethodData com/android/tools/r8/graph/r equals (Ljava/lang/Object;)Z 1 295 orig 264 88 29 255 89 0 0 0 0 152 240 225 39 0 0 0 0 104 2 0 0 80 0 0 0 0 0 0 0 0 0 0 0 0 0 0 0 0 0 0 0 0 0 0 0 0 0 0 0 0 0 0 0 0 0 0 0 0 0 0 0 0 0 0 0 0 0 0 0 0 0 0 0 0 0 0 0 0 0 0 0 77 68 79 32 101 120 116 114 97 32 100 97 116 97 32 108 111 99 107 0 0 0 0 0 0 0 0 0 0 0 0 0 0 0 0 0 0 0 0 0 0 0 0 0 0 0 0 0 0 0 0 0 0 0 0 0 0 0 0 0 0 0 0 0 0 0 0 0 0 0 0 0 0 0 0 0 0 0 0 0 0 0 0 0 0 0 0 0 0 0 0 0 0 0 0 0 0 0 0 0 0 0 0 0 0 0 0 0 0 0 0 0 0 0 0 0 0 0 0 0 0 0 0 0 0 0 0 0 0 0 0 0 0 0 0 0 69 0 0 0 17 7 0 0 1 0 0 0 0 0 0 0 0 0 0 0 2 0 0 0 0 0 0 0 0 0 0 0 24 1 0 0 255 255 255 255 7 0 2 0 0 0 0 0 data 35 0x20007 0xf 0x20 0xd3 0x80104 0x0 0x0 0x0 0x0 0x0 0xb0007 0x0 0x20 0xf 0x120004 0x0 0x0 0x0 0x0 0x0 0x1d0007 0x0 0x78 0x0 0x280007 0x0 0x58 0x0 0x330007 0x0 0x38 0x0 0x370003 0x0 0x18 oops 0
ciMethodData com/android/tools/r8/ir/conversion/N a (ILcom/android/tools/r8/graph/r;)V 1 74 orig 264 88 29 255 89 0 0 0 0 104 157 240 39 0 0 0 0 128 3 0 0 192 1 0 0 0 0 0 0 0 0 0 0 0 0 0 0 0 0 0 0 0 0 0 0 0 0 0 0 0 0 0 0 0 0 0 0 0 0 0 0 0 0 0 0 0 0 0 0 0 0 0 0 0 0 0 0 0 0 0 0 77 68 79 32 101 120 116 114 97 32 100 97 116 97 32 108 111 99 107 0 0 0 0 0 0 0 0 0 0 0 0 0 0 0 0 0 0 0 0 0 0 0 0 0 0 0 0 0 0 0 0 0 0 0 0 0 0 0 0 0 0 0 0 0 0 0 0 0 0 0 0 0 0 0 0 0 0 0 0 0 0 0 0 0 0 0 0 0 0 0 0 0 0 0 0 0 0 0 0 0 0 0 0 0 0 0 0 0 0 0 0 0 0 0 0 0 0 0 0 0 0 0 0 0 0 0 0 0 0 0 0 0 0 0 0 0 25 0 0 0 137 1 0 0 1 0 0 0 0 0 0 0 0 0 0 0 2 0 0 0 0 0 0 0 0 0 0 0 40 2 0 0 255 255 255 255 7 0 3 0 0 0 0 0 data 69 0x30007 0x31 0x68 0x0 0x70007 0x0 0x38 0x0 0xa0003 0x0 0x28 0x110002 0x0 0x160005 0x0 0xdda1b60 0x31 0x0 0x0 0x190007 0x31 0x20 0x0 0x200002 0x31 0x2a0007 0xa 0x88 0x27 0x2e0005 0x0 0xabbe840 0x19 0x1e0d1770 0xe 0x310007 0x27 0x38 0x0 0x350003 0x0 0x18 0x390007 0x0 0x88 0x31 0x3d0005 0x0 0x1f613a00 0x27 0xabbe8f0 0xa 0x410007 0x0 0x38 0x31 0x460003 0x31 0x18 0x4c0007 0x0 0x50 0x31 0x540005 0x0 0x1e84a800 0x31 0x0 0x0 oops 6 15 com/android/tools/r8/ir/conversion/N 31 com/android/tools/r8/u/b/g 33 com/android/tools/r8/u/b/F 48 com/android/tools/r8/u/b/m1 50 com/android/tools/r8/u/b/Q0 65 java/util/ArrayList
ciMethodData com/android/tools/r8/ir/conversion/o i (I)[I 1 387 orig 264 88 29 255 89 0 0 0 0 144 234 238 39 0 0 0 0 128 8 0 0 8 7 0 0 0 0 0 0 0 0 0 0 0 0 0 0 0 0 0 0 0 0 0 0 0 0 0 0 0 0 0 0 0 0 0 0 0 0 0 0 0 0 0 0 0 0 0 0 0 0 0 0 0 0 0 0 0 0 0 0 77 68 79 32 101 120 116 114 97 32 100 97 116 97 32 108 111 99 107 0 0 0 0 0 0 0 0 0 0 0 0 0 0 0 0 0 0 0 0 0 0 0 0 0 0 0 0 0 0 0 0 0 0 0 0 0 0 0 0 0 0 0 0 0 0 0 0 0 0 0 0 0 0 0 0 0 0 0 0 0 0 0 0 0 0 0 0 0 0 0 0 0 0 0 0 0 0 0 0 0 0 0 0 0 0 0 0 0 0 0 0 0 0 0 0 0 0 0 0 0 0 0 0 0 0 0 0 0 0 0 0 0 0 0 0 0 168 0 0 0 217 6 0 0 1 0 0 0 0 0 0 0 0 0 0 0 2 0 0 0 0 0 0 0 0 0 0 0 48 7 0 0 255 255 255 255 5 0 4 0 0 0 0 0 data 230 0x40005 0x0 0xdda39d0 0xdb 0x0 0x0 0x80005 0x0 0xdda3a80 0xdb 0x0 0x0 0xd0004 0x0 0xbcd4880 0xad 0x1e272dc0 0x6 0x140007 0xdb 0x78 0x0 0x190002 0x0 0x1c0007 0x0 0x38 0x0 0x1f0003 0x0 0x28 0x260002 0x0 0x2c0005 0x28 0xbcd4880 0xad 0x1e272dc0 0x6 0x300005 0x28 0xbcd4880 0xad 0x1e272dc0 0x6 0x330007 0xb1 0x560 0x2a 0x370004 0xffffffffffffffd9 0x1e272dc0 0x6 0x1e26fc50 0xc 0x3a0007 0x27 0x38 0x3 0x3d0003 0x3 0x4f0 0x430007 0x27 0x188 0x0 0x470004 0x0 0x0 0x0 0x0 0x0 0x4a0007 0x0 0x138 0x0 0x4e0007 0x0 0x38 0x0 0x510003 0x0 0xf8 0x5c0002 0x0 0x610005 0x0 0x0 0x0 0x0 0x0 0x650005 0x0 0x0 0x0 0x0 0x0 0x680005 0x0 0x0 0x0 0x0 0x0 0x6b0005 0x0 0x0 0x0 0x0 0x0 0x6e0002 0x0 0x730004 0xffffffffffffffd9 0x1e272dc0 0x6 0x1e26fc50 0xc 0x760007 0x27 0x208 0x0 0x7a0004 0x0 0x0 0x0 0x0 0x0 0x7f0005 0x0 0x0 0x0 0x0 0x0 0x840005 0x0 0x0 0x0 0x0 0x0 0x940005 0x0 0x0 0x0 0x0 0x0 0x990007 0x0 0x98 0x0 0xa60005 0x0 0x0 0x0 0x0 0x0 0xab0005 0x0 0x0 0x0 0x0 0x0 0xb40003 0x0 0xffffffffffffff50 0xba0005 0x0 0x0 0x0 0x0 0x0 0xc40005 0x0 0x0 0x0 0x0 0x0 0xc70005 0x0 0x0 0x0 0x0 0x0 0xd40005 0x0 0x1e272e70 0x27 0x0 0x0 0xda0004 0xffffffffffffffe5 0x1e272dc0 0x6 0x1e26fc50 0xc 0xdd0007 0x1b 0x20 0xc 0xeb0007 0x1b 0x98 0x0 0xef0005 0x0 0x0 0x0 0x0 0x0 0xf20007 0x0 0x38 0x0 0xf50003 0x0 0x28 0xfc0002 0x0 0x1120007 0xb4 0x68 0x0 0x1160007 0x0 0x38 0x0 0x1190003 0x0 0x28 0x1200002 0x0 oops 15 2 com/android/tools/r8/graph/l 8 java/util/Collections$UnmodifiableRandomAccessList 14 com/android/tools/r8/r/n/P 16 com/android/tools/r8/r/n/w 35 com/android/tools/r8/r/n/P 37 com/android/tools/r8/r/n/w 41 com/android/tools/r8/r/n/P 43 com/android/tools/r8/r/n/w 51 com/android/tools/r8/r/n/w 53 com/android/tools/r8/r/n/u 113 com/android/tools/r8/r/n/w 115 com/android/tools/r8/r/n/u 184 com/android/tools/r8/v/a/a/a/h/J0 190 com/android/tools/r8/r/n/w 192 com/android/tools/r8/r/n/u
ciMethodData com/android/tools/r8/ir/conversion/t b (I)Lcom/android/tools/r8/ir/conversion/t$a; 1 331 orig 264 88 29 255 89 0 0 0 0 224 220 239 39 0 0 0 0 128 1 0 0 0 0 0 0 0 0 0 0 0 0 0 0 0 0 0 0 0 0 0 0 0 0 0 0 0 0 0 0 0 0 0 0 0 0 0 0 0 0 0 0 0 0 0 0 0 0 0 0 0 0 0 0 0 0 0 0 0 0 0 0 77 68 79 32 101 120 116 114 97 32 100 97 116 97 32 108 111 99 107 0 0 0 0 0 0 0 0 0 0 0 0 0 0 0 0 0 0 0 0 0 0 0 0 0 0 0 0 0 0 0 0 0 0 0 0 0 0 0 0 0 0 0 0 0 0 0 0 0 0 0 0 0 0 0 0 0 0 0 0 0 0 0 0 0 0 0 0 0 0 0 0 0 0 0 0 0 0 0 0 0 0 0 0 0 0 0 0 0 0 0 0 0 0 0 0 0 0 0 0 0 0 0 0 0 0 0 0 0 0 0 0 0 0 0 0 0 115 0 0 0 193 6 0 0 1 0 0 0 0 0 0 0 0 0 0 0 2 0 0 0 0 0 0 0 0 0 0 0 48 0 0 0 255 255 255 255 5 0 5 0 0 0 0 0 data 6 0x50005 0x41 0xdda3f50 0x6c 0x1e0ccbd0 0x2b oops 2 2 com/android/tools/r8/ir/conversion/y 4 com/android/tools/r8/ir/conversion/r
ciMethodData com/android/tools/r8/ir/conversion/N b (ILcom/android/tools/r8/graph/r;)V 1 19 orig 264 88 29 255 89 0 0 0 0 80 156 240 39 0 0 0 0 48 4 0 0 40 2 0 0 0 0 0 0 0 0 0 0 0 0 0 0 0 0 0 0 0 0 0 0 0 0 0 0 0 0 0 0 0 0 0 0 0 0 0 0 0 0 0 0 0 0 0 0 0 0 0 0 0 0 0 0 0 0 0 0 77 68 79 32 101 120 116 114 97 32 100 97 116 97 32 108 111 99 107 0 0 0 0 0 0 0 0 0 0 0 0 0 0 0 0 0 0 0 0 0 0 0 0 0 0 0 0 0 0 0 0 0 0 0 0 0 0 0 0 0 0 0 0 0 0 0 0 0 0 0 0 0 0 0 0 0 0 0 0 0 0 0 0 0 0 0 0 0 0 0 0 0 0 0 0 0 0 0 0 0 0 0 0 0 0 0 0 0 0 0 0 0 0 0 0 0 0 0 0 0 0 0 0 0 0 0 0 0 0 0 0 0 0 0 0 0 5 0 0 0 113 0 0 0 1 0 0 0 0 0 0 0 0 0 0 0 2 0 0 0 0 0 0 0 0 0 0 0 216 2 0 0 255 255 255 255 7 0 3 0 0 0 0 0 data 91 0x30007 0xe 0x68 0x0 0x70007 0x0 0x38 0x0 0xa0003 0x0 0x28 0x110002 0x0 0x160005 0x0 0xdda1b60 0xe 0x0 0x0 0x190007 0xe 0x20 0x0 0x200002 0xe 0x250005 0x0 0x1f613a00 0xe 0x0 0x0 0x290007 0x6 0x150 0x8 0x300005 0x0 0xabb78a0 0x8 0x0 0x0 0x330007 0x0 0x100 0x8 0x3a0005 0x0 0xabb78a0 0x8 0x0 0x0 0x3d0005 0x0 0xabb7e60 0x8 0x0 0x0 0x400004 0x0 0x1e0d1770 0x8 0x0 0x0 0x430005 0x0 0x1e0d1770 0x8 0x0 0x0 0x470007 0x8 0xb0 0x0 0x4e0005 0x0 0x1f613a00 0x6 0x0 0x0 0x550002 0x6 0x610002 0x6 0x670005 0x0 0xdda1930 0x6 0x0 0x0 0x6c0002 0x6 oops 9 15 com/android/tools/r8/ir/conversion/N 27 com/android/tools/r8/u/b/m1 37 com/android/tools/r8/u/b/n 47 com/android/tools/r8/u/b/n 53 java/util/LinkedList 59 com/android/tools/r8/u/b/F 65 com/android/tools/r8/u/b/F 75 com/android/tools/r8/u/b/m1 85 com/android/tools/r8/ir/conversion/o
ciMethodData com/android/tools/r8/ir/conversion/N a (ILcom/android/tools/r8/ir/analysis/type/u;Lcom/android/tools/r8/u/b/n$e;Lcom/android/tools/r8/graph/r;)Lcom/android/tools/r8/u/b/m1; 2 3040 orig 264 88 29 255 89 0 0 0 0 144 108 240 39 0 0 0 0 232 1 0 0 0 0 0 0 0 0 0 0 0 0 0 0 0 0 0 0 0 0 0 0 0 0 0 0 0 0 0 0 0 0 0 0 0 0 0 0 0 0 0 0 0 0 0 0 0 0 0 0 0 0 0 0 0 0 0 0 0 0 0 0 77 68 79 32 101 120 116 114 97 32 100 97 116 97 32 108 111 99 107 0 0 0 0 0 0 0 0 0 0 0 0 0 0 0 0 0 0 0 0 0 0 0 0 0 0 0 0 0 0 0 0 0 0 0 0 0 0 0 0 0 0 0 0 0 0 0 0 0 0 0 0 0 0 0 0 0 0 0 0 0 0 0 0 0 0 0 0 0 0 0 0 0 0 0 0 0 0 0 0 0 0 0 0 0 0 0 0 0 0 0 0 0 0 0 0 0 0 0 0 0 0 0 0 0 0 0 0 0 0 0 0 0 0 0 0 0 0 2 0 0 1 79 0 0 1 0 0 0 0 0 0 0 0 0 0 0 2 0 0 0 0 0 3 0 2 0 0 0 128 0 0 0 255 255 255 255 2 0 2 0 0 0 0 0 data 16 0x20002 0x9e0 0x120005 0x0 0x91c1d10 0x9e0 0x0 0x0 0x180002 0x9e0 0x220005 0x0 0xabb78a0 0x9df 0x0 0x0 oops 2